2022-07-17 12:19:18 INFO  Utils - [TestNG] Running:
  C:\Users\Swarali Narvekar\eclipse-workspace\MasterFramework-master\MasterFramework-master\MasterFramework\testng.xml

2022-07-17 12:19:19 INFO  SetUp - Test Case_VerifyCRMLogin_Successfully Started
2022-07-17 12:19:19 INFO  SetUp - Test Case_VerifyCRMLogin_get Skipped as its Runmode is 'NO' 
2022-07-17 12:19:20 INFO  SetUp - Test Case_NTBBankassuranceJordan_Successfully Started
2022-07-17 12:19:20 INFO  SetUp - Browser = Chrome
2022-07-17 12:19:32 INFO  WebDriverManager - Using chromedriver 103.0.5060.53 (resolved driver for Chrome 103)
2022-07-17 12:19:32 INFO  WebDriverManager - Exporting webdriver.chrome.driver as C:\Users\Swarali Narvekar\.cache\selenium\chromedriver\win32\103.0.5060.53\chromedriver.exe
2022-07-17 12:20:16 INFO  SetUp - Chrome Browser Launched..
2022-07-17 12:21:01 ERROR SetUp - NTBBankassuranceJordan Get Failed due to 
unknown error: net::ERR_CONNECTION_TIMED_OUT
  (Session info: chrome=103.0.5060.114)
Build info: version: '4.1.0', revision: '87802e897b'
System info: host: 'SWARALIN', ip: '192.168.1.16', os.name: 'Windows 11', os.arch: 'amd64', os.version: '10.0', java.version: '17.0.3'
Driver info: org.openqa.selenium.chrome.ChromeDriver
Command: [7ba1c989bcc1237206459f872fd594fc, get {url=https://arabretail.crmnext.com/g7/app/login/login}]
Capabilities {acceptInsecureCerts: false, browserName: chrome, browserVersion: 103.0.5060.114, chrome: {chromedriverVersion: 103.0.5060.53 (a1711811edd7..., userDataDir: C:\Users\SWARAL~1\AppData\L...}, goog:chromeOptions: {debuggerAddress: localhost:59581}, javascriptEnabled: true, networkConnectionEnabled: false, pageLoadStrategy: normal, platform: WINDOWS, platformName: WINDOWS, proxy: Proxy(), se:cdp: ws://localhost:59581/devtoo..., se:cdpVersion: 103.0.5060.114, setWindowRect: true, strictFileInteractability: false, timeouts: {implicit: 0, pageLoad: 300000, script: 30000}, unhandledPromptBehavior: dismiss and notify, webauthn:extension:credBlob: true, webauthn:extension:largeBlob: true, webauthn:virtualAuthenticators: true}
Session ID: 7ba1c989bcc1237206459f872fd594fc
2022-07-17 12:21:04 INFO  ScreenShot - ScreenShot captured NTBBankassuranceJordan || Status :Fail
2022-07-17 12:21:04 INFO  CommonMethods - Row num for TestScenario = NTBBankassuranceJordan is = 2
2022-07-17 12:21:05 INFO  ExcelOperation - Write to excel with : Row=2 | Cell =3 | Data =Fail
