2022-07-24 17:08:09 INFO  Utils - [TestNG] Running:
  C:\Users\Swarali Narvekar\eclipse-workspace\MasterFramework-master\MasterFramework-master\MasterFramework\testng.xml

2022-07-24 17:08:10 INFO  SetUp - Test Case_VerifyCRMLogin_Successfully Started
2022-07-24 17:08:12 INFO  SetUp - Test Case_VerifyCRMLogin_get Skipped as its Runmode is 'NO' 
2022-07-24 17:08:13 INFO  SetUp - Test Case_NTBBankassuranceJordan_Successfully Started
2022-07-24 17:08:13 INFO  SetUp - Browser = Chrome
2022-07-24 17:08:25 INFO  WebDriverManager - Using chromedriver 103.0.5060.134 (resolved driver for Chrome 103)
2022-07-24 17:08:25 INFO  WebDriverManager - Exporting webdriver.chrome.driver as C:\Users\Swarali Narvekar\.cache\selenium\chromedriver\win32\103.0.5060.134\chromedriver.exe
2022-07-24 17:08:37 INFO  SetUp - Chrome Browser Launched..
2022-07-24 17:08:40 INFO  SetUp - URL : https://arabretail.crmnext.com/g7/app/login/login
2022-07-24 17:08:41 INFO  ScreenShot - ScreenShot captured LoginPage || Status :Pass
2022-07-24 17:08:43 INFO  CommonMethods - Data Sucessfully entered on User Name = BM
2022-07-24 17:08:44 INFO  CommonMethods - Data Sucessfully entered on Password = acid_qa
2022-07-24 17:11:38 INFO  Utils - [TestNG] Running:
  C:\Users\Swarali Narvekar\eclipse-workspace\MasterFramework-master\MasterFramework-master\MasterFramework\testng.xml

2022-07-24 17:11:38 INFO  SetUp - Test Case_VerifyCRMLogin_Successfully Started
2022-07-24 17:11:39 INFO  SetUp - Test Case_VerifyCRMLogin_get Skipped as its Runmode is 'NO' 
2022-07-24 17:11:40 INFO  SetUp - Test Case_NTBBankassuranceJordan_Successfully Started
2022-07-24 17:11:40 INFO  SetUp - Browser = Chrome
2022-07-24 17:11:40 INFO  WebDriverManager - Using chromedriver 103.0.5060.134 (resolved driver for Chrome 103)
2022-07-24 17:11:40 INFO  WebDriverManager - Exporting webdriver.chrome.driver as C:\Users\Swarali Narvekar\.cache\selenium\chromedriver\win32\103.0.5060.134\chromedriver.exe
2022-07-24 17:11:44 INFO  SetUp - Chrome Browser Launched..
2022-07-24 17:11:47 INFO  SetUp - URL : https://arabretail.crmnext.com/g7/app/login/login
2022-07-24 17:11:48 INFO  ScreenShot - ScreenShot captured LoginPage || Status :Pass
2022-07-24 17:11:49 INFO  CommonMethods - Data Sucessfully entered on User Name = BM
2022-07-24 17:11:51 INFO  CommonMethods - Data Sucessfully entered on Password = acid_qa
2022-07-24 17:13:48 INFO  CommonMethods - Arabi Protect - Critical Illness 12 Diseases : Data Sucessfully Selected from dropdown 
2022-07-24 17:13:50 INFO  CommonMethods - Data Sucessfully entered on  = 90999999333
2022-07-24 17:13:52 INFO  CommonMethods - Data Sucessfully entered on  = 123
2022-07-24 17:13:53 INFO  CommonMethods - MRS. : Data Sucessfully Selected from dropdown 
2022-07-24 17:13:55 INFO  CommonMethods - Data Sucessfully entered on Full Name = Iga
2022-07-24 17:13:56 INFO  CommonMethods - Hot : Data Sucessfully Selected from dropdown 
2022-07-24 17:13:58 INFO  CommonMethods - Social Media : Data Sucessfully Selected from dropdown 
2022-07-24 17:13:59 INFO  CommonMethods - Data Sucessfully entered on  = 456
2022-07-24 17:14:01 INFO  CommonMethods - Data Sucessfully entered on  = 789
2022-07-24 17:14:03 INFO  CommonMethods - Data Sucessfully entered on  = Loving Automation
2022-07-24 17:14:05 INFO  CommonMethods - Data Sucessfully entered on  = Ajloun
2022-07-24 17:14:08 INFO  CommonMethods - Data Sucessfully entered on  = Ajloun
2022-07-24 17:14:11 INFO  CommonMethods - Data Sucessfully entered on  = Ajloun
2022-07-24 17:15:37 INFO  SetUp - Test Case_NTBBankassuranceJordan_Successfully Passed
2022-07-24 17:15:37 INFO  CommonMethods - Row num for TestScenario = NTBBankassuranceJordan is = 2
2022-07-24 17:15:39 INFO  ExcelOperation - Write to excel with : Row=2 | Cell =3 | Data =Pass
2022-07-24 23:39:00 INFO  Utils - [TestNG] Running:
  C:\Users\Swarali Narvekar\eclipse-workspace\MasterFramework-master\MasterFramework-master\MasterFramework\testng.xml

2022-07-24 23:39:00 INFO  SetUp - Test Case_VerifyCRMLogin_Successfully Started
2022-07-24 23:39:02 INFO  SetUp - Test Case_VerifyCRMLogin_get Skipped as its Runmode is 'NO' 
2022-07-24 23:39:02 INFO  SetUp - Test Case_NTBBankassuranceJordan_Successfully Started
2022-07-24 23:39:03 INFO  SetUp - Browser = Chrome
2022-07-24 23:39:05 INFO  WebDriverManager - Using chromedriver 103.0.5060.134 (resolved driver for Chrome 103)
2022-07-24 23:39:05 INFO  WebDriverManager - Exporting webdriver.chrome.driver as C:\Users\Swarali Narvekar\.cache\selenium\chromedriver\win32\103.0.5060.134\chromedriver.exe
2022-07-24 23:39:15 INFO  SetUp - Chrome Browser Launched..
2022-07-24 23:39:18 INFO  SetUp - URL : https://arabretail.crmnext.com/g7/app/login/login
2022-07-24 23:39:19 INFO  ScreenShot - ScreenShot captured LoginPage || Status :Pass
2022-07-24 23:39:20 INFO  CommonMethods - Data Sucessfully entered on User Name = BM
2022-07-24 23:39:22 INFO  CommonMethods - Data Sucessfully entered on Password = acid_qa
2022-07-24 23:40:00 INFO  CommonMethods - Arabi Protect - Critical Illness 12 Diseases : Data Sucessfully Selected from dropdown 
2022-07-24 23:40:02 INFO  CommonMethods - Data Sucessfully entered on  = 90999999333
2022-07-24 23:40:03 INFO  CommonMethods - Data Sucessfully entered on  = 123
2022-07-24 23:40:05 INFO  CommonMethods - MRS. : Data Sucessfully Selected from dropdown 
2022-07-24 23:40:06 INFO  CommonMethods - Data Sucessfully entered on Full Name = Iga
2022-07-24 23:40:07 INFO  CommonMethods - Hot : Data Sucessfully Selected from dropdown 
2022-07-24 23:40:09 INFO  CommonMethods - Social Media : Data Sucessfully Selected from dropdown 
2022-07-24 23:40:10 INFO  CommonMethods - Data Sucessfully entered on  = 456
2022-07-24 23:40:11 INFO  CommonMethods - Data Sucessfully entered on  = 789
2022-07-24 23:40:13 INFO  CommonMethods - Data Sucessfully entered on  = Loving Automation
2022-07-24 23:40:14 INFO  CommonMethods - Data Sucessfully entered on  = Ajloun
2022-07-24 23:40:16 INFO  CommonMethods - Data Sucessfully entered on  = Ajloun
2022-07-24 23:40:18 INFO  CommonMethods - Data Sucessfully entered on  = Ajloun
2022-07-24 23:40:21 ERROR SetUp - NTBBankassuranceJordan Get Failed due to 
no such element: Unable to locate element: {"method":"xpath","selector":"//img[@alt='Lead Owner']"}
  (Session info: chrome=103.0.5060.134)
For documentation on this error, please visit: https://selenium.dev/exceptions/#no_such_element
Build info: version: '4.1.0', revision: '87802e897b'
System info: host: 'SWARALIN', ip: '192.168.1.16', os.name: 'Windows 11', os.arch: 'amd64', os.version: '10.0', java.version: '17.0.3'
Driver info: org.openqa.selenium.chrome.ChromeDriver
Command: [d1f8c3a528fc62ae094c1ced1ff1f9e5, findElement {using=xpath, value=//img[@alt='Lead Owner']}]
Capabilities {acceptInsecureCerts: true, browserName: chrome, browserVersion: 103.0.5060.134, chrome: {chromedriverVersion: 103.0.5060.134 (8ec6fce403b..., userDataDir: C:\Users\SWARAL~1\AppData\L...}, goog:chromeOptions: {debuggerAddress: localhost:59453}, javascriptEnabled: true, networkConnectionEnabled: false, pageLoadStrategy: normal, platform: WINDOWS, platformName: WINDOWS, proxy: Proxy(), se:cdp: ws://localhost:59453/devtoo..., se:cdpVersion: 103.0.5060.134, setWindowRect: true, strictFileInteractability: false, timeouts: {implicit: 0, pageLoad: 300000, script: 30000}, unhandledPromptBehavior: dismiss and notify, webauthn:extension:credBlob: true, webauthn:extension:largeBlob: true, webauthn:virtualAuthenticators: true}
Session ID: d1f8c3a528fc62ae094c1ced1ff1f9e5
2022-07-24 23:40:22 INFO  ScreenShot - ScreenShot captured NTBBankassuranceJordan || Status :Fail
2022-07-24 23:40:22 INFO  CommonMethods - Row num for TestScenario = NTBBankassuranceJordan is = 2
2022-07-24 23:40:23 INFO  ExcelOperation - Write to excel with : Row=2 | Cell =3 | Data =Fail
2022-07-24 23:42:36 INFO  Utils - [TestNG] Running:
  C:\Users\Swarali Narvekar\eclipse-workspace\MasterFramework-master\MasterFramework-master\MasterFramework\testng.xml

2022-07-24 23:42:37 INFO  SetUp - Test Case_VerifyCRMLogin_Successfully Started
2022-07-24 23:42:38 INFO  SetUp - Test Case_VerifyCRMLogin_get Skipped as its Runmode is 'NO' 
2022-07-24 23:42:38 INFO  SetUp - Test Case_NTBBankassuranceJordan_Successfully Started
2022-07-24 23:42:39 INFO  SetUp - Browser = Chrome
2022-07-24 23:42:39 INFO  WebDriverManager - Using chromedriver 103.0.5060.134 (resolved driver for Chrome 103)
2022-07-24 23:42:39 INFO  WebDriverManager - Exporting webdriver.chrome.driver as C:\Users\Swarali Narvekar\.cache\selenium\chromedriver\win32\103.0.5060.134\chromedriver.exe
2022-07-24 23:42:45 INFO  SetUp - Chrome Browser Launched..
2022-07-24 23:42:48 INFO  SetUp - URL : https://arabretail.crmnext.com/g7/app/login/login
2022-07-24 23:42:49 INFO  ScreenShot - ScreenShot captured LoginPage || Status :Pass
2022-07-24 23:42:50 INFO  CommonMethods - Data Sucessfully entered on User Name = BM
2022-07-24 23:42:51 INFO  CommonMethods - Data Sucessfully entered on Password = acid_qa
2022-07-24 23:43:25 INFO  CommonMethods - Arabi Protect - Critical Illness 12 Diseases : Data Sucessfully Selected from dropdown 
2022-07-24 23:43:27 INFO  CommonMethods - Data Sucessfully entered on  = 969999333
2022-07-24 23:43:28 INFO  CommonMethods - Data Sucessfully entered on  = 123
2022-07-24 23:43:29 INFO  CommonMethods - MRS. : Data Sucessfully Selected from dropdown 
2022-07-24 23:43:31 INFO  CommonMethods - Data Sucessfully entered on Full Name = Iga
2022-07-24 23:43:32 INFO  CommonMethods - Hot : Data Sucessfully Selected from dropdown 
2022-07-24 23:43:33 INFO  CommonMethods - Social Media : Data Sucessfully Selected from dropdown 
2022-07-24 23:43:35 INFO  CommonMethods - Data Sucessfully entered on  = 456
2022-07-24 23:43:36 INFO  CommonMethods - Data Sucessfully entered on  = 789
2022-07-24 23:43:38 INFO  CommonMethods - Data Sucessfully entered on  = Loving Automation
2022-07-24 23:43:39 INFO  CommonMethods - Data Sucessfully entered on  = Ajloun
2022-07-24 23:43:41 INFO  CommonMethods - Data Sucessfully entered on  = Ajloun
2022-07-24 23:43:43 INFO  CommonMethods - Data Sucessfully entered on  = Ajloun
2022-07-24 23:43:46 ERROR SetUp - NTBBankassuranceJordan Get Failed due to 
no such element: Unable to locate element: {"method":"xpath","selector":"//img[@alt='Lead Owner']"}
  (Session info: chrome=103.0.5060.134)
For documentation on this error, please visit: https://selenium.dev/exceptions/#no_such_element
Build info: version: '4.1.0', revision: '87802e897b'
System info: host: 'SWARALIN', ip: '192.168.1.16', os.name: 'Windows 11', os.arch: 'amd64', os.version: '10.0', java.version: '17.0.3'
Driver info: org.openqa.selenium.chrome.ChromeDriver
Command: [a2b8f213ae4a3a86b4dcb8a3da2b051c, findElement {using=xpath, value=//img[@alt='Lead Owner']}]
Capabilities {acceptInsecureCerts: true, browserName: chrome, browserVersion: 103.0.5060.134, chrome: {chromedriverVersion: 103.0.5060.134 (8ec6fce403b..., userDataDir: C:\Users\SWARAL~1\AppData\L...}, goog:chromeOptions: {debuggerAddress: localhost:59630}, javascriptEnabled: true, networkConnectionEnabled: false, pageLoadStrategy: normal, platform: WINDOWS, platformName: WINDOWS, proxy: Proxy(), se:cdp: ws://localhost:59630/devtoo..., se:cdpVersion: 103.0.5060.134, setWindowRect: true, strictFileInteractability: false, timeouts: {implicit: 0, pageLoad: 300000, script: 30000}, unhandledPromptBehavior: dismiss and notify, webauthn:extension:credBlob: true, webauthn:extension:largeBlob: true, webauthn:virtualAuthenticators: true}
Session ID: a2b8f213ae4a3a86b4dcb8a3da2b051c
2022-07-24 23:43:46 INFO  ScreenShot - ScreenShot captured NTBBankassuranceJordan || Status :Fail
2022-07-24 23:43:46 INFO  CommonMethods - Row num for TestScenario = NTBBankassuranceJordan is = 2
2022-07-24 23:43:47 INFO  ExcelOperation - Write to excel with : Row=2 | Cell =3 | Data =Fail
2022-07-24 23:47:04 INFO  Utils - [TestNG] Running:
  C:\Users\Swarali Narvekar\eclipse-workspace\MasterFramework-master\MasterFramework-master\MasterFramework\testng.xml

2022-07-24 23:47:04 INFO  SetUp - Test Case_VerifyCRMLogin_Successfully Started
2022-07-24 23:47:06 INFO  SetUp - Test Case_VerifyCRMLogin_get Skipped as its Runmode is 'NO' 
2022-07-24 23:47:06 INFO  SetUp - Test Case_NTBBankassuranceJordan_Successfully Started
2022-07-24 23:47:07 INFO  SetUp - Browser = Chrome
2022-07-24 23:47:07 INFO  WebDriverManager - Using chromedriver 103.0.5060.134 (resolved driver for Chrome 103)
2022-07-24 23:47:07 INFO  WebDriverManager - Exporting webdriver.chrome.driver as C:\Users\Swarali Narvekar\.cache\selenium\chromedriver\win32\103.0.5060.134\chromedriver.exe
2022-07-24 23:47:14 INFO  SetUp - Chrome Browser Launched..
2022-07-24 23:47:18 INFO  SetUp - URL : https://arabretail.crmnext.com/g7/app/login/login
2022-07-24 23:47:28 INFO  ScreenShot - ScreenShot captured LoginPage || Status :Pass
2022-07-24 23:47:29 INFO  CommonMethods - Data Sucessfully entered on User Name = BM
2022-07-24 23:47:31 INFO  CommonMethods - Data Sucessfully entered on Password = acid_qa
2022-07-24 23:48:08 INFO  CommonMethods - Arabi Protect - Critical Illness 12 Diseases : Data Sucessfully Selected from dropdown 
2022-07-24 23:48:10 INFO  CommonMethods - Data Sucessfully entered on  = 960999333
2022-07-24 23:48:11 INFO  CommonMethods - Data Sucessfully entered on  = 123
2022-07-24 23:48:13 INFO  CommonMethods - MRS. : Data Sucessfully Selected from dropdown 
2022-07-24 23:48:14 INFO  CommonMethods - Data Sucessfully entered on Full Name = Iga
2022-07-24 23:48:15 INFO  CommonMethods - Hot : Data Sucessfully Selected from dropdown 
2022-07-24 23:48:17 INFO  CommonMethods - Social Media : Data Sucessfully Selected from dropdown 
2022-07-24 23:48:18 INFO  CommonMethods - Data Sucessfully entered on  = 450
2022-07-24 23:48:19 INFO  CommonMethods - Data Sucessfully entered on  = 789
2022-07-24 23:48:21 INFO  CommonMethods - Data Sucessfully entered on  = Loving Automation
2022-07-24 23:48:22 INFO  CommonMethods - Data Sucessfully entered on  = Ajloun
2022-07-24 23:48:24 INFO  CommonMethods - Data Sucessfully entered on  = Ajloun
2022-07-24 23:48:26 INFO  CommonMethods - Data Sucessfully entered on  = Ajloun
2022-07-24 23:48:32 INFO  SetUp - Test Case_NTBBankassuranceJordan_Successfully Passed
2022-07-24 23:48:32 INFO  CommonMethods - Row num for TestScenario = NTBBankassuranceJordan is = 2
2022-07-24 23:48:33 INFO  ExcelOperation - Write to excel with : Row=2 | Cell =3 | Data =Pass
2022-07-24 23:55:06 INFO  Utils - [TestNG] Running:
  C:\Users\Swarali Narvekar\eclipse-workspace\MasterFramework-master\MasterFramework-master\MasterFramework\testng.xml

2022-07-24 23:55:06 INFO  SetUp - Test Case_VerifyCRMLogin_Successfully Started
2022-07-24 23:55:07 INFO  SetUp - Test Case_VerifyCRMLogin_get Skipped as its Runmode is 'NO' 
2022-07-24 23:55:08 INFO  SetUp - Test Case_NTBBankassuranceJordan_Successfully Started
2022-07-24 23:55:08 INFO  SetUp - Browser = Chrome
2022-07-24 23:55:08 INFO  WebDriverManager - Using chromedriver 103.0.5060.134 (resolved driver for Chrome 103)
2022-07-24 23:55:08 INFO  WebDriverManager - Exporting webdriver.chrome.driver as C:\Users\Swarali Narvekar\.cache\selenium\chromedriver\win32\103.0.5060.134\chromedriver.exe
2022-07-24 23:55:15 INFO  SetUp - Chrome Browser Launched..
2022-07-24 23:55:17 INFO  SetUp - URL : https://arabretail.crmnext.com/g7/app/login/login
2022-07-24 23:55:27 INFO  ScreenShot - ScreenShot captured LoginPage || Status :Pass
2022-07-24 23:55:28 INFO  CommonMethods - Data Sucessfully entered on User Name = BM
2022-07-24 23:55:29 INFO  CommonMethods - Data Sucessfully entered on Password = acid_qa
2022-07-24 23:56:09 INFO  CommonMethods - Arabi Protect - Critical Illness 12 Diseases : Data Sucessfully Selected from dropdown 
2022-07-24 23:56:11 INFO  CommonMethods - Data Sucessfully entered on  = 9693033
2022-07-24 23:56:12 INFO  CommonMethods - Data Sucessfully entered on  = 123
2022-07-24 23:56:14 INFO  CommonMethods - MRS. : Data Sucessfully Selected from dropdown 
2022-07-24 23:56:15 INFO  CommonMethods - Data Sucessfully entered on Full Name = Iga
2022-07-24 23:56:16 INFO  CommonMethods - Hot : Data Sucessfully Selected from dropdown 
2022-07-24 23:56:18 INFO  CommonMethods - Social Media : Data Sucessfully Selected from dropdown 
2022-07-24 23:56:19 INFO  CommonMethods - Data Sucessfully entered on  = 450
2022-07-24 23:56:21 INFO  CommonMethods - Data Sucessfully entered on  = 789
2022-07-24 23:56:22 INFO  CommonMethods - Data Sucessfully entered on  = Loving Automation
2022-07-24 23:56:24 INFO  CommonMethods - Data Sucessfully entered on  = Ajloun
2022-07-24 23:56:26 INFO  CommonMethods - Data Sucessfully entered on  = Ajloun
2022-07-24 23:56:28 INFO  CommonMethods - Data Sucessfully entered on  = Ajloun
2022-07-24 23:56:36 INFO  SetUp - Test Case_NTBBankassuranceJordan_Successfully Passed
2022-07-24 23:56:36 INFO  CommonMethods - Row num for TestScenario = NTBBankassuranceJordan is = 2
2022-07-24 23:56:37 INFO  ExcelOperation - Write to excel with : Row=2 | Cell =3 | Data =Pass
2022-07-24 23:57:52 INFO  Utils - [TestNG] Running:
  C:\Users\Swarali Narvekar\eclipse-workspace\MasterFramework-master\MasterFramework-master\MasterFramework\testng.xml

2022-07-24 23:57:52 INFO  SetUp - Test Case_VerifyCRMLogin_Successfully Started
2022-07-24 23:57:53 INFO  SetUp - Test Case_VerifyCRMLogin_get Skipped as its Runmode is 'NO' 
2022-07-24 23:57:53 INFO  SetUp - Test Case_NTBBankassuranceJordan_Successfully Started
2022-07-24 23:57:53 INFO  SetUp - Browser = Chrome
2022-07-24 23:57:54 INFO  WebDriverManager - Using chromedriver 103.0.5060.134 (resolved driver for Chrome 103)
2022-07-24 23:57:54 INFO  WebDriverManager - Exporting webdriver.chrome.driver as C:\Users\Swarali Narvekar\.cache\selenium\chromedriver\win32\103.0.5060.134\chromedriver.exe
2022-07-24 23:58:00 INFO  SetUp - Chrome Browser Launched..
2022-07-24 23:58:02 INFO  SetUp - URL : https://arabretail.crmnext.com/g7/app/login/login
2022-07-24 23:58:12 INFO  ScreenShot - ScreenShot captured LoginPage || Status :Pass
2022-07-24 23:58:13 INFO  CommonMethods - Data Sucessfully entered on User Name = BM
2022-07-24 23:58:15 INFO  CommonMethods - Data Sucessfully entered on Password = acid_qa
2022-07-24 23:58:54 INFO  CommonMethods - Arabi Protect - Critical Illness 12 Diseases : Data Sucessfully Selected from dropdown 
2022-07-24 23:58:55 INFO  CommonMethods - Data Sucessfully entered on  = 969306633
2022-07-24 23:58:57 INFO  CommonMethods - Data Sucessfully entered on  = 123
2022-07-24 23:58:58 INFO  CommonMethods - MRS. : Data Sucessfully Selected from dropdown 
2022-07-24 23:58:59 INFO  CommonMethods - Data Sucessfully entered on Full Name = Iga
2022-07-24 23:59:01 INFO  CommonMethods - Hot : Data Sucessfully Selected from dropdown 
2022-07-24 23:59:02 INFO  CommonMethods - Social Media : Data Sucessfully Selected from dropdown 
2022-07-24 23:59:03 INFO  CommonMethods - Data Sucessfully entered on  = 450
2022-07-24 23:59:05 INFO  CommonMethods - Data Sucessfully entered on  = 789
2022-07-24 23:59:06 INFO  CommonMethods - Data Sucessfully entered on  = Loving Automation
2022-07-24 23:59:08 INFO  CommonMethods - Data Sucessfully entered on  = Ajloun
2022-07-24 23:59:10 INFO  CommonMethods - Data Sucessfully entered on  = Ajloun
2022-07-24 23:59:11 INFO  CommonMethods - Data Sucessfully entered on  = Ajloun
2022-07-24 23:59:21 INFO  SetUp - Test Case_NTBBankassuranceJordan_Successfully Passed
2022-07-24 23:59:22 INFO  CommonMethods - Row num for TestScenario = NTBBankassuranceJordan is = 2
2022-07-24 23:59:23 INFO  ExcelOperation - Write to excel with : Row=2 | Cell =3 | Data =Pass
