2022-07-27 16:15:40 INFO  Utils - [TestNG] Running:
  C:\Users\Swarali Narvekar\eclipse-workspace\MasterFramework-master\MasterFramework-master\MasterFramework\testng.xml

2022-07-27 16:15:40 INFO  SetUp - Test Case_VerifyCRMLogin_Successfully Started
2022-07-27 16:15:41 INFO  SetUp - Test Case_VerifyCRMLogin_get Skipped as its Runmode is 'NO' 
2022-07-27 16:15:42 INFO  SetUp - Test Case_NTBBankassuranceJordan_Successfully Started
2022-07-27 16:15:42 INFO  SetUp - Test Case_NTBBankassuranceJordan_get Skipped as its Runmode is 'NO' 
2022-07-27 16:15:42 INFO  SetUp - Test Case_NTBDeposits_Successfully Started
2022-07-27 16:15:43 INFO  SetUp - Test Case_NTBDeposits_get Skipped as its Runmode is 'NO' 
2022-07-27 16:15:43 INFO  SetUp - Test Case_NTBDeposits_Successfully Started
2022-07-27 16:15:44 INFO  SetUp - Test Case_NTBDeposits_get Skipped as its Runmode is 'NO' 
2022-07-27 16:20:36 INFO  Utils - [TestNG] Running:
  C:\Users\Swarali Narvekar\eclipse-workspace\MasterFramework-master\MasterFramework-master\MasterFramework\testng.xml

2022-07-27 16:20:36 INFO  SetUp - Test Case_VerifyCRMLogin_Successfully Started
2022-07-27 16:20:37 INFO  SetUp - Test Case_VerifyCRMLogin_get Skipped as its Runmode is 'NO' 
2022-07-27 16:20:38 INFO  SetUp - Test Case_NTBBankassuranceJordan_Successfully Started
2022-07-27 16:20:38 INFO  SetUp - Test Case_NTBBankassuranceJordan_get Skipped as its Runmode is 'NO' 
2022-07-27 16:20:38 INFO  SetUp - Test Case_NTBDeposits_Successfully Started
2022-07-27 16:20:38 INFO  SetUp - Test Case_NTBDeposits_get Skipped as its Runmode is 'NO' 
2022-07-27 16:20:38 INFO  SetUp - Test Case_NTBDeposits_Successfully Started
2022-07-27 16:20:39 INFO  SetUp - Test Case_NTBDeposits_get Skipped as its Runmode is 'NO' 
2022-07-27 16:20:39 INFO  SetUp - Test Case_NTBLeads_Successfully Started
2022-07-27 16:20:39 INFO  SetUp - Browser = Chrome
2022-07-27 16:20:51 INFO  WebDriverManager - Using chromedriver 103.0.5060.134 (resolved driver for Chrome 103)
2022-07-27 16:20:51 INFO  WebDriverManager - Exporting webdriver.chrome.driver as C:\Users\Swarali Narvekar\.cache\selenium\chromedriver\win32\103.0.5060.134\chromedriver.exe
2022-07-27 16:21:01 INFO  SetUp - Chrome Browser Launched..
2022-07-27 16:21:33 INFO  SetUp - URL : https://arabretail.crmnext.com/g7/app/login/login
2022-07-27 16:21:38 INFO  ScreenShot - ScreenShot captured LoginPage || Status :Pass
2022-07-27 16:21:40 INFO  CommonMethods - Data Sucessfully entered on User Name = BM
2022-07-27 16:21:42 INFO  CommonMethods - Data Sucessfully entered on Password = acid_qa
2022-07-27 16:24:17 INFO  CommonMethods - Black/FIFA : Data Sucessfully Selected from dropdown 
2022-07-27 16:24:19 INFO  CommonMethods - Data Sucessfully entered on  = 944461003193
2022-07-27 16:24:21 INFO  CommonMethods - Data Sucessfully entered on  = 223
2022-07-27 16:24:23 INFO  CommonMethods - Data Sucessfully entered on  = iga@crmnext.com
2022-07-27 16:24:24 INFO  CommonMethods - MRS. : Data Sucessfully Selected from dropdown 
2022-07-27 16:24:26 INFO  CommonMethods - Data Sucessfully entered on Full Name = Iga
2022-07-27 16:24:27 INFO  CommonMethods - Hot : Data Sucessfully Selected from dropdown 
2022-07-27 16:24:29 INFO  CommonMethods - Social Media : Data Sucessfully Selected from dropdown 
2022-07-27 16:24:30 INFO  CommonMethods - Data Sucessfully entered on  = 450
2022-07-27 16:24:32 INFO  CommonMethods - Data Sucessfully entered on  = Loving Automation
2022-07-27 16:24:34 INFO  CommonMethods - Secondary : Data Sucessfully Selected from dropdown 
2022-07-27 16:24:35 INFO  CommonMethods - Data Sucessfully entered on  = 1
2022-07-27 16:24:37 INFO  CommonMethods - Data Sucessfully entered on  = Ajloun
2022-07-27 16:24:39 INFO  CommonMethods - Data Sucessfully entered on  = Ajloun
2022-07-27 16:24:42 INFO  CommonMethods - Data Sucessfully entered on  = Ajloun
2022-07-27 16:25:46 INFO  CommonMethods - Data Sucessfully entered on DD/MM/YYYY = 26/07/2022
2022-07-27 16:25:51 INFO  CommonMethods - Data Sucessfully entered on __:__ __ = 11:11 AM
2022-07-27 16:26:35 INFO  Utils - [TestNG] Running:
  C:\Users\Swarali Narvekar\eclipse-workspace\MasterFramework-master\MasterFramework-master\MasterFramework\testng.xml

2022-07-27 16:26:35 INFO  SetUp - Test Case_VerifyCRMLogin_Successfully Started
2022-07-27 16:26:36 INFO  SetUp - Test Case_VerifyCRMLogin_get Skipped as its Runmode is 'NO' 
2022-07-27 16:26:37 INFO  SetUp - Test Case_NTBBankassuranceJordan_Successfully Started
2022-07-27 16:26:37 INFO  SetUp - Test Case_NTBBankassuranceJordan_get Skipped as its Runmode is 'NO' 
2022-07-27 16:26:37 INFO  SetUp - Test Case_NTBDeposits_Successfully Started
2022-07-27 16:26:37 INFO  SetUp - Test Case_NTBDeposits_get Skipped as its Runmode is 'NO' 
2022-07-27 16:26:38 INFO  SetUp - Test Case_NTBDeposits_Successfully Started
2022-07-27 16:26:38 INFO  SetUp - Test Case_NTBDeposits_get Skipped as its Runmode is 'NO' 
2022-07-27 16:26:38 INFO  SetUp - Test Case_NTBLeads_Successfully Started
2022-07-27 16:26:38 INFO  SetUp - Browser = Chrome
2022-07-27 16:26:39 INFO  WebDriverManager - Using chromedriver 103.0.5060.134 (resolved driver for Chrome 103)
2022-07-27 16:26:39 INFO  WebDriverManager - Exporting webdriver.chrome.driver as C:\Users\Swarali Narvekar\.cache\selenium\chromedriver\win32\103.0.5060.134\chromedriver.exe
2022-07-27 16:26:44 INFO  SetUp - Chrome Browser Launched..
2022-07-27 16:26:47 INFO  SetUp - URL : https://arabretail.crmnext.com/g7/app/login/login
2022-07-27 16:26:48 INFO  ScreenShot - ScreenShot captured LoginPage || Status :Pass
2022-07-27 16:26:49 INFO  CommonMethods - Data Sucessfully entered on User Name = BM
2022-07-27 16:26:51 INFO  CommonMethods - Data Sucessfully entered on Password = acid_qa
2022-07-27 16:27:25 INFO  CommonMethods - Black/FIFA : Data Sucessfully Selected from dropdown 
2022-07-27 16:27:26 INFO  CommonMethods - Data Sucessfully entered on  = 9443193
2022-07-27 16:27:28 INFO  CommonMethods - Data Sucessfully entered on  = 223
2022-07-27 16:27:30 INFO  CommonMethods - Data Sucessfully entered on  = iga@crmnext.com
2022-07-27 16:27:32 INFO  CommonMethods - MRS. : Data Sucessfully Selected from dropdown 
2022-07-27 16:27:33 INFO  CommonMethods - Data Sucessfully entered on Full Name = Iga
2022-07-27 16:27:35 INFO  CommonMethods - Hot : Data Sucessfully Selected from dropdown 
2022-07-27 16:27:36 INFO  CommonMethods - Social Media : Data Sucessfully Selected from dropdown 
2022-07-27 16:27:37 INFO  CommonMethods - Data Sucessfully entered on  = 450
2022-07-27 16:27:39 INFO  CommonMethods - Data Sucessfully entered on  = Loving Automation
2022-07-27 16:27:41 INFO  CommonMethods - Secondary : Data Sucessfully Selected from dropdown 
2022-07-27 16:27:42 INFO  CommonMethods - Data Sucessfully entered on  = 1
2022-07-27 16:27:44 INFO  CommonMethods - Data Sucessfully entered on  = Ajloun
2022-07-27 16:27:46 INFO  CommonMethods - Data Sucessfully entered on  = Ajloun
2022-07-27 16:27:48 INFO  CommonMethods - Data Sucessfully entered on  = Ajloun
2022-07-27 16:29:12 INFO  Utils - [TestNG] Running:
  C:\Users\Swarali Narvekar\eclipse-workspace\MasterFramework-master\MasterFramework-master\MasterFramework\testng.xml

2022-07-27 16:29:12 INFO  SetUp - Test Case_VerifyCRMLogin_Successfully Started
2022-07-27 16:29:13 INFO  SetUp - Test Case_VerifyCRMLogin_get Skipped as its Runmode is 'NO' 
2022-07-27 16:29:13 INFO  SetUp - Test Case_NTBBankassuranceJordan_Successfully Started
2022-07-27 16:29:14 INFO  SetUp - Test Case_NTBBankassuranceJordan_get Skipped as its Runmode is 'NO' 
2022-07-27 16:29:14 INFO  SetUp - Test Case_NTBDeposits_Successfully Started
2022-07-27 16:29:14 INFO  SetUp - Test Case_NTBDeposits_get Skipped as its Runmode is 'NO' 
2022-07-27 16:29:14 INFO  SetUp - Test Case_NTBDeposits_Successfully Started
2022-07-27 16:29:14 INFO  SetUp - Test Case_NTBDeposits_get Skipped as its Runmode is 'NO' 
2022-07-27 16:29:14 INFO  SetUp - Test Case_NTBLeads_Successfully Started
2022-07-27 16:29:15 INFO  SetUp - Browser = Chrome
2022-07-27 16:29:15 INFO  WebDriverManager - Using chromedriver 103.0.5060.134 (resolved driver for Chrome 103)
2022-07-27 16:29:15 INFO  WebDriverManager - Exporting webdriver.chrome.driver as C:\Users\Swarali Narvekar\.cache\selenium\chromedriver\win32\103.0.5060.134\chromedriver.exe
2022-07-27 16:29:21 INFO  SetUp - Chrome Browser Launched..
2022-07-27 16:29:25 INFO  SetUp - URL : https://arabretail.crmnext.com/g7/app/login/login
2022-07-27 16:29:25 INFO  ScreenShot - ScreenShot captured LoginPage || Status :Pass
2022-07-27 16:29:27 INFO  CommonMethods - Data Sucessfully entered on User Name = BM
2022-07-27 16:29:28 INFO  CommonMethods - Data Sucessfully entered on Password = acid_qa
2022-07-27 16:30:03 INFO  CommonMethods - Black/FIFA : Data Sucessfully Selected from dropdown 
2022-07-27 16:30:04 INFO  CommonMethods - Data Sucessfully entered on  = 9443193
2022-07-27 16:30:06 INFO  CommonMethods - Data Sucessfully entered on  = 223
2022-07-27 16:30:07 INFO  CommonMethods - MRS. : Data Sucessfully Selected from dropdown 
2022-07-27 16:30:09 INFO  CommonMethods - Data Sucessfully entered on Full Name = Iga
2022-07-27 16:30:10 INFO  CommonMethods - Hot : Data Sucessfully Selected from dropdown 
2022-07-27 16:30:12 INFO  CommonMethods - Social Media : Data Sucessfully Selected from dropdown 
2022-07-27 16:30:14 INFO  CommonMethods - Data Sucessfully entered on  = 450
2022-07-27 16:30:15 INFO  CommonMethods - Data Sucessfully entered on  = Loving Automation
2022-07-27 16:30:17 INFO  CommonMethods - Secondary : Data Sucessfully Selected from dropdown 
2022-07-27 16:30:18 INFO  CommonMethods - Data Sucessfully entered on  = 1
2022-07-27 16:30:20 INFO  CommonMethods - Data Sucessfully entered on  = Ajloun
2022-07-27 16:30:22 INFO  CommonMethods - Data Sucessfully entered on  = Ajloun
2022-07-27 16:30:24 INFO  CommonMethods - Data Sucessfully entered on  = Ajloun
2022-07-27 16:30:54 INFO  CommonMethods - Data Sucessfully entered on DD/MM/YYYY = 31/07/2022
2022-07-27 16:30:58 INFO  CommonMethods - Data Sucessfully entered on __:__ __ = 11:11 AM
2022-07-27 16:31:35 INFO  CommonMethods - Data Sucessfully entered on  = 1234567895
2022-07-27 16:31:37 ERROR CommonMethods - Not able to click on  Due to element click intercepted: Element <i class="icon icon-search" style="border: 4px solid yellow;"></i> is not clickable at point (1283, 593). Other element would receive the click: <div class="object-action-inner">...</div>
  (Session info: chrome=103.0.5060.134)
Build info: version: '4.1.0', revision: '87802e897b'
System info: host: 'SWARALIN', ip: '192.168.1.16', os.name: 'Windows 11', os.arch: 'amd64', os.version: '10.0', java.version: '17.0.3'
Driver info: org.openqa.selenium.chrome.ChromeDriver
Command: [23aac850c481ec0fbeebdc6427b79ce4, clickElement {id=e7e4fa3f-da0d-4ed5-b296-c9697e15bcb0}]
Capabilities {acceptInsecureCerts: true, browserName: chrome, browserVersion: 103.0.5060.134, chrome: {chromedriverVersion: 103.0.5060.134 (8ec6fce403b..., userDataDir: C:\Users\SWARAL~1\AppData\L...}, goog:chromeOptions: {debuggerAddress: localhost:52616}, javascriptEnabled: true, networkConnectionEnabled: false, pageLoadStrategy: normal, platform: WINDOWS, platformName: WINDOWS, proxy: Proxy(), se:cdp: ws://localhost:52616/devtoo..., se:cdpVersion: 103.0.5060.134, setWindowRect: true, strictFileInteractability: false, timeouts: {implicit: 0, pageLoad: 300000, script: 30000}, unhandledPromptBehavior: dismiss and notify, webauthn:extension:credBlob: true, webauthn:extension:largeBlob: true, webauthn:virtualAuthenticators: true}
Element: [[ChromeDriver: chrome on WINDOWS (23aac850c481ec0fbeebdc6427b79ce4)] -> xpath: (//i[contains(@class,'icon icon-search')])[7]]
Session ID: 23aac850c481ec0fbeebdc6427b79ce4
2022-07-27 16:32:50 ERROR SetUp - NTBLeads Get Failed due to 
Expected condition failed: waiting for visibility of Proxy element for: DefaultElementLocator 'By.xpath: //input[@data-autoid='Grid_SearchTextBox_ctrl']' (tried for 70 second(s) with 500 milliseconds interval)
2022-07-27 16:32:50 INFO  ScreenShot - ScreenShot captured NTBLeads || Status :Fail
2022-07-27 16:32:52 INFO  ExcelOperation - Write to excel with : Row=6 | Cell =3 | Data =Fail
2022-07-27 16:37:24 INFO  Utils - [TestNG] Running:
  C:\Users\Swarali Narvekar\eclipse-workspace\MasterFramework-master\MasterFramework-master\MasterFramework\testng.xml

2022-07-27 16:37:24 INFO  SetUp - Test Case_VerifyCRMLogin_Successfully Started
2022-07-27 16:37:25 INFO  SetUp - Test Case_VerifyCRMLogin_get Skipped as its Runmode is 'NO' 
2022-07-27 16:37:25 INFO  SetUp - Test Case_NTBBankassuranceJordan_Successfully Started
2022-07-27 16:37:26 INFO  SetUp - Test Case_NTBBankassuranceJordan_get Skipped as its Runmode is 'NO' 
2022-07-27 16:37:26 INFO  SetUp - Test Case_NTBDeposits_Successfully Started
2022-07-27 16:37:26 INFO  SetUp - Test Case_NTBDeposits_get Skipped as its Runmode is 'NO' 
2022-07-27 16:37:26 INFO  SetUp - Test Case_NTBDeposits_Successfully Started
2022-07-27 16:37:26 INFO  SetUp - Test Case_NTBDeposits_get Skipped as its Runmode is 'NO' 
2022-07-27 16:37:26 INFO  SetUp - Test Case_NTBLeads_Successfully Started
2022-07-27 16:37:27 INFO  SetUp - Browser = Chrome
2022-07-27 16:37:27 INFO  WebDriverManager - Using chromedriver 103.0.5060.134 (resolved driver for Chrome 103)
2022-07-27 16:37:27 INFO  WebDriverManager - Exporting webdriver.chrome.driver as C:\Users\Swarali Narvekar\.cache\selenium\chromedriver\win32\103.0.5060.134\chromedriver.exe
2022-07-27 16:37:33 INFO  SetUp - Chrome Browser Launched..
2022-07-27 16:37:37 INFO  SetUp - URL : https://arabretail.crmnext.com/g7/app/login/login
2022-07-27 16:37:38 INFO  ScreenShot - ScreenShot captured LoginPage || Status :Pass
2022-07-27 16:37:39 INFO  CommonMethods - Data Sucessfully entered on User Name = BM
2022-07-27 16:37:41 INFO  CommonMethods - Data Sucessfully entered on Password = acid_qa
2022-07-27 16:38:24 INFO  CommonMethods - Black/FIFA : Data Sucessfully Selected from dropdown 
2022-07-27 16:38:26 INFO  CommonMethods - Data Sucessfully entered on  = 944193
2022-07-27 16:38:28 INFO  CommonMethods - Data Sucessfully entered on  = 223
2022-07-27 16:38:29 INFO  CommonMethods - MRS. : Data Sucessfully Selected from dropdown 
2022-07-27 16:38:31 INFO  CommonMethods - Data Sucessfully entered on Full Name = Iga
2022-07-27 16:38:32 INFO  CommonMethods - Hot : Data Sucessfully Selected from dropdown 
2022-07-27 16:38:34 INFO  CommonMethods - Social Media : Data Sucessfully Selected from dropdown 
2022-07-27 16:38:35 INFO  CommonMethods - Data Sucessfully entered on  = 450
2022-07-27 16:38:37 INFO  CommonMethods - Data Sucessfully entered on  = Loving Automation
2022-07-27 16:38:39 INFO  CommonMethods - Secondary : Data Sucessfully Selected from dropdown 
2022-07-27 16:38:40 INFO  CommonMethods - Data Sucessfully entered on  = 1
2022-07-27 16:38:42 INFO  CommonMethods - Data Sucessfully entered on  = Ajloun
2022-07-27 16:38:44 INFO  CommonMethods - Data Sucessfully entered on  = Ajloun
2022-07-27 16:38:46 INFO  CommonMethods - Data Sucessfully entered on  = Ajloun
2022-07-27 16:39:12 INFO  CommonMethods - Data Sucessfully entered on DD/MM/YYYY = 31/07/2022
2022-07-27 16:39:17 INFO  CommonMethods - Data Sucessfully entered on __:__ __ = 11:11 AM
2022-07-27 16:39:36 INFO  CommonMethods - Data Sucessfully entered on  = 1234567895
2022-07-27 16:39:38 ERROR CommonMethods - Not able to click on  Due to element click intercepted: Element <i class="icon icon-search" style="border: 4px solid yellow;"></i> is not clickable at point (1283, 593). Other element would receive the click: <div class="object-action-inner">...</div>
  (Session info: chrome=103.0.5060.134)
Build info: version: '4.1.0', revision: '87802e897b'
System info: host: 'SWARALIN', ip: '192.168.1.16', os.name: 'Windows 11', os.arch: 'amd64', os.version: '10.0', java.version: '17.0.3'
Driver info: org.openqa.selenium.chrome.ChromeDriver
Command: [4617851cfcc36437033977563e6d64a3, clickElement {id=08eae276-b061-4409-b234-c03d41040ccf}]
Capabilities {acceptInsecureCerts: true, browserName: chrome, browserVersion: 103.0.5060.134, chrome: {chromedriverVersion: 103.0.5060.134 (8ec6fce403b..., userDataDir: C:\Users\SWARAL~1\AppData\L...}, goog:chromeOptions: {debuggerAddress: localhost:52834}, javascriptEnabled: true, networkConnectionEnabled: false, pageLoadStrategy: normal, platform: WINDOWS, platformName: WINDOWS, proxy: Proxy(), se:cdp: ws://localhost:52834/devtoo..., se:cdpVersion: 103.0.5060.134, setWindowRect: true, strictFileInteractability: false, timeouts: {implicit: 0, pageLoad: 300000, script: 30000}, unhandledPromptBehavior: dismiss and notify, webauthn:extension:credBlob: true, webauthn:extension:largeBlob: true, webauthn:virtualAuthenticators: true}
Element: [[ChromeDriver: chrome on WINDOWS (4617851cfcc36437033977563e6d64a3)] -> xpath: (//i[contains(@class,'icon icon-search')])[7]]
Session ID: 4617851cfcc36437033977563e6d64a3
2022-07-27 16:40:51 ERROR SetUp - NTBLeads Get Failed due to 
Expected condition failed: waiting for visibility of Proxy element for: DefaultElementLocator 'By.xpath: //input[@data-autoid='Grid_SearchTextBox_ctrl']' (tried for 70 second(s) with 500 milliseconds interval)
2022-07-27 16:40:52 INFO  ScreenShot - ScreenShot captured NTBLeads || Status :Fail
2022-07-27 16:40:53 INFO  ExcelOperation - Write to excel with : Row=6 | Cell =3 | Data =Fail
2022-07-27 16:41:26 INFO  Utils - [TestNG] Running:
  C:\Users\Swarali Narvekar\eclipse-workspace\MasterFramework-master\MasterFramework-master\MasterFramework\testng.xml

2022-07-27 16:41:26 INFO  SetUp - Test Case_VerifyCRMLogin_Successfully Started
2022-07-27 16:41:27 INFO  SetUp - Test Case_VerifyCRMLogin_get Skipped as its Runmode is 'NO' 
2022-07-27 16:41:27 INFO  SetUp - Test Case_NTBBankassuranceJordan_Successfully Started
2022-07-27 16:41:28 INFO  SetUp - Test Case_NTBBankassuranceJordan_get Skipped as its Runmode is 'NO' 
2022-07-27 16:41:28 INFO  SetUp - Test Case_NTBDeposits_Successfully Started
2022-07-27 16:41:28 INFO  SetUp - Test Case_NTBDeposits_get Skipped as its Runmode is 'NO' 
2022-07-27 16:41:28 INFO  SetUp - Test Case_NTBDeposits_Successfully Started
2022-07-27 16:41:28 INFO  SetUp - Test Case_NTBDeposits_get Skipped as its Runmode is 'NO' 
2022-07-27 16:41:28 INFO  SetUp - Test Case_NTBLeads_Successfully Started
2022-07-27 16:41:29 INFO  SetUp - Browser = Chrome
2022-07-27 16:41:29 INFO  WebDriverManager - Using chromedriver 103.0.5060.134 (resolved driver for Chrome 103)
2022-07-27 16:41:29 INFO  WebDriverManager - Exporting webdriver.chrome.driver as C:\Users\Swarali Narvekar\.cache\selenium\chromedriver\win32\103.0.5060.134\chromedriver.exe
2022-07-27 16:41:35 INFO  SetUp - Chrome Browser Launched..
2022-07-27 16:41:38 INFO  SetUp - URL : https://arabretail.crmnext.com/g7/app/login/login
2022-07-27 16:41:39 INFO  ScreenShot - ScreenShot captured LoginPage || Status :Pass
2022-07-27 16:41:40 INFO  CommonMethods - Data Sucessfully entered on User Name = BM
2022-07-27 16:41:42 INFO  CommonMethods - Data Sucessfully entered on Password = acid_qa
2022-07-27 16:42:29 INFO  CommonMethods - Black/FIFA : Data Sucessfully Selected from dropdown 
2022-07-27 16:42:30 INFO  CommonMethods - Data Sucessfully entered on  = 94412293
2022-07-27 16:42:32 INFO  CommonMethods - Data Sucessfully entered on  = 223
2022-07-27 16:42:34 INFO  CommonMethods - MRS. : Data Sucessfully Selected from dropdown 
2022-07-27 16:42:35 INFO  CommonMethods - Data Sucessfully entered on Full Name = Iga
2022-07-27 16:42:37 INFO  CommonMethods - Hot : Data Sucessfully Selected from dropdown 
2022-07-27 16:42:39 INFO  CommonMethods - Social Media : Data Sucessfully Selected from dropdown 
2022-07-27 16:42:40 INFO  CommonMethods - Data Sucessfully entered on  = 450
2022-07-27 16:42:42 INFO  CommonMethods - Data Sucessfully entered on  = Loving Automation
2022-07-27 16:42:44 INFO  CommonMethods - Secondary : Data Sucessfully Selected from dropdown 
2022-07-27 16:42:45 INFO  CommonMethods - Data Sucessfully entered on  = 1
2022-07-27 16:42:47 INFO  CommonMethods - Data Sucessfully entered on  = Ajloun
2022-07-27 16:42:49 INFO  CommonMethods - Data Sucessfully entered on  = Ajloun
2022-07-27 16:42:51 INFO  CommonMethods - Data Sucessfully entered on  = Ajloun
2022-07-27 16:43:17 INFO  CommonMethods - Data Sucessfully entered on DD/MM/YYYY = 31/07/2022
2022-07-27 16:43:21 INFO  CommonMethods - Data Sucessfully entered on __:__ __ = 11:11 AM
2022-07-27 16:43:46 INFO  CommonMethods - Data Sucessfully entered on  = 1234567895
2022-07-27 16:43:53 ERROR CommonMethods - Not able to click on  Due to element click intercepted: Element <i class="icon icon-search" style="border: 4px solid yellow;"></i> is not clickable at point (1283, 593). Other element would receive the click: <div class="object-action-inner">...</div>
  (Session info: chrome=103.0.5060.134)
Build info: version: '4.1.0', revision: '87802e897b'
System info: host: 'SWARALIN', ip: '192.168.1.16', os.name: 'Windows 11', os.arch: 'amd64', os.version: '10.0', java.version: '17.0.3'
Driver info: org.openqa.selenium.chrome.ChromeDriver
Command: [fdc1b58d62bef656bfe3db1052672fe9, clickElement {id=ff68d496-1491-45ad-8c97-194f4a2a58a3}]
Capabilities {acceptInsecureCerts: true, browserName: chrome, browserVersion: 103.0.5060.134, chrome: {chromedriverVersion: 103.0.5060.134 (8ec6fce403b..., userDataDir: C:\Users\SWARAL~1\AppData\L...}, goog:chromeOptions: {debuggerAddress: localhost:53011}, javascriptEnabled: true, networkConnectionEnabled: false, pageLoadStrategy: normal, platform: WINDOWS, platformName: WINDOWS, proxy: Proxy(), se:cdp: ws://localhost:53011/devtoo..., se:cdpVersion: 103.0.5060.134, setWindowRect: true, strictFileInteractability: false, timeouts: {implicit: 0, pageLoad: 300000, script: 30000}, unhandledPromptBehavior: dismiss and notify, webauthn:extension:credBlob: true, webauthn:extension:largeBlob: true, webauthn:virtualAuthenticators: true}
Element: [[ChromeDriver: chrome on WINDOWS (fdc1b58d62bef656bfe3db1052672fe9)] -> xpath: (//i[contains(@class,'icon icon-search')])[7]]
Session ID: fdc1b58d62bef656bfe3db1052672fe9
2022-07-27 16:44:47 INFO  CommonMethods - Data Sucessfully entered on  = 01672/277764/500
2022-07-27 16:45:38 INFO  Utils - [TestNG] Running:
  C:\Users\Swarali Narvekar\eclipse-workspace\MasterFramework-master\MasterFramework-master\MasterFramework\testng.xml

2022-07-27 16:45:38 INFO  SetUp - Test Case_VerifyCRMLogin_Successfully Started
2022-07-27 16:45:39 INFO  SetUp - Test Case_VerifyCRMLogin_get Skipped as its Runmode is 'NO' 
2022-07-27 16:45:39 INFO  SetUp - Test Case_NTBBankassuranceJordan_Successfully Started
2022-07-27 16:45:39 INFO  SetUp - Test Case_NTBBankassuranceJordan_get Skipped as its Runmode is 'NO' 
2022-07-27 16:45:39 INFO  SetUp - Test Case_NTBDeposits_Successfully Started
2022-07-27 16:45:40 INFO  SetUp - Test Case_NTBDeposits_get Skipped as its Runmode is 'NO' 
2022-07-27 16:45:40 INFO  SetUp - Test Case_NTBDeposits_Successfully Started
2022-07-27 16:45:40 INFO  SetUp - Test Case_NTBDeposits_get Skipped as its Runmode is 'NO' 
2022-07-27 16:45:40 INFO  SetUp - Test Case_NTBLeads_Successfully Started
2022-07-27 16:45:40 INFO  SetUp - Browser = Chrome
2022-07-27 16:45:41 INFO  WebDriverManager - Using chromedriver 103.0.5060.134 (resolved driver for Chrome 103)
2022-07-27 16:45:41 INFO  WebDriverManager - Exporting webdriver.chrome.driver as C:\Users\Swarali Narvekar\.cache\selenium\chromedriver\win32\103.0.5060.134\chromedriver.exe
2022-07-27 16:45:52 INFO  SetUp - Chrome Browser Launched..
2022-07-27 16:45:56 INFO  SetUp - URL : https://arabretail.crmnext.com/g7/app/login/login
2022-07-27 16:45:57 INFO  ScreenShot - ScreenShot captured LoginPage || Status :Pass
2022-07-27 16:45:58 INFO  CommonMethods - Data Sucessfully entered on User Name = BM
2022-07-27 16:46:00 ERROR SetUp - NTBLeads Get Failed due to 
Expected condition failed: waiting for visibility of Proxy element for: DefaultElementLocator 'By.xpath: (//i[contains(@class,'icon icon-arrow-right2')])[2]' (tried for 70 second(s) with 500 milliseconds interval)
2022-07-27 16:46:00 INFO  CommonMethods - Data Sucessfully entered on Password = acid_qa
2022-07-27 16:46:00 INFO  ScreenShot - ScreenShot captured NTBLeads || Status :Fail
2022-07-27 16:46:01 INFO  ExcelOperation - Write to excel with : Row=6 | Cell =3 | Data =Fail
2022-07-27 16:46:44 INFO  CommonMethods - Black/FIFA : Data Sucessfully Selected from dropdown 
2022-07-27 16:46:46 INFO  CommonMethods - Data Sucessfully entered on  = 94412293
2022-07-27 16:46:49 INFO  CommonMethods - Data Sucessfully entered on  = 223
2022-07-27 16:46:52 INFO  CommonMethods - MRS. : Data Sucessfully Selected from dropdown 
2022-07-27 16:46:54 INFO  CommonMethods - Data Sucessfully entered on Full Name = Iga
2022-07-27 16:46:56 INFO  CommonMethods - Hot : Data Sucessfully Selected from dropdown 
2022-07-27 16:46:58 INFO  CommonMethods - Social Media : Data Sucessfully Selected from dropdown 
2022-07-27 16:47:01 INFO  CommonMethods - Data Sucessfully entered on  = 450
2022-07-27 16:47:05 INFO  CommonMethods - Data Sucessfully entered on  = Loving Automation
2022-07-27 16:47:07 INFO  CommonMethods - Secondary : Data Sucessfully Selected from dropdown 
2022-07-27 16:47:10 INFO  CommonMethods - Data Sucessfully entered on  = 1
2022-07-27 16:47:13 INFO  CommonMethods - Data Sucessfully entered on  = Ajloun
2022-07-27 16:47:16 INFO  CommonMethods - Data Sucessfully entered on  = Ajloun
2022-07-27 16:47:19 INFO  CommonMethods - Data Sucessfully entered on  = Ajloun
2022-07-27 16:50:19 INFO  Utils - [TestNG] Running:
  C:\Users\Swarali Narvekar\eclipse-workspace\MasterFramework-master\MasterFramework-master\MasterFramework\testng.xml

2022-07-27 16:50:19 INFO  SetUp - Test Case_VerifyCRMLogin_Successfully Started
2022-07-27 16:50:20 INFO  SetUp - Test Case_VerifyCRMLogin_get Skipped as its Runmode is 'NO' 
2022-07-27 16:50:20 INFO  SetUp - Test Case_NTBBankassuranceJordan_Successfully Started
2022-07-27 16:50:21 INFO  SetUp - Test Case_NTBBankassuranceJordan_get Skipped as its Runmode is 'NO' 
2022-07-27 16:50:21 INFO  SetUp - Test Case_NTBDeposits_Successfully Started
2022-07-27 16:50:21 INFO  SetUp - Test Case_NTBDeposits_get Skipped as its Runmode is 'NO' 
2022-07-27 16:50:21 INFO  SetUp - Test Case_NTBDeposits_Successfully Started
2022-07-27 16:50:21 INFO  SetUp - Test Case_NTBDeposits_get Skipped as its Runmode is 'NO' 
2022-07-27 16:50:21 INFO  SetUp - Test Case_NTBLeads_Successfully Started
2022-07-27 16:50:22 INFO  SetUp - Browser = Chrome
2022-07-27 16:50:22 INFO  WebDriverManager - Using chromedriver 103.0.5060.134 (resolved driver for Chrome 103)
2022-07-27 16:50:22 INFO  WebDriverManager - Exporting webdriver.chrome.driver as C:\Users\Swarali Narvekar\.cache\selenium\chromedriver\win32\103.0.5060.134\chromedriver.exe
2022-07-27 16:50:28 INFO  SetUp - Chrome Browser Launched..
2022-07-27 16:50:30 INFO  SetUp - URL : https://arabretail.crmnext.com/g7/app/login/login
2022-07-27 16:50:31 INFO  ScreenShot - ScreenShot captured LoginPage || Status :Pass
2022-07-27 16:50:33 INFO  CommonMethods - Data Sucessfully entered on User Name = BM
2022-07-27 16:50:34 INFO  CommonMethods - Data Sucessfully entered on Password = acid_qa
2022-07-27 16:51:12 INFO  CommonMethods - Black/FIFA : Data Sucessfully Selected from dropdown 
2022-07-27 16:51:14 INFO  CommonMethods - Data Sucessfully entered on  = 9445512293
2022-07-27 16:51:16 INFO  CommonMethods - Data Sucessfully entered on  = 223
2022-07-27 16:51:17 INFO  CommonMethods - MRS. : Data Sucessfully Selected from dropdown 
2022-07-27 16:51:19 INFO  CommonMethods - Data Sucessfully entered on Full Name = Iga
2022-07-27 16:51:20 INFO  CommonMethods - Hot : Data Sucessfully Selected from dropdown 
2022-07-27 16:51:22 INFO  CommonMethods - Social Media : Data Sucessfully Selected from dropdown 
2022-07-27 16:51:23 INFO  CommonMethods - Data Sucessfully entered on  = 450
2022-07-27 16:51:25 INFO  CommonMethods - Data Sucessfully entered on  = Loving Automation
2022-07-27 16:51:27 INFO  CommonMethods - Secondary : Data Sucessfully Selected from dropdown 
2022-07-27 16:51:28 INFO  CommonMethods - Data Sucessfully entered on  = 1
2022-07-27 16:51:30 INFO  CommonMethods - Data Sucessfully entered on  = Ajloun
2022-07-27 16:51:32 INFO  CommonMethods - Data Sucessfully entered on  = Ajloun
2022-07-27 16:51:34 INFO  CommonMethods - Data Sucessfully entered on  = Ajloun
2022-07-27 16:52:15 INFO  CommonMethods - Data Sucessfully entered on DD/MM/YYYY = 31/07/2022
2022-07-27 16:52:19 INFO  CommonMethods - Data Sucessfully entered on __:__ __ = 11:11 AM
2022-07-27 16:52:37 INFO  CommonMethods - Data Sucessfully entered on  = 1234567895
2022-07-27 16:52:55 INFO  CommonMethods - Data Sucessfully entered on  = 01672/277764/500
2022-07-27 16:54:10 ERROR SetUp - NTBLeads Get Failed due to 
Expected condition failed: waiting for visibility of Proxy element for: DefaultElementLocator 'By.xpath: //div[@data-autoid='holdingnumber_0']' (tried for 70 second(s) with 500 milliseconds interval)
2022-07-27 16:54:10 INFO  ScreenShot - ScreenShot captured NTBLeads || Status :Fail
2022-07-27 16:56:37 INFO  Utils - [TestNG] Running:
  C:\Users\Swarali Narvekar\eclipse-workspace\MasterFramework-master\MasterFramework-master\MasterFramework\testng.xml

2022-07-27 16:56:37 INFO  SetUp - Test Case_VerifyCRMLogin_Successfully Started
2022-07-27 16:56:38 INFO  SetUp - Test Case_VerifyCRMLogin_get Skipped as its Runmode is 'NO' 
2022-07-27 16:56:38 INFO  SetUp - Test Case_NTBBankassuranceJordan_Successfully Started
2022-07-27 16:56:39 INFO  SetUp - Test Case_NTBBankassuranceJordan_get Skipped as its Runmode is 'NO' 
2022-07-27 16:56:39 INFO  SetUp - Test Case_NTBDeposits_Successfully Started
2022-07-27 16:56:39 INFO  SetUp - Test Case_NTBDeposits_get Skipped as its Runmode is 'NO' 
2022-07-27 16:56:39 INFO  SetUp - Test Case_NTBDeposits_Successfully Started
2022-07-27 16:56:40 INFO  SetUp - Test Case_NTBDeposits_get Skipped as its Runmode is 'NO' 
2022-07-27 16:56:40 INFO  SetUp - Test Case_NTBLeads_Successfully Started
2022-07-27 16:56:40 INFO  SetUp - Browser = Chrome
2022-07-27 16:56:40 INFO  WebDriverManager - Using chromedriver 103.0.5060.134 (resolved driver for Chrome 103)
2022-07-27 16:56:40 INFO  WebDriverManager - Exporting webdriver.chrome.driver as C:\Users\Swarali Narvekar\.cache\selenium\chromedriver\win32\103.0.5060.134\chromedriver.exe
2022-07-27 16:56:43 INFO  SetUp - Chrome Browser Launched..
2022-07-27 16:56:47 INFO  SetUp - URL : https://arabretail.crmnext.com/g7/app/login/login
2022-07-27 16:56:47 INFO  ScreenShot - ScreenShot captured LoginPage || Status :Pass
2022-07-27 16:56:49 INFO  CommonMethods - Data Sucessfully entered on User Name = BM
2022-07-27 16:56:50 INFO  CommonMethods - Data Sucessfully entered on Password = acid_qa
2022-07-27 16:57:24 INFO  CommonMethods - Black/FIFA : Data Sucessfully Selected from dropdown 
2022-07-27 16:57:26 INFO  CommonMethods - Data Sucessfully entered on  = 94512293
2022-07-27 16:57:27 INFO  CommonMethods - Data Sucessfully entered on  = 223
2022-07-27 16:57:29 INFO  CommonMethods - MRS. : Data Sucessfully Selected from dropdown 
2022-07-27 16:57:30 INFO  CommonMethods - Data Sucessfully entered on Full Name = Iga
2022-07-27 16:57:32 INFO  CommonMethods - Hot : Data Sucessfully Selected from dropdown 
2022-07-27 16:57:33 INFO  CommonMethods - Social Media : Data Sucessfully Selected from dropdown 
2022-07-27 16:57:35 INFO  CommonMethods - Data Sucessfully entered on  = 450
2022-07-27 16:57:37 INFO  CommonMethods - Data Sucessfully entered on  = Loving Automation
2022-07-27 16:57:38 INFO  CommonMethods - Secondary : Data Sucessfully Selected from dropdown 
2022-07-27 16:57:40 INFO  CommonMethods - Data Sucessfully entered on  = 1
2022-07-27 16:57:41 INFO  CommonMethods - Data Sucessfully entered on  = Ajloun
2022-07-27 16:57:44 INFO  CommonMethods - Data Sucessfully entered on  = Ajloun
2022-07-27 16:57:46 INFO  CommonMethods - Data Sucessfully entered on  = Ajloun
2022-07-27 16:58:11 INFO  CommonMethods - Data Sucessfully entered on DD/MM/YYYY = 31/07/2022
2022-07-27 16:58:16 INFO  CommonMethods - Data Sucessfully entered on __:__ __ = 11:11 AM
2022-07-27 16:58:51 INFO  CommonMethods - Data Sucessfully entered on  = 1234567895
2022-07-27 16:59:06 INFO  CommonMethods - Data Sucessfully entered on  = 01672/277764/500
2022-07-27 16:59:13 ERROR SetUp - NTBLeads Get Failed due to 
no such element: Unable to locate element: {"method":"xpath","selector":"//div[@data-autoid='holdingnumber_0']"}
  (Session info: chrome=103.0.5060.134)
For documentation on this error, please visit: https://selenium.dev/exceptions/#no_such_element
Build info: version: '4.1.0', revision: '87802e897b'
System info: host: 'SWARALIN', ip: '192.168.1.16', os.name: 'Windows 11', os.arch: 'amd64', os.version: '10.0', java.version: '17.0.3'
Driver info: org.openqa.selenium.chrome.ChromeDriver
Command: [045685f129cacf0108cdd285a0383235, findElement {using=xpath, value=//div[@data-autoid='holdingnumber_0']}]
Capabilities {acceptInsecureCerts: true, browserName: chrome, browserVersion: 103.0.5060.134, chrome: {chromedriverVersion: 103.0.5060.134 (8ec6fce403b..., userDataDir: C:\Users\SWARAL~1\AppData\L...}, goog:chromeOptions: {debuggerAddress: localhost:53698}, javascriptEnabled: true, networkConnectionEnabled: false, pageLoadStrategy: normal, platform: WINDOWS, platformName: WINDOWS, proxy: Proxy(), se:cdp: ws://localhost:53698/devtoo..., se:cdpVersion: 103.0.5060.134, setWindowRect: true, strictFileInteractability: false, timeouts: {implicit: 0, pageLoad: 300000, script: 30000}, unhandledPromptBehavior: dismiss and notify, webauthn:extension:credBlob: true, webauthn:extension:largeBlob: true, webauthn:virtualAuthenticators: true}
Session ID: 045685f129cacf0108cdd285a0383235
2022-07-27 16:59:13 INFO  ScreenShot - ScreenShot captured NTBLeads || Status :Fail
2022-07-27 17:01:59 INFO  Utils - [TestNG] Running:
  C:\Users\Swarali Narvekar\eclipse-workspace\MasterFramework-master\MasterFramework-master\MasterFramework\testng.xml

2022-07-27 17:01:59 INFO  SetUp - Test Case_VerifyCRMLogin_Successfully Started
2022-07-27 17:02:01 INFO  SetUp - Test Case_VerifyCRMLogin_get Skipped as its Runmode is 'NO' 
2022-07-27 17:02:01 INFO  SetUp - Test Case_NTBBankassuranceJordan_Successfully Started
2022-07-27 17:02:01 INFO  SetUp - Test Case_NTBBankassuranceJordan_get Skipped as its Runmode is 'NO' 
2022-07-27 17:02:01 INFO  SetUp - Test Case_NTBDeposits_Successfully Started
2022-07-27 17:02:02 INFO  SetUp - Test Case_NTBDeposits_get Skipped as its Runmode is 'NO' 
2022-07-27 17:02:02 INFO  SetUp - Test Case_NTBDeposits_Successfully Started
2022-07-27 17:02:02 INFO  SetUp - Test Case_NTBDeposits_get Skipped as its Runmode is 'NO' 
2022-07-27 17:02:02 INFO  SetUp - Test Case_NTBLeads_Successfully Started
2022-07-27 17:02:02 INFO  SetUp - Browser = Chrome
2022-07-27 17:02:03 INFO  WebDriverManager - Using chromedriver 103.0.5060.134 (resolved driver for Chrome 103)
2022-07-27 17:02:03 INFO  WebDriverManager - Exporting webdriver.chrome.driver as C:\Users\Swarali Narvekar\.cache\selenium\chromedriver\win32\103.0.5060.134\chromedriver.exe
2022-07-27 17:02:06 INFO  SetUp - Chrome Browser Launched..
2022-07-27 17:02:10 INFO  SetUp - URL : https://arabretail.crmnext.com/g7/app/login/login
2022-07-27 17:02:11 INFO  ScreenShot - ScreenShot captured LoginPage || Status :Pass
2022-07-27 17:02:12 INFO  CommonMethods - Data Sucessfully entered on User Name = BM
2022-07-27 17:02:14 INFO  CommonMethods - Data Sucessfully entered on Password = acid_qa
2022-07-27 17:02:53 INFO  CommonMethods - Black/FIFA : Data Sucessfully Selected from dropdown 
2022-07-27 17:02:55 INFO  CommonMethods - Data Sucessfully entered on  = 945102293
2022-07-27 17:02:56 INFO  CommonMethods - Data Sucessfully entered on  = 223
2022-07-27 17:02:58 INFO  CommonMethods - MRS. : Data Sucessfully Selected from dropdown 
2022-07-27 17:02:59 INFO  CommonMethods - Data Sucessfully entered on Full Name = Iga
2022-07-27 17:03:01 INFO  CommonMethods - Hot : Data Sucessfully Selected from dropdown 
2022-07-27 17:03:02 INFO  CommonMethods - Social Media : Data Sucessfully Selected from dropdown 
2022-07-27 17:03:04 INFO  CommonMethods - Data Sucessfully entered on  = 450
2022-07-27 17:03:06 INFO  CommonMethods - Data Sucessfully entered on  = Loving Automation
2022-07-27 17:03:07 INFO  CommonMethods - Secondary : Data Sucessfully Selected from dropdown 
2022-07-27 17:03:09 INFO  CommonMethods - Data Sucessfully entered on  = 1
2022-07-27 17:03:10 INFO  CommonMethods - Data Sucessfully entered on  = Ajloun
2022-07-27 17:03:12 INFO  CommonMethods - Data Sucessfully entered on  = Ajloun
2022-07-27 17:03:15 INFO  CommonMethods - Data Sucessfully entered on  = Ajloun
2022-07-27 17:03:49 INFO  CommonMethods - Data Sucessfully entered on DD/MM/YYYY = 31/07/2022
2022-07-27 17:03:53 INFO  CommonMethods - Data Sucessfully entered on __:__ __ = 11:11 AM
2022-07-27 17:04:10 INFO  CommonMethods - Data Sucessfully entered on  = 1234567895
2022-07-27 17:04:25 INFO  CommonMethods - Data Sucessfully entered on  = 0162/277764/500
2022-07-27 17:06:41 ERROR SetUp - NTBLeads Get Failed due to 
Expected condition failed: waiting for visibility of Proxy element for: DefaultElementLocator 'By.xpath: //input[@data-autoid='cust_81_ctrl']' (tried for 70 second(s) with 500 milliseconds interval)
2022-07-27 17:06:42 INFO  ScreenShot - ScreenShot captured NTBLeads || Status :Fail
2022-07-27 17:12:17 INFO  Utils - [TestNG] Running:
  C:\Users\Swarali Narvekar\eclipse-workspace\MasterFramework-master\MasterFramework-master\MasterFramework\testng.xml

2022-07-27 17:12:17 INFO  SetUp - Test Case_VerifyCRMLogin_Successfully Started
2022-07-27 17:12:18 INFO  SetUp - Test Case_VerifyCRMLogin_get Skipped as its Runmode is 'NO' 
2022-07-27 17:12:19 INFO  SetUp - Test Case_NTBBankassuranceJordan_Successfully Started
2022-07-27 17:12:19 INFO  SetUp - Test Case_NTBBankassuranceJordan_get Skipped as its Runmode is 'NO' 
2022-07-27 17:12:19 INFO  SetUp - Test Case_NTBDeposits_Successfully Started
2022-07-27 17:12:19 INFO  SetUp - Test Case_NTBDeposits_get Skipped as its Runmode is 'NO' 
2022-07-27 17:12:19 INFO  SetUp - Test Case_NTBDeposits_Successfully Started
2022-07-27 17:12:20 INFO  SetUp - Test Case_NTBDeposits_get Skipped as its Runmode is 'NO' 
2022-07-27 17:12:20 INFO  SetUp - Test Case_NTBLeads_Successfully Started
2022-07-27 17:12:20 INFO  SetUp - Browser = Chrome
2022-07-27 17:12:20 INFO  WebDriverManager - Using chromedriver 103.0.5060.134 (resolved driver for Chrome 103)
2022-07-27 17:12:21 INFO  WebDriverManager - Exporting webdriver.chrome.driver as C:\Users\Swarali Narvekar\.cache\selenium\chromedriver\win32\103.0.5060.134\chromedriver.exe
2022-07-27 17:12:24 INFO  SetUp - Chrome Browser Launched..
2022-07-27 17:12:30 INFO  SetUp - URL : https://arabretail.crmnext.com/g7/app/login/login
2022-07-27 17:12:31 INFO  ScreenShot - ScreenShot captured LoginPage || Status :Pass
2022-07-27 17:12:32 INFO  CommonMethods - Data Sucessfully entered on User Name = BM
2022-07-27 17:12:34 INFO  CommonMethods - Data Sucessfully entered on Password = acid_qa
2022-07-27 17:13:09 INFO  CommonMethods - Black/FIFA : Data Sucessfully Selected from dropdown 
2022-07-27 17:13:11 INFO  CommonMethods - Data Sucessfully entered on  = 94599102293
2022-07-27 17:13:13 INFO  CommonMethods - Data Sucessfully entered on  = 223
2022-07-27 17:13:14 INFO  CommonMethods - MRS. : Data Sucessfully Selected from dropdown 
2022-07-27 17:13:15 INFO  CommonMethods - Data Sucessfully entered on Full Name = Iga
2022-07-27 17:13:17 INFO  CommonMethods - Hot : Data Sucessfully Selected from dropdown 
2022-07-27 17:13:19 INFO  CommonMethods - Social Media : Data Sucessfully Selected from dropdown 
2022-07-27 17:13:20 INFO  CommonMethods - Data Sucessfully entered on  = 450
2022-07-27 17:13:22 INFO  CommonMethods - Data Sucessfully entered on  = Loving Automation
2022-07-27 17:13:24 INFO  CommonMethods - Secondary : Data Sucessfully Selected from dropdown 
2022-07-27 17:13:25 INFO  CommonMethods - Data Sucessfully entered on  = 1
2022-07-27 17:13:27 INFO  CommonMethods - Data Sucessfully entered on  = Ajloun
2022-07-27 17:13:29 INFO  CommonMethods - Data Sucessfully entered on  = Ajloun
2022-07-27 17:13:31 INFO  CommonMethods - Data Sucessfully entered on  = Ajloun
2022-07-27 17:13:56 INFO  CommonMethods - Data Sucessfully entered on DD/MM/YYYY = 31/07/2022
2022-07-27 17:14:01 INFO  CommonMethods - Data Sucessfully entered on __:__ __ = 11:11 AM
2022-07-27 17:14:18 INFO  CommonMethods - Data Sucessfully entered on  = 1234567895
2022-07-27 17:14:33 INFO  CommonMethods - Data Sucessfully entered on  = 0162/277764/500
2022-07-27 17:14:55 ERROR CommonMethods - Data Not Sucessfully entered on null due to :invalid element state
  (Session info: chrome=103.0.5060.134)
Build info: version: '4.1.0', revision: '87802e897b'
System info: host: 'SWARALIN', ip: '192.168.1.16', os.name: 'Windows 11', os.arch: 'amd64', os.version: '10.0', java.version: '17.0.3'
Driver info: org.openqa.selenium.chrome.ChromeDriver
Command: [00ca38ba94048d73bf3fba03d32379bd, clearElement {id=e45b96db-f557-4e74-810a-2f652b623e20}]
Capabilities {acceptInsecureCerts: true, browserName: chrome, browserVersion: 103.0.5060.134, chrome: {chromedriverVersion: 103.0.5060.134 (8ec6fce403b..., userDataDir: C:\Users\SWARAL~1\AppData\L...}, goog:chromeOptions: {debuggerAddress: localhost:54316}, javascriptEnabled: true, networkConnectionEnabled: false, pageLoadStrategy: normal, platform: WINDOWS, platformName: WINDOWS, proxy: Proxy(), se:cdp: ws://localhost:54316/devtoo..., se:cdpVersion: 103.0.5060.134, setWindowRect: true, strictFileInteractability: false, timeouts: {implicit: 0, pageLoad: 300000, script: 30000}, unhandledPromptBehavior: dismiss and notify, webauthn:extension:credBlob: true, webauthn:extension:largeBlob: true, webauthn:virtualAuthenticators: true}
Element: [[ChromeDriver: chrome on WINDOWS (00ca38ba94048d73bf3fba03d32379bd)] -> xpath: //select[@data-autoid='cust_696_ctrl']]
Session ID: 00ca38ba94048d73bf3fba03d32379bd
2022-07-27 17:16:08 ERROR SetUp - NTBLeads Get Failed due to 
Expected condition failed: waiting for visibility of Proxy element for: DefaultElementLocator 'By.xpath: //input[@data-autoid='cust_81_ctrl']' (tried for 70 second(s) with 500 milliseconds interval)
2022-07-27 17:16:08 INFO  ScreenShot - ScreenShot captured NTBLeads || Status :Fail
2022-07-27 17:18:50 INFO  Utils - [TestNG] Running:
  C:\Users\Swarali Narvekar\eclipse-workspace\MasterFramework-master\MasterFramework-master\MasterFramework\testng.xml

2022-07-27 17:18:50 INFO  SetUp - Test Case_VerifyCRMLogin_Successfully Started
2022-07-27 17:18:51 INFO  SetUp - Test Case_VerifyCRMLogin_get Skipped as its Runmode is 'NO' 
2022-07-27 17:18:51 INFO  SetUp - Test Case_NTBBankassuranceJordan_Successfully Started
2022-07-27 17:18:52 INFO  SetUp - Test Case_NTBBankassuranceJordan_get Skipped as its Runmode is 'NO' 
2022-07-27 17:18:52 INFO  SetUp - Test Case_NTBDeposits_Successfully Started
2022-07-27 17:18:52 INFO  SetUp - Test Case_NTBDeposits_get Skipped as its Runmode is 'NO' 
2022-07-27 17:18:52 INFO  SetUp - Test Case_NTBDeposits_Successfully Started
2022-07-27 17:18:52 INFO  SetUp - Test Case_NTBDeposits_get Skipped as its Runmode is 'NO' 
2022-07-27 17:18:52 INFO  SetUp - Test Case_NTBLeads_Successfully Started
2022-07-27 17:18:53 INFO  SetUp - Browser = Chrome
2022-07-27 17:18:53 INFO  WebDriverManager - Using chromedriver 103.0.5060.134 (resolved driver for Chrome 103)
2022-07-27 17:18:53 INFO  WebDriverManager - Exporting webdriver.chrome.driver as C:\Users\Swarali Narvekar\.cache\selenium\chromedriver\win32\103.0.5060.134\chromedriver.exe
2022-07-27 17:18:56 INFO  SetUp - Chrome Browser Launched..
2022-07-27 17:19:01 INFO  SetUp - URL : https://arabretail.crmnext.com/g7/app/login/login
2022-07-27 17:19:01 INFO  ScreenShot - ScreenShot captured LoginPage || Status :Pass
2022-07-27 17:19:03 INFO  CommonMethods - Data Sucessfully entered on User Name = BM
2022-07-27 17:19:04 INFO  CommonMethods - Data Sucessfully entered on Password = acid_qa
2022-07-27 17:19:38 INFO  CommonMethods - Black/FIFA : Data Sucessfully Selected from dropdown 
2022-07-27 17:19:39 INFO  CommonMethods - Data Sucessfully entered on  = 94599102293
2022-07-27 17:19:41 INFO  CommonMethods - Data Sucessfully entered on  = 223
2022-07-27 17:19:42 INFO  CommonMethods - MRS. : Data Sucessfully Selected from dropdown 
2022-07-27 17:19:44 INFO  CommonMethods - Data Sucessfully entered on Full Name = Iga
2022-07-27 17:19:45 INFO  CommonMethods - Hot : Data Sucessfully Selected from dropdown 
2022-07-27 17:19:47 INFO  CommonMethods - Social Media : Data Sucessfully Selected from dropdown 
2022-07-27 17:19:48 INFO  CommonMethods - Data Sucessfully entered on  = 450
2022-07-27 17:19:51 INFO  CommonMethods - Data Sucessfully entered on  = Loving Automation
2022-07-27 17:19:52 INFO  CommonMethods - Secondary : Data Sucessfully Selected from dropdown 
2022-07-27 17:19:54 INFO  CommonMethods - Data Sucessfully entered on  = 1
2022-07-27 17:19:55 INFO  CommonMethods - Data Sucessfully entered on  = Ajloun
2022-07-27 17:19:57 INFO  CommonMethods - Data Sucessfully entered on  = Ajloun
2022-07-27 17:20:00 INFO  CommonMethods - Data Sucessfully entered on  = Ajloun
2022-07-27 17:20:36 INFO  Utils - [TestNG] Running:
  C:\Users\Swarali Narvekar\eclipse-workspace\MasterFramework-master\MasterFramework-master\MasterFramework\testng.xml

2022-07-27 17:20:36 INFO  SetUp - Test Case_VerifyCRMLogin_Successfully Started
2022-07-27 17:20:37 INFO  SetUp - Test Case_VerifyCRMLogin_get Skipped as its Runmode is 'NO' 
2022-07-27 17:20:38 INFO  SetUp - Test Case_NTBBankassuranceJordan_Successfully Started
2022-07-27 17:20:38 INFO  SetUp - Test Case_NTBBankassuranceJordan_get Skipped as its Runmode is 'NO' 
2022-07-27 17:20:38 INFO  SetUp - Test Case_NTBDeposits_Successfully Started
2022-07-27 17:20:38 INFO  SetUp - Test Case_NTBDeposits_get Skipped as its Runmode is 'NO' 
2022-07-27 17:20:39 INFO  SetUp - Test Case_NTBDeposits_Successfully Started
2022-07-27 17:20:39 INFO  SetUp - Test Case_NTBDeposits_get Skipped as its Runmode is 'NO' 
2022-07-27 17:20:39 INFO  SetUp - Test Case_NTBLeads_Successfully Started
2022-07-27 17:20:39 INFO  SetUp - Browser = Chrome
2022-07-27 17:20:40 INFO  WebDriverManager - Using chromedriver 103.0.5060.134 (resolved driver for Chrome 103)
2022-07-27 17:20:40 INFO  WebDriverManager - Exporting webdriver.chrome.driver as C:\Users\Swarali Narvekar\.cache\selenium\chromedriver\win32\103.0.5060.134\chromedriver.exe
2022-07-27 17:20:43 INFO  SetUp - Chrome Browser Launched..
2022-07-27 17:20:46 INFO  SetUp - URL : https://arabretail.crmnext.com/g7/app/login/login
2022-07-27 17:20:46 INFO  ScreenShot - ScreenShot captured LoginPage || Status :Pass
2022-07-27 17:20:48 INFO  CommonMethods - Data Sucessfully entered on User Name = BM
2022-07-27 17:20:49 INFO  CommonMethods - Data Sucessfully entered on Password = acid_qa
2022-07-27 17:21:23 INFO  CommonMethods - Black/FIFA : Data Sucessfully Selected from dropdown 
2022-07-27 17:21:25 INFO  CommonMethods - Data Sucessfully entered on  = 99102293
2022-07-27 17:21:26 INFO  CommonMethods - Data Sucessfully entered on  = 223
2022-07-27 17:21:28 INFO  CommonMethods - MRS. : Data Sucessfully Selected from dropdown 
2022-07-27 17:21:29 INFO  CommonMethods - Data Sucessfully entered on Full Name = Iga
2022-07-27 17:21:31 INFO  CommonMethods - Hot : Data Sucessfully Selected from dropdown 
2022-07-27 17:21:32 INFO  CommonMethods - Social Media : Data Sucessfully Selected from dropdown 
2022-07-27 17:21:34 INFO  CommonMethods - Data Sucessfully entered on  = 450
2022-07-27 17:21:36 INFO  CommonMethods - Data Sucessfully entered on  = Loving Automation
2022-07-27 17:21:37 INFO  CommonMethods - Secondary : Data Sucessfully Selected from dropdown 
2022-07-27 17:21:39 INFO  CommonMethods - Data Sucessfully entered on  = 1
2022-07-27 17:21:40 INFO  CommonMethods - Data Sucessfully entered on  = Ajloun
2022-07-27 17:21:43 INFO  CommonMethods - Data Sucessfully entered on  = Ajloun
2022-07-27 17:21:45 INFO  CommonMethods - Data Sucessfully entered on  = Ajloun
2022-07-27 17:22:10 INFO  CommonMethods - Data Sucessfully entered on DD/MM/YYYY = 31/07/2022
2022-07-27 17:22:14 INFO  CommonMethods - Data Sucessfully entered on __:__ __ = 11:11 AM
2022-07-27 17:22:31 INFO  CommonMethods - Data Sucessfully entered on  = 1234567895
2022-07-27 17:22:45 INFO  CommonMethods - Data Sucessfully entered on  = 0162/277764/500
2022-07-27 17:23:13 ERROR CommonMethods - Data Not Sucessfully entered on null due to :invalid element state
  (Session info: chrome=103.0.5060.134)
Build info: version: '4.1.0', revision: '87802e897b'
System info: host: 'SWARALIN', ip: '192.168.1.16', os.name: 'Windows 11', os.arch: 'amd64', os.version: '10.0', java.version: '17.0.3'
Driver info: org.openqa.selenium.chrome.ChromeDriver
Command: [7bac975fcb4323496bdb65e8290c1347, clearElement {id=62751148-1c70-49f0-a75a-6c5b72fb480a}]
Capabilities {acceptInsecureCerts: true, browserName: chrome, browserVersion: 103.0.5060.134, chrome: {chromedriverVersion: 103.0.5060.134 (8ec6fce403b..., userDataDir: C:\Users\SWARAL~1\AppData\L...}, goog:chromeOptions: {debuggerAddress: localhost:54714}, javascriptEnabled: true, networkConnectionEnabled: false, pageLoadStrategy: normal, platform: WINDOWS, platformName: WINDOWS, proxy: Proxy(), se:cdp: ws://localhost:54714/devtoo..., se:cdpVersion: 103.0.5060.134, setWindowRect: true, strictFileInteractability: false, timeouts: {implicit: 0, pageLoad: 300000, script: 30000}, unhandledPromptBehavior: dismiss and notify, webauthn:extension:credBlob: true, webauthn:extension:largeBlob: true, webauthn:virtualAuthenticators: true}
Element: [[ChromeDriver: chrome on WINDOWS (7bac975fcb4323496bdb65e8290c1347)] -> xpath: //select[@data-autoid='cust_696_ctrl']]
Session ID: 7bac975fcb4323496bdb65e8290c1347
2022-07-27 17:23:16 ERROR SetUp - NTBLeads Get Failed due to 
no such element: Unable to locate element: {"method":"xpath","selector":"//input[@data-autoid='cust_81_ctrl']"}
  (Session info: chrome=103.0.5060.134)
For documentation on this error, please visit: https://selenium.dev/exceptions/#no_such_element
Build info: version: '4.1.0', revision: '87802e897b'
System info: host: 'SWARALIN', ip: '192.168.1.16', os.name: 'Windows 11', os.arch: 'amd64', os.version: '10.0', java.version: '17.0.3'
Driver info: org.openqa.selenium.chrome.ChromeDriver
Command: [7bac975fcb4323496bdb65e8290c1347, findElement {using=xpath, value=//input[@data-autoid='cust_81_ctrl']}]
Capabilities {acceptInsecureCerts: true, browserName: chrome, browserVersion: 103.0.5060.134, chrome: {chromedriverVersion: 103.0.5060.134 (8ec6fce403b..., userDataDir: C:\Users\SWARAL~1\AppData\L...}, goog:chromeOptions: {debuggerAddress: localhost:54714}, javascriptEnabled: true, networkConnectionEnabled: false, pageLoadStrategy: normal, platform: WINDOWS, platformName: WINDOWS, proxy: Proxy(), se:cdp: ws://localhost:54714/devtoo..., se:cdpVersion: 103.0.5060.134, setWindowRect: true, strictFileInteractability: false, timeouts: {implicit: 0, pageLoad: 300000, script: 30000}, unhandledPromptBehavior: dismiss and notify, webauthn:extension:credBlob: true, webauthn:extension:largeBlob: true, webauthn:virtualAuthenticators: true}
Session ID: 7bac975fcb4323496bdb65e8290c1347
2022-07-27 17:23:16 INFO  ScreenShot - ScreenShot captured NTBLeads || Status :Fail
2022-07-27 17:27:44 INFO  Utils - [TestNG] Running:
  C:\Users\Swarali Narvekar\eclipse-workspace\MasterFramework-master\MasterFramework-master\MasterFramework\testng.xml

2022-07-27 17:27:44 INFO  SetUp - Test Case_VerifyCRMLogin_Successfully Started
2022-07-27 17:27:45 INFO  SetUp - Test Case_VerifyCRMLogin_get Skipped as its Runmode is 'NO' 
2022-07-27 17:27:46 INFO  SetUp - Test Case_NTBBankassuranceJordan_Successfully Started
2022-07-27 17:27:46 INFO  SetUp - Test Case_NTBBankassuranceJordan_get Skipped as its Runmode is 'NO' 
2022-07-27 17:27:46 INFO  SetUp - Test Case_NTBDeposits_Successfully Started
2022-07-27 17:27:46 INFO  SetUp - Test Case_NTBDeposits_get Skipped as its Runmode is 'NO' 
2022-07-27 17:27:46 INFO  SetUp - Test Case_NTBDeposits_Successfully Started
2022-07-27 17:27:47 INFO  SetUp - Test Case_NTBDeposits_get Skipped as its Runmode is 'NO' 
2022-07-27 17:27:47 INFO  SetUp - Test Case_NTBLeads_Successfully Started
2022-07-27 17:27:47 INFO  SetUp - Browser = Chrome
2022-07-27 17:27:52 INFO  WebDriverManager - Using chromedriver 103.0.5060.134 (resolved driver for Chrome 103)
2022-07-27 17:27:52 INFO  WebDriverManager - Exporting webdriver.chrome.driver as C:\Users\Swarali Narvekar\.cache\selenium\chromedriver\win32\103.0.5060.134\chromedriver.exe
2022-07-27 17:27:55 INFO  SetUp - Chrome Browser Launched..
2022-07-27 17:28:01 INFO  SetUp - URL : https://arabretail.crmnext.com/g7/app/login/login
2022-07-27 17:28:02 INFO  ScreenShot - ScreenShot captured LoginPage || Status :Pass
2022-07-27 17:28:04 INFO  CommonMethods - Data Sucessfully entered on User Name = BM
2022-07-27 17:28:05 INFO  CommonMethods - Data Sucessfully entered on Password = acid_qa
2022-07-27 17:30:53 INFO  Utils - [TestNG] Running:
  C:\Users\Swarali Narvekar\eclipse-workspace\MasterFramework-master\MasterFramework-master\MasterFramework\testng.xml

2022-07-27 17:30:53 INFO  SetUp - Test Case_VerifyCRMLogin_Successfully Started
2022-07-27 17:30:54 INFO  SetUp - Test Case_VerifyCRMLogin_get Skipped as its Runmode is 'NO' 
2022-07-27 17:30:54 INFO  SetUp - Test Case_NTBBankassuranceJordan_Successfully Started
2022-07-27 17:30:55 INFO  SetUp - Test Case_NTBBankassuranceJordan_get Skipped as its Runmode is 'NO' 
2022-07-27 17:30:55 INFO  SetUp - Test Case_NTBDeposits_Successfully Started
2022-07-27 17:30:55 INFO  SetUp - Test Case_NTBDeposits_get Skipped as its Runmode is 'NO' 
2022-07-27 17:30:55 INFO  SetUp - Test Case_NTBDeposits_Successfully Started
2022-07-27 17:30:55 INFO  SetUp - Test Case_NTBDeposits_get Skipped as its Runmode is 'NO' 
2022-07-27 17:30:55 INFO  SetUp - Test Case_NTBLeads_Successfully Started
2022-07-27 17:30:56 INFO  SetUp - Browser = Chrome
2022-07-27 17:30:56 INFO  WebDriverManager - Using chromedriver 103.0.5060.134 (resolved driver for Chrome 103)
2022-07-27 17:30:56 INFO  WebDriverManager - Exporting webdriver.chrome.driver as C:\Users\Swarali Narvekar\.cache\selenium\chromedriver\win32\103.0.5060.134\chromedriver.exe
2022-07-27 17:30:59 INFO  SetUp - Chrome Browser Launched..
2022-07-27 17:31:04 INFO  SetUp - URL : https://arabretail.crmnext.com/g7/app/login/login
2022-07-27 17:31:04 INFO  ScreenShot - ScreenShot captured LoginPage || Status :Pass
2022-07-27 17:31:06 INFO  CommonMethods - Data Sucessfully entered on User Name = BM
2022-07-27 17:31:07 INFO  CommonMethods - Data Sucessfully entered on Password = acid_qa
2022-07-27 17:31:43 INFO  CommonMethods - Black/FIFA : Data Sucessfully Selected from dropdown 
2022-07-27 17:31:45 INFO  CommonMethods - Data Sucessfully entered on  = 9911102293
2022-07-27 17:31:47 INFO  CommonMethods - Data Sucessfully entered on  = 223
2022-07-27 17:31:48 INFO  CommonMethods - MRS. : Data Sucessfully Selected from dropdown 
2022-07-27 17:31:50 INFO  CommonMethods - Data Sucessfully entered on Full Name = Iga
2022-07-27 17:31:51 INFO  CommonMethods - Hot : Data Sucessfully Selected from dropdown 
2022-07-27 17:31:53 INFO  CommonMethods - Social Media : Data Sucessfully Selected from dropdown 
2022-07-27 17:31:54 INFO  CommonMethods - Data Sucessfully entered on  = 450
2022-07-27 17:31:56 INFO  CommonMethods - Data Sucessfully entered on  = Loving Automation
2022-07-27 17:31:58 INFO  CommonMethods - Secondary : Data Sucessfully Selected from dropdown 
2022-07-27 17:31:59 INFO  CommonMethods - Data Sucessfully entered on  = 1
2022-07-27 17:32:01 INFO  CommonMethods - Data Sucessfully entered on  = Ajloun
2022-07-27 17:32:03 INFO  CommonMethods - Data Sucessfully entered on  = Ajloun
2022-07-27 17:32:05 INFO  CommonMethods - Data Sucessfully entered on  = Ajloun
2022-07-27 17:32:29 INFO  CommonMethods - Data Sucessfully entered on DD/MM/YYYY = 31/07/2022
2022-07-27 17:32:34 INFO  CommonMethods - Data Sucessfully entered on __:__ __ = 11:11 AM
2022-07-27 17:32:50 INFO  CommonMethods - Data Sucessfully entered on  = 1234567895
2022-07-27 17:33:04 INFO  CommonMethods - Data Sucessfully entered on  = 0162/277764/500
2022-07-27 17:33:27 INFO  CommonMethods - Not Interested : Data Sucessfully Selected from dropdown 
2022-07-27 17:33:31 ERROR SetUp - NTBLeads Get Failed due to 
Element should have been "select" but was "input"
Build info: version: '4.1.0', revision: '87802e897b'
System info: host: 'SWARALIN', ip: '192.168.1.16', os.name: 'Windows 11', os.arch: 'amd64', os.version: '10.0', java.version: '17.0.3'
Driver info: driver.version: unknown
2022-07-27 17:33:32 INFO  ScreenShot - ScreenShot captured NTBLeads || Status :Fail
2022-07-27 17:40:03 INFO  Utils - [TestNG] Running:
  C:\Users\Swarali Narvekar\eclipse-workspace\MasterFramework-master\MasterFramework-master\MasterFramework\testng.xml

2022-07-27 17:40:03 INFO  SetUp - Test Case_VerifyCRMLogin_Successfully Started
2022-07-27 17:40:04 INFO  SetUp - Test Case_VerifyCRMLogin_get Skipped as its Runmode is 'NO' 
2022-07-27 17:40:05 INFO  SetUp - Test Case_NTBBankassuranceJordan_Successfully Started
2022-07-27 17:40:05 INFO  SetUp - Test Case_NTBBankassuranceJordan_get Skipped as its Runmode is 'NO' 
2022-07-27 17:40:05 INFO  SetUp - Test Case_NTBDeposits_Successfully Started
2022-07-27 17:40:05 INFO  SetUp - Test Case_NTBDeposits_get Skipped as its Runmode is 'NO' 
2022-07-27 17:40:05 INFO  SetUp - Test Case_NTBDeposits_Successfully Started
2022-07-27 17:40:06 INFO  SetUp - Test Case_NTBDeposits_get Skipped as its Runmode is 'NO' 
2022-07-27 17:40:06 INFO  SetUp - Test Case_NTBLeads_Successfully Started
2022-07-27 17:40:06 INFO  SetUp - Browser = Chrome
2022-07-27 17:40:06 INFO  WebDriverManager - Using chromedriver 103.0.5060.134 (resolved driver for Chrome 103)
2022-07-27 17:40:06 INFO  WebDriverManager - Exporting webdriver.chrome.driver as C:\Users\Swarali Narvekar\.cache\selenium\chromedriver\win32\103.0.5060.134\chromedriver.exe
2022-07-27 17:40:09 INFO  SetUp - Chrome Browser Launched..
2022-07-27 17:40:12 INFO  SetUp - URL : https://arabretail.crmnext.com/g7/app/login/login
2022-07-27 17:40:13 INFO  ScreenShot - ScreenShot captured LoginPage || Status :Pass
2022-07-27 17:40:14 INFO  CommonMethods - Data Sucessfully entered on User Name = BM
2022-07-27 17:40:16 INFO  CommonMethods - Data Sucessfully entered on Password = acid_qa
2022-07-27 17:40:50 INFO  CommonMethods - Black/FIFA : Data Sucessfully Selected from dropdown 
2022-07-27 17:40:51 INFO  CommonMethods - Data Sucessfully entered on  = 998702293
2022-07-27 17:40:53 INFO  CommonMethods - Data Sucessfully entered on  = 223
2022-07-27 17:40:55 INFO  CommonMethods - MRS. : Data Sucessfully Selected from dropdown 
2022-07-27 17:40:56 INFO  CommonMethods - Data Sucessfully entered on Full Name = Iga
2022-07-27 17:40:58 INFO  CommonMethods - Hot : Data Sucessfully Selected from dropdown 
2022-07-27 17:40:59 INFO  CommonMethods - Social Media : Data Sucessfully Selected from dropdown 
2022-07-27 17:41:01 INFO  CommonMethods - Data Sucessfully entered on  = 450
2022-07-27 17:41:03 INFO  CommonMethods - Data Sucessfully entered on  = Loving Automation
2022-07-27 17:41:04 INFO  CommonMethods - Secondary : Data Sucessfully Selected from dropdown 
2022-07-27 17:41:06 INFO  CommonMethods - Data Sucessfully entered on  = 1
2022-07-27 17:41:07 INFO  CommonMethods - Data Sucessfully entered on  = Ajloun
2022-07-27 17:41:09 INFO  CommonMethods - Data Sucessfully entered on  = Ajloun
2022-07-27 17:41:12 INFO  CommonMethods - Data Sucessfully entered on  = Ajloun
2022-07-27 17:41:35 INFO  CommonMethods - Data Sucessfully entered on DD/MM/YYYY = 31/07/2022
2022-07-27 17:41:40 INFO  CommonMethods - Data Sucessfully entered on __:__ __ = 11:11 AM
2022-07-27 17:41:57 INFO  CommonMethods - Data Sucessfully entered on  = 1234567895
2022-07-27 17:42:11 INFO  CommonMethods - Data Sucessfully entered on  = 0162/277764/500
2022-07-27 17:42:34 INFO  CommonMethods - Not Interested : Data Sucessfully Selected from dropdown 
2022-07-27 17:42:39 INFO  CommonMethods - Data Sucessfully entered on  = Age
2022-07-27 17:42:53 INFO  SetUp - Test Case_NTBLeads_Successfully Passed
