2022-07-19 15:53:23 INFO  Utils - [TestNG] Running:
  C:\Users\Swarali Narvekar\eclipse-workspace\MasterFramework-master\MasterFramework-master\MasterFramework\testng.xml

2022-07-19 15:53:23 INFO  SetUp - Test Case_VerifyCRMLogin_Successfully Started
2022-07-19 15:53:26 INFO  SetUp - Test Case_VerifyCRMLogin_get Skipped as its Runmode is 'NO' 
2022-07-19 15:53:27 INFO  SetUp - Test Case_NTBBankassuranceJordan_Successfully Started
2022-07-19 15:53:28 INFO  SetUp - Browser = Chrome
2022-07-19 15:53:42 INFO  WebDriverManager - Using chromedriver 103.0.5060.53 (resolved driver for Chrome 103)
2022-07-19 15:53:42 INFO  WebDriverManager - Exporting webdriver.chrome.driver as C:\Users\Swarali Narvekar\.cache\selenium\chromedriver\win32\103.0.5060.53\chromedriver.exe
2022-07-19 15:54:01 INFO  SetUp - Chrome Browser Launched..
2022-07-19 15:54:04 INFO  SetUp - URL : https://arabretail.crmnext.com/g7/app/login/login
2022-07-19 15:54:04 INFO  ScreenShot - ScreenShot captured LoginPage || Status :Pass
2022-07-19 15:54:51 ERROR SetUp - NTBBankassuranceJordan Get Failed due to 
chrome not reachable
  (Session info: chrome=103.0.5060.114)
Build info: version: '4.1.0', revision: '87802e897b'
System info: host: 'SWARALIN', ip: '192.168.1.16', os.name: 'Windows 11', os.arch: 'amd64', os.version: '10.0', java.version: '17.0.3'
Driver info: org.openqa.selenium.chrome.ChromeDriver
Command: [4c66ddbb79ab47218afd0c9443bffcaa, findElement {using=xpath, value=//input[@id='TxtName']}]
Capabilities {acceptInsecureCerts: false, browserName: chrome, browserVersion: 103.0.5060.114, chrome: {chromedriverVersion: 103.0.5060.53 (a1711811edd7..., userDataDir: C:\Users\SWARAL~1\AppData\L...}, goog:chromeOptions: {debuggerAddress: localhost:55077}, javascriptEnabled: true, networkConnectionEnabled: false, pageLoadStrategy: normal, platform: WINDOWS, platformName: WINDOWS, proxy: Proxy(), se:cdp: ws://localhost:55077/devtoo..., se:cdpVersion: 103.0.5060.114, setWindowRect: true, strictFileInteractability: false, timeouts: {implicit: 0, pageLoad: 300000, script: 30000}, unhandledPromptBehavior: dismiss and notify, webauthn:extension:credBlob: true, webauthn:extension:largeBlob: true, webauthn:virtualAuthenticators: true}
Session ID: 4c66ddbb79ab47218afd0c9443bffcaa
2022-07-19 15:55:04 ERROR ScreenShot - Unbale to capture screenshot due to chrome not reachable
  (Session info: chrome=103.0.5060.114)
Build info: version: '4.1.0', revision: '87802e897b'
System info: host: 'SWARALIN', ip: '192.168.1.16', os.name: 'Windows 11', os.arch: 'amd64', os.version: '10.0', java.version: '17.0.3'
Driver info: org.openqa.selenium.chrome.ChromeDriver
Command: [4c66ddbb79ab47218afd0c9443bffcaa, screenshot {}]
Capabilities {acceptInsecureCerts: false, browserName: chrome, browserVersion: 103.0.5060.114, chrome: {chromedriverVersion: 103.0.5060.53 (a1711811edd7..., userDataDir: C:\Users\SWARAL~1\AppData\L...}, goog:chromeOptions: {debuggerAddress: localhost:55077}, javascriptEnabled: true, networkConnectionEnabled: false, pageLoadStrategy: normal, platform: WINDOWS, platformName: WINDOWS, proxy: Proxy(), se:cdp: ws://localhost:55077/devtoo..., se:cdpVersion: 103.0.5060.114, setWindowRect: true, strictFileInteractability: false, timeouts: {implicit: 0, pageLoad: 300000, script: 30000}, unhandledPromptBehavior: dismiss and notify, webauthn:extension:credBlob: true, webauthn:extension:largeBlob: true, webauthn:virtualAuthenticators: true}
Session ID: 4c66ddbb79ab47218afd0c9443bffcaa
2022-07-19 15:55:05 INFO  CommonMethods - Row num for TestScenario = NTBBankassuranceJordan is = 2
2022-07-19 15:55:06 INFO  ExcelOperation - Write to excel with : Row=2 | Cell =3 | Data =Fail
2022-07-19 18:00:00 INFO  Utils - [TestNG] Running:
  C:\Users\Swarali Narvekar\eclipse-workspace\MasterFramework-master\MasterFramework-master\MasterFramework\testng.xml

2022-07-19 18:00:00 INFO  SetUp - Test Case_VerifyCRMLogin_Successfully Started
2022-07-19 18:00:04 INFO  SetUp - Test Case_VerifyCRMLogin_get Skipped as its Runmode is 'NO' 
2022-07-19 18:00:05 INFO  SetUp - Test Case_NTBBankassuranceJordan_Successfully Started
2022-07-19 18:00:06 INFO  SetUp - Browser = Chrome
2022-07-19 18:00:10 INFO  WebDriverManager - Using chromedriver 103.0.5060.53 (resolved driver for Chrome 103)
2022-07-19 18:00:10 INFO  WebDriverManager - Exporting webdriver.chrome.driver as C:\Users\Swarali Narvekar\.cache\selenium\chromedriver\win32\103.0.5060.53\chromedriver.exe
2022-07-19 18:00:18 INFO  SetUp - Chrome Browser Launched..
2022-07-19 18:00:22 INFO  SetUp - URL : https://arabretail.crmnext.com/g7/app/login/login
2022-07-19 18:00:23 INFO  ScreenShot - ScreenShot captured LoginPage || Status :Pass
2022-07-19 18:00:25 INFO  CommonMethods - Data Sucessfully entered on User Name = BM
2022-07-19 18:00:27 INFO  CommonMethods - Data Sucessfully entered on Password = acid_qa
2022-07-19 18:00:57 INFO  CommonMethods - Arabi Protect - Critical Illness 12 Diseases : Data Sucessfully Selected from dropdown 
2022-07-19 18:01:00 INFO  CommonMethods - Data Sucessfully entered on  = 99699313
2022-07-19 18:01:02 INFO  CommonMethods - Data Sucessfully entered on  = 123
2022-07-19 18:01:04 INFO  CommonMethods - MRS. : Data Sucessfully Selected from dropdown 
2022-07-19 18:01:06 INFO  CommonMethods - Data Sucessfully entered on Full Name = Iga
2022-07-19 18:01:08 INFO  CommonMethods - Hot : Data Sucessfully Selected from dropdown 
2022-07-19 18:01:10 INFO  CommonMethods - Social Media : Data Sucessfully Selected from dropdown 
2022-07-19 18:01:12 INFO  CommonMethods - Data Sucessfully entered on  = 456
2022-07-19 18:01:15 INFO  CommonMethods - Data Sucessfully entered on  = 789
2022-07-19 18:01:18 INFO  CommonMethods - Data Sucessfully entered on  = Loving Automation
2022-07-19 18:01:20 INFO  CommonMethods - Data Sucessfully entered on  = Ajloun
2022-07-19 18:01:23 INFO  CommonMethods - Data Sucessfully entered on  = Ajloun
2022-07-19 18:01:25 INFO  CommonMethods - Data Sucessfully entered on  = Ajloun
2022-07-19 18:01:26 INFO  SetUp - Test Case_NTBBankassuranceJordan_Successfully Passed
2022-07-19 18:01:27 INFO  CommonMethods - Row num for TestScenario = NTBBankassuranceJordan is = 2
2022-07-19 18:01:28 INFO  ExcelOperation - Write to excel with : Row=2 | Cell =3 | Data =Pass
