2022-07-25 00:07:13 INFO  Utils - [TestNG] Running:
  C:\Users\Swarali Narvekar\eclipse-workspace\MasterFramework-master\MasterFramework-master\MasterFramework\testng.xml

2022-07-25 00:07:13 INFO  SetUp - Test Case_VerifyCRMLogin_Successfully Started
2022-07-25 00:07:14 INFO  SetUp - Test Case_VerifyCRMLogin_get Skipped as its Runmode is 'NO' 
2022-07-25 00:07:14 INFO  SetUp - Test Case_NTBBankassuranceJordan_Successfully Started
2022-07-25 00:07:14 INFO  SetUp - Browser = Chrome
2022-07-25 00:07:15 INFO  WebDriverManager - Using chromedriver 103.0.5060.134 (resolved driver for Chrome 103)
2022-07-25 00:07:15 INFO  WebDriverManager - Exporting webdriver.chrome.driver as C:\Users\Swarali Narvekar\.cache\selenium\chromedriver\win32\103.0.5060.134\chromedriver.exe
2022-07-25 00:07:22 INFO  SetUp - Chrome Browser Launched..
2022-07-25 00:07:24 INFO  SetUp - URL : https://arabretail.crmnext.com/g7/app/login/login
2022-07-25 00:07:33 INFO  ScreenShot - ScreenShot captured LoginPage || Status :Pass
2022-07-25 00:07:35 INFO  CommonMethods - Data Sucessfully entered on User Name = BM
2022-07-25 00:07:36 INFO  CommonMethods - Data Sucessfully entered on Password = acid_qa
2022-07-25 00:08:12 INFO  CommonMethods - Arabi Protect - Critical Illness 12 Diseases : Data Sucessfully Selected from dropdown 
2022-07-25 00:08:14 INFO  CommonMethods - Data Sucessfully entered on  = 96930006633
2022-07-25 00:08:15 INFO  CommonMethods - Data Sucessfully entered on  = 123
2022-07-25 00:08:16 INFO  CommonMethods - MRS. : Data Sucessfully Selected from dropdown 
2022-07-25 00:08:18 INFO  CommonMethods - Data Sucessfully entered on Full Name = Iga
2022-07-25 00:08:19 INFO  CommonMethods - Hot : Data Sucessfully Selected from dropdown 
2022-07-25 00:08:20 INFO  CommonMethods - Social Media : Data Sucessfully Selected from dropdown 
2022-07-25 00:08:22 INFO  CommonMethods - Data Sucessfully entered on  = 450
2022-07-25 00:08:23 INFO  CommonMethods - Data Sucessfully entered on  = 789
2022-07-25 00:08:25 INFO  CommonMethods - Data Sucessfully entered on  = Loving Automation
2022-07-25 00:08:26 INFO  CommonMethods - Data Sucessfully entered on  = Ajloun
2022-07-25 00:08:28 INFO  CommonMethods - Data Sucessfully entered on  = Ajloun
2022-07-25 00:08:30 INFO  CommonMethods - Data Sucessfully entered on  = Ajloun
2022-07-25 00:08:51 INFO  SetUp - Test Case_NTBBankassuranceJordan_Successfully Passed
2022-07-25 00:08:51 INFO  CommonMethods - Row num for TestScenario = NTBBankassuranceJordan is = 2
2022-07-25 00:08:52 INFO  ExcelOperation - Write to excel with : Row=2 | Cell =3 | Data =Pass
2022-07-25 00:51:13 INFO  Utils - [TestNG] Running:
  C:\Users\Swarali Narvekar\eclipse-workspace\MasterFramework-master\MasterFramework-master\MasterFramework\testng.xml

2022-07-25 00:51:13 INFO  SetUp - Test Case_VerifyCRMLogin_Successfully Started
2022-07-25 00:51:15 INFO  SetUp - Test Case_VerifyCRMLogin_get Skipped as its Runmode is 'NO' 
2022-07-25 00:51:15 INFO  SetUp - Test Case_NTBBankassuranceJordan_Successfully Started
2022-07-25 00:51:15 INFO  SetUp - Browser = Chrome
2022-07-25 00:51:18 INFO  WebDriverManager - Using chromedriver 103.0.5060.134 (resolved driver for Chrome 103)
2022-07-25 00:51:18 INFO  WebDriverManager - Exporting webdriver.chrome.driver as C:\Users\Swarali Narvekar\.cache\selenium\chromedriver\win32\103.0.5060.134\chromedriver.exe
2022-07-25 00:51:52 INFO  Utils - [TestNG] Running:
  C:\Users\Swarali Narvekar\eclipse-workspace\MasterFramework-master\MasterFramework-master\MasterFramework\testng.xml

2022-07-25 00:51:52 INFO  SetUp - Test Case_VerifyCRMLogin_Successfully Started
2022-07-25 00:51:53 INFO  SetUp - Test Case_VerifyCRMLogin_get Skipped as its Runmode is 'NO' 
2022-07-25 00:51:53 INFO  SetUp - Test Case_NTBBankassuranceJordan_Successfully Started
2022-07-25 00:51:54 INFO  SetUp - Test Case_NTBBankassuranceJordan_get Skipped as its Runmode is 'NO' 
2022-07-25 00:57:07 INFO  Utils - [TestNG] Running:
  C:\Users\Swarali Narvekar\eclipse-workspace\MasterFramework-master\MasterFramework-master\MasterFramework\testng.xml

2022-07-25 00:57:07 INFO  SetUp - Test Case_VerifyCRMLogin_Successfully Started
2022-07-25 00:57:08 INFO  SetUp - Test Case_VerifyCRMLogin_get Skipped as its Runmode is 'NO' 
2022-07-25 00:57:08 INFO  SetUp - Test Case_NTBBankassuranceJordan_Successfully Started
2022-07-25 00:57:08 INFO  SetUp - Test Case_NTBBankassuranceJordan_get Skipped as its Runmode is 'NO' 
2022-07-25 00:57:09 INFO  SetUp - Test Case_NTBDeposits_Successfully Started
2022-07-25 00:57:09 ERROR SetUp - NTBDeposits Get Failed due to 
Unresolved compilation problems: 
	Cannot make a static reference to the non-static method setUpTest(String) from the type SetUp
	Cannot make a static reference to the non-static field login
	Cannot make a static reference to the non-static field login
	Cannot make a static reference to the non-static field deposits
	Cannot make a static reference to the non-static field deposits

2022-07-25 00:57:09 ERROR ScreenShot - Unbale to capture screenshot due to Cannot invoke "org.openqa.selenium.TakesScreenshot.getScreenshotAs(org.openqa.selenium.OutputType)" because "scrShot" is null
2022-07-25 00:57:09 INFO  CommonMethods - Row num for TestScenario = NTBDeposits is = 3
2022-07-25 00:57:10 INFO  ExcelOperation - Write to excel with : Row=3 | Cell =3 | Data =Fail
2022-07-25 01:02:47 INFO  Utils - [TestNG] Running:
  C:\Users\Swarali Narvekar\eclipse-workspace\MasterFramework-master\MasterFramework-master\MasterFramework\testng.xml

2022-07-25 01:02:47 INFO  SetUp - Test Case_VerifyCRMLogin_Successfully Started
2022-07-25 01:02:48 INFO  SetUp - Test Case_VerifyCRMLogin_get Skipped as its Runmode is 'NO' 
2022-07-25 01:02:48 INFO  SetUp - Test Case_NTBBankassuranceJordan_Successfully Started
2022-07-25 01:02:48 INFO  SetUp - Test Case_NTBBankassuranceJordan_get Skipped as its Runmode is 'NO' 
2022-07-25 01:02:48 INFO  SetUp - Test Case_NTBDeposits_Successfully Started
2022-07-25 01:02:48 INFO  SetUp - Browser = Chrome
2022-07-25 01:02:49 INFO  WebDriverManager - Using chromedriver 103.0.5060.134 (resolved driver for Chrome 103)
2022-07-25 01:02:49 INFO  WebDriverManager - Exporting webdriver.chrome.driver as C:\Users\Swarali Narvekar\.cache\selenium\chromedriver\win32\103.0.5060.134\chromedriver.exe
2022-07-25 01:03:00 INFO  SetUp - Chrome Browser Launched..
2022-07-25 01:03:16 INFO  SetUp - URL : https://arabretail.crmnext.com/g7/app/login/login
2022-07-25 01:03:30 INFO  ScreenShot - ScreenShot captured LoginPage || Status :Pass
2022-07-25 01:03:31 INFO  CommonMethods - Data Sucessfully entered on User Name = BM
2022-07-25 01:03:33 INFO  CommonMethods - Data Sucessfully entered on Password = acid_qa
2022-07-25 01:05:58 ERROR SetUp - NTBDeposits Get Failed due to 
Expected condition failed: waiting for visibility of [[ChromeDriver: chrome on WINDOWS (f872c423495c55d60633c0cff952ece9)] -> xpath: //a[@data-autoid='navtablabel_6']] (tried for 70 second(s) with 500 milliseconds interval)
Build info: version: '4.1.0', revision: '87802e897b'
System info: host: 'SWARALIN', ip: '192.168.1.16', os.name: 'Windows 11', os.arch: 'amd64', os.version: '10.0', java.version: '17.0.3'
Driver info: org.openqa.selenium.chrome.ChromeDriver
Capabilities {acceptInsecureCerts: true, browserName: chrome, browserVersion: 103.0.5060.134, chrome: {chromedriverVersion: 103.0.5060.134 (8ec6fce403b..., userDataDir: C:\Users\SWARAL~1\AppData\L...}, goog:chromeOptions: {debuggerAddress: localhost:62934}, javascriptEnabled: true, networkConnectionEnabled: false, pageLoadStrategy: normal, platform: WINDOWS, platformName: WINDOWS, proxy: Proxy(), se:cdp: ws://localhost:62934/devtoo..., se:cdpVersion: 103.0.5060.134, setWindowRect: true, strictFileInteractability: false, timeouts: {implicit: 0, pageLoad: 300000, script: 30000}, unhandledPromptBehavior: dismiss and notify, webauthn:extension:credBlob: true, webauthn:extension:largeBlob: true, webauthn:virtualAuthenticators: true}
Session ID: f872c423495c55d60633c0cff952ece9
2022-07-25 01:05:59 INFO  ScreenShot - ScreenShot captured NTBDeposits || Status :Fail
2022-07-25 01:05:59 INFO  CommonMethods - Row num for TestScenario = NTBDeposits is = 3
2022-07-25 01:06:00 INFO  ExcelOperation - Write to excel with : Row=3 | Cell =3 | Data =Fail
2022-07-25 01:06:43 INFO  Utils - [TestNG] Running:
  C:\Users\Swarali Narvekar\eclipse-workspace\MasterFramework-master\MasterFramework-master\MasterFramework\testng.xml

2022-07-25 01:06:43 INFO  SetUp - Test Case_VerifyCRMLogin_Successfully Started
2022-07-25 01:06:44 INFO  SetUp - Test Case_VerifyCRMLogin_get Skipped as its Runmode is 'NO' 
2022-07-25 01:06:44 INFO  SetUp - Test Case_NTBBankassuranceJordan_Successfully Started
2022-07-25 01:06:45 INFO  SetUp - Test Case_NTBBankassuranceJordan_get Skipped as its Runmode is 'NO' 
2022-07-25 01:06:45 INFO  SetUp - Test Case_NTBDeposits_Successfully Started
2022-07-25 01:06:45 INFO  SetUp - Browser = Chrome
2022-07-25 01:06:45 INFO  WebDriverManager - Using chromedriver 103.0.5060.134 (resolved driver for Chrome 103)
2022-07-25 01:06:45 INFO  WebDriverManager - Exporting webdriver.chrome.driver as C:\Users\Swarali Narvekar\.cache\selenium\chromedriver\win32\103.0.5060.134\chromedriver.exe
2022-07-25 01:06:53 INFO  SetUp - Chrome Browser Launched..
2022-07-25 01:06:55 INFO  SetUp - URL : https://arabretail.crmnext.com/g7/app/login/login
2022-07-25 01:07:06 INFO  ScreenShot - ScreenShot captured LoginPage || Status :Pass
2022-07-25 01:07:07 INFO  CommonMethods - Data Sucessfully entered on User Name = BM
2022-07-25 01:07:09 INFO  CommonMethods - Data Sucessfully entered on Password = acid_qa
2022-07-25 01:08:42 ERROR SetUp - NTBDeposits Get Failed due to 
Expected condition failed: waiting for visibility of [[ChromeDriver: chrome on WINDOWS (c5bb228b83537ff7e8fce7148fe3053a)] -> xpath: //a[@data-autoid='navtablabel_6']] (tried for 70 second(s) with 500 milliseconds interval)
Build info: version: '4.1.0', revision: '87802e897b'
System info: host: 'SWARALIN', ip: '192.168.1.16', os.name: 'Windows 11', os.arch: 'amd64', os.version: '10.0', java.version: '17.0.3'
Driver info: org.openqa.selenium.chrome.ChromeDriver
Capabilities {acceptInsecureCerts: true, browserName: chrome, browserVersion: 103.0.5060.134, chrome: {chromedriverVersion: 103.0.5060.134 (8ec6fce403b..., userDataDir: C:\Users\SWARAL~1\AppData\L...}, goog:chromeOptions: {debuggerAddress: localhost:63116}, javascriptEnabled: true, networkConnectionEnabled: false, pageLoadStrategy: normal, platform: WINDOWS, platformName: WINDOWS, proxy: Proxy(), se:cdp: ws://localhost:63116/devtoo..., se:cdpVersion: 103.0.5060.134, setWindowRect: true, strictFileInteractability: false, timeouts: {implicit: 0, pageLoad: 300000, script: 30000}, unhandledPromptBehavior: dismiss and notify, webauthn:extension:credBlob: true, webauthn:extension:largeBlob: true, webauthn:virtualAuthenticators: true}
Session ID: c5bb228b83537ff7e8fce7148fe3053a
2022-07-25 01:08:42 INFO  ScreenShot - ScreenShot captured NTBDeposits || Status :Fail
2022-07-25 01:08:42 INFO  CommonMethods - Row num for TestScenario = NTBDeposits is = 3
2022-07-25 01:08:43 INFO  ExcelOperation - Write to excel with : Row=3 | Cell =3 | Data =Fail
2022-07-25 01:09:23 INFO  Utils - [TestNG] Running:
  C:\Users\Swarali Narvekar\eclipse-workspace\MasterFramework-master\MasterFramework-master\MasterFramework\testng.xml

2022-07-25 01:09:23 INFO  SetUp - Test Case_VerifyCRMLogin_Successfully Started
2022-07-25 01:09:24 INFO  SetUp - Test Case_VerifyCRMLogin_get Skipped as its Runmode is 'NO' 
2022-07-25 01:09:24 INFO  SetUp - Test Case_NTBBankassuranceJordan_Successfully Started
2022-07-25 01:09:24 INFO  SetUp - Test Case_NTBBankassuranceJordan_get Skipped as its Runmode is 'NO' 
2022-07-25 01:09:24 INFO  SetUp - Test Case_NTBDeposits_Successfully Started
2022-07-25 01:09:25 INFO  SetUp - Browser = Chrome
2022-07-25 01:09:25 INFO  WebDriverManager - Using chromedriver 103.0.5060.134 (resolved driver for Chrome 103)
2022-07-25 01:09:25 INFO  WebDriverManager - Exporting webdriver.chrome.driver as C:\Users\Swarali Narvekar\.cache\selenium\chromedriver\win32\103.0.5060.134\chromedriver.exe
2022-07-25 01:09:32 INFO  SetUp - Chrome Browser Launched..
2022-07-25 01:09:34 INFO  SetUp - URL : https://arabretail.crmnext.com/g7/app/login/login
2022-07-25 01:09:44 INFO  ScreenShot - ScreenShot captured LoginPage || Status :Pass
2022-07-25 01:09:45 INFO  CommonMethods - Data Sucessfully entered on User Name = BM
2022-07-25 01:09:47 INFO  CommonMethods - Data Sucessfully entered on Password = acid_qa
2022-07-25 01:10:14 INFO  SetUp - Test Case_NTBDeposits_Successfully Passed
2022-07-25 01:10:14 INFO  CommonMethods - Row num for TestScenario = NTBDeposits is = 3
2022-07-25 01:10:15 INFO  ExcelOperation - Write to excel with : Row=3 | Cell =3 | Data =Pass
2022-07-25 10:39:16 INFO  Utils - [TestNG] Running:
  C:\Users\Swarali Narvekar\eclipse-workspace\MasterFramework-master\MasterFramework-master\MasterFramework\testng.xml

2022-07-25 10:39:17 INFO  SetUp - Test Case_VerifyCRMLogin_Successfully Started
2022-07-25 10:39:19 INFO  SetUp - Test Case_VerifyCRMLogin_get Skipped as its Runmode is 'NO' 
2022-07-25 10:39:19 INFO  SetUp - Test Case_NTBBankassuranceJordan_Successfully Started
2022-07-25 10:39:20 INFO  SetUp - Test Case_NTBBankassuranceJordan_get Skipped as its Runmode is 'NO' 
2022-07-25 10:39:20 INFO  SetUp - Test Case_NTBDeposits_Successfully Started
2022-07-25 10:39:20 INFO  SetUp - Browser = Chrome
2022-07-25 10:39:27 INFO  WebDriverManager - Using chromedriver 103.0.5060.134 (resolved driver for Chrome 103)
2022-07-25 10:39:27 INFO  WebDriverManager - Exporting webdriver.chrome.driver as C:\Users\Swarali Narvekar\.cache\selenium\chromedriver\win32\103.0.5060.134\chromedriver.exe
2022-07-25 10:39:35 INFO  SetUp - Chrome Browser Launched..
2022-07-25 10:39:41 INFO  SetUp - URL : https://arabretail.crmnext.com/g7/app/login/login
2022-07-25 10:39:41 INFO  ScreenShot - ScreenShot captured LoginPage || Status :Pass
2022-07-25 10:39:43 INFO  CommonMethods - Data Sucessfully entered on User Name = BM
2022-07-25 10:39:44 INFO  CommonMethods - Data Sucessfully entered on Password = acid_qa
2022-07-25 10:41:18 ERROR SetUp - NTBDeposits Get Failed due to 
Expected condition failed: waiting for visibility of Proxy element for: DefaultElementLocator 'By.xpath: //div[@class='menupopover']' (tried for 70 second(s) with 500 milliseconds interval)
2022-07-25 10:41:19 INFO  ScreenShot - ScreenShot captured NTBDeposits || Status :Fail
2022-07-25 10:41:19 INFO  CommonMethods - Row num for TestScenario = NTBDeposits is = 3
2022-07-25 10:41:20 INFO  ExcelOperation - Write to excel with : Row=3 | Cell =3 | Data =Fail
2022-07-25 10:41:48 INFO  Utils - [TestNG] Running:
  C:\Users\Swarali Narvekar\eclipse-workspace\MasterFramework-master\MasterFramework-master\MasterFramework\testng.xml

2022-07-25 10:41:48 INFO  SetUp - Test Case_VerifyCRMLogin_Successfully Started
2022-07-25 10:41:51 INFO  SetUp - Test Case_VerifyCRMLogin_get Skipped as its Runmode is 'NO' 
2022-07-25 10:41:51 INFO  SetUp - Test Case_NTBBankassuranceJordan_Successfully Started
2022-07-25 10:41:52 INFO  SetUp - Test Case_NTBBankassuranceJordan_get Skipped as its Runmode is 'NO' 
2022-07-25 10:41:52 INFO  SetUp - Test Case_NTBDeposits_Successfully Started
2022-07-25 10:41:54 INFO  SetUp - Browser = Chrome
2022-07-25 10:41:54 INFO  WebDriverManager - Using chromedriver 103.0.5060.134 (resolved driver for Chrome 103)
2022-07-25 10:41:54 INFO  WebDriverManager - Exporting webdriver.chrome.driver as C:\Users\Swarali Narvekar\.cache\selenium\chromedriver\win32\103.0.5060.134\chromedriver.exe
2022-07-25 10:41:57 INFO  SetUp - Chrome Browser Launched..
2022-07-25 10:42:02 INFO  SetUp - URL : https://arabretail.crmnext.com/g7/app/login/login
2022-07-25 10:42:03 INFO  ScreenShot - ScreenShot captured LoginPage || Status :Pass
2022-07-25 10:42:05 INFO  CommonMethods - Data Sucessfully entered on User Name = BM
2022-07-25 10:42:07 INFO  CommonMethods - Data Sucessfully entered on Password = acid_qa
2022-07-25 10:42:30 INFO  SetUp - Test Case_NTBDeposits_Successfully Passed
2022-07-25 10:42:32 INFO  CommonMethods - Row num for TestScenario = NTBDeposits is = 3
2022-07-25 10:42:33 INFO  ExcelOperation - Write to excel with : Row=3 | Cell =3 | Data =Pass
2022-07-25 10:50:11 INFO  Utils - [TestNG] Running:
  C:\Users\Swarali Narvekar\eclipse-workspace\MasterFramework-master\MasterFramework-master\MasterFramework\testng.xml

2022-07-25 10:50:12 INFO  SetUp - Test Case_VerifyCRMLogin_Successfully Started
2022-07-25 10:50:14 INFO  SetUp - Test Case_VerifyCRMLogin_get Skipped as its Runmode is 'NO' 
2022-07-25 10:50:14 INFO  SetUp - Test Case_NTBBankassuranceJordan_Successfully Started
2022-07-25 10:50:15 INFO  SetUp - Test Case_NTBBankassuranceJordan_get Skipped as its Runmode is 'NO' 
2022-07-25 10:50:15 INFO  SetUp - Test Case_NTBDeposits_Successfully Started
2022-07-25 10:50:17 INFO  SetUp - Browser = Chrome
2022-07-25 10:50:17 INFO  WebDriverManager - Using chromedriver 103.0.5060.134 (resolved driver for Chrome 103)
2022-07-25 10:50:18 INFO  WebDriverManager - Exporting webdriver.chrome.driver as C:\Users\Swarali Narvekar\.cache\selenium\chromedriver\win32\103.0.5060.134\chromedriver.exe
2022-07-25 10:50:21 INFO  SetUp - Chrome Browser Launched..
2022-07-25 10:50:25 INFO  SetUp - URL : https://arabretail.crmnext.com/g7/app/login/login
2022-07-25 10:50:25 INFO  ScreenShot - ScreenShot captured LoginPage || Status :Pass
2022-07-25 10:50:28 INFO  CommonMethods - Data Sucessfully entered on User Name = BM
2022-07-25 10:50:30 INFO  CommonMethods - Data Sucessfully entered on Password = acid_qa
2022-07-25 10:51:11 INFO  SetUp - Test Case_NTBDeposits_Successfully Passed
2022-07-25 10:51:12 INFO  CommonMethods - Row num for TestScenario = NTBDeposits is = 3
2022-07-25 10:51:14 INFO  ExcelOperation - Write to excel with : Row=3 | Cell =3 | Data =Pass
2022-07-25 11:08:30 INFO  Utils - [TestNG] Running:
  C:\Users\Swarali Narvekar\eclipse-workspace\MasterFramework-master\MasterFramework-master\MasterFramework\testng.xml

2022-07-25 11:08:30 INFO  SetUp - Test Case_VerifyCRMLogin_Successfully Started
2022-07-25 11:08:31 INFO  SetUp - Test Case_VerifyCRMLogin_get Skipped as its Runmode is 'NO' 
2022-07-25 11:08:31 INFO  SetUp - Test Case_NTBBankassuranceJordan_Successfully Started
2022-07-25 11:08:32 INFO  SetUp - Test Case_NTBBankassuranceJordan_get Skipped as its Runmode is 'NO' 
2022-07-25 11:08:32 INFO  SetUp - Test Case_NTBDeposits_Successfully Started
2022-07-25 11:08:32 INFO  SetUp - Browser = Chrome
2022-07-25 11:08:33 INFO  WebDriverManager - Using chromedriver 103.0.5060.134 (resolved driver for Chrome 103)
2022-07-25 11:08:33 INFO  WebDriverManager - Exporting webdriver.chrome.driver as C:\Users\Swarali Narvekar\.cache\selenium\chromedriver\win32\103.0.5060.134\chromedriver.exe
2022-07-25 11:08:38 INFO  SetUp - Chrome Browser Launched..
2022-07-25 11:08:42 INFO  SetUp - URL : https://arabretail.crmnext.com/g7/app/login/login
2022-07-25 11:08:43 INFO  ScreenShot - ScreenShot captured LoginPage || Status :Pass
2022-07-25 11:08:44 INFO  CommonMethods - Data Sucessfully entered on User Name = BM
2022-07-25 11:08:46 INFO  CommonMethods - Data Sucessfully entered on Password = acid_qa
2022-07-25 11:09:34 INFO  CommonMethods - E-Fixed : Data Sucessfully Selected from dropdown 
2022-07-25 11:09:35 INFO  CommonMethods - Data Sucessfully entered on  = 909996993
2022-07-25 11:09:37 INFO  CommonMethods - Data Sucessfully entered on  = 223
2022-07-25 11:09:38 INFO  CommonMethods - MRS. : Data Sucessfully Selected from dropdown 
2022-07-25 11:09:40 INFO  CommonMethods - Data Sucessfully entered on Full Name = Iga
2022-07-25 11:09:41 INFO  CommonMethods - Hot : Data Sucessfully Selected from dropdown 
2022-07-25 11:09:41 INFO  SetUp - Test Case_NTBDeposits_Successfully Passed
2022-07-25 11:09:42 INFO  CommonMethods - Row num for TestScenario = NTBDeposits is = 3
2022-07-25 11:09:43 INFO  ExcelOperation - Write to excel with : Row=3 | Cell =3 | Data =Pass
2022-07-25 11:21:24 INFO  Utils - [TestNG] Running:
  C:\Users\Swarali Narvekar\eclipse-workspace\MasterFramework-master\MasterFramework-master\MasterFramework\testng.xml

2022-07-25 11:21:24 INFO  SetUp - Test Case_VerifyCRMLogin_Successfully Started
2022-07-25 11:21:25 INFO  SetUp - Test Case_VerifyCRMLogin_get Skipped as its Runmode is 'NO' 
2022-07-25 11:21:26 INFO  SetUp - Test Case_NTBBankassuranceJordan_Successfully Started
2022-07-25 11:21:26 INFO  SetUp - Test Case_NTBBankassuranceJordan_get Skipped as its Runmode is 'NO' 
2022-07-25 11:21:26 INFO  SetUp - Test Case_NTBDeposits_Successfully Started
2022-07-25 11:21:26 INFO  SetUp - Browser = Chrome
2022-07-25 11:21:27 INFO  WebDriverManager - Using chromedriver 103.0.5060.134 (resolved driver for Chrome 103)
2022-07-25 11:21:27 INFO  WebDriverManager - Exporting webdriver.chrome.driver as C:\Users\Swarali Narvekar\.cache\selenium\chromedriver\win32\103.0.5060.134\chromedriver.exe
2022-07-25 11:21:29 INFO  SetUp - Chrome Browser Launched..
2022-07-25 11:21:32 INFO  SetUp - URL : https://arabretail.crmnext.com/g7/app/login/login
2022-07-25 11:21:33 INFO  ScreenShot - ScreenShot captured LoginPage || Status :Pass
2022-07-25 11:21:34 INFO  CommonMethods - Data Sucessfully entered on User Name = BM
2022-07-25 11:21:36 INFO  CommonMethods - Data Sucessfully entered on Password = acid_qa
2022-07-25 11:22:55 INFO  CommonMethods - E-Fixed : Data Sucessfully Selected from dropdown 
2022-07-25 11:22:57 INFO  CommonMethods - Data Sucessfully entered on  = 909996993
2022-07-25 11:22:58 INFO  CommonMethods - Data Sucessfully entered on  = 223
2022-07-25 11:23:00 INFO  CommonMethods - MRS. : Data Sucessfully Selected from dropdown 
2022-07-25 11:23:01 INFO  CommonMethods - Data Sucessfully entered on Full Name = Iga
2022-07-25 11:23:03 INFO  CommonMethods - Hot : Data Sucessfully Selected from dropdown 
2022-07-25 11:23:04 INFO  CommonMethods - Social Media : Data Sucessfully Selected from dropdown 
2022-07-25 11:23:06 INFO  CommonMethods - Data Sucessfully entered on  = 450
2022-07-25 11:23:07 INFO  CommonMethods - Data Sucessfully entered on  = 3
2022-07-25 11:23:09 INFO  CommonMethods - Data Sucessfully entered on  = Loving Automation
2022-07-25 11:23:11 INFO  CommonMethods - Data Sucessfully entered on Please post your comments here = Learning Experience
2022-07-25 11:23:13 INFO  CommonMethods - Data Sucessfully entered on  = Ajloun
2022-07-25 11:23:16 INFO  CommonMethods - Data Sucessfully entered on  = Ajloun
2022-07-25 11:23:18 INFO  CommonMethods - Data Sucessfully entered on  = Ajloun
2022-07-25 11:23:19 INFO  SetUp - Test Case_NTBDeposits_Successfully Passed
2022-07-25 11:23:19 INFO  CommonMethods - Row num for TestScenario = NTBDeposits is = 3
2022-07-25 11:23:20 INFO  ExcelOperation - Write to excel with : Row=3 | Cell =3 | Data =Pass
2022-07-25 11:39:41 INFO  Utils - [TestNG] Running:
  C:\Users\Swarali Narvekar\eclipse-workspace\MasterFramework-master\MasterFramework-master\MasterFramework\testng.xml

2022-07-25 11:39:41 INFO  SetUp - Test Case_VerifyCRMLogin_Successfully Started
2022-07-25 11:39:42 INFO  SetUp - Test Case_VerifyCRMLogin_get Skipped as its Runmode is 'NO' 
2022-07-25 11:39:42 INFO  SetUp - Test Case_NTBBankassuranceJordan_Successfully Started
2022-07-25 11:39:43 INFO  SetUp - Test Case_NTBBankassuranceJordan_get Skipped as its Runmode is 'NO' 
2022-07-25 11:39:43 INFO  SetUp - Test Case_NTBDeposits_Successfully Started
2022-07-25 11:39:43 INFO  SetUp - Browser = Chrome
2022-07-25 11:39:46 INFO  WebDriverManager - Using chromedriver 103.0.5060.134 (resolved driver for Chrome 103)
2022-07-25 11:39:46 INFO  WebDriverManager - Exporting webdriver.chrome.driver as C:\Users\Swarali Narvekar\.cache\selenium\chromedriver\win32\103.0.5060.134\chromedriver.exe
2022-07-25 11:39:56 INFO  SetUp - Chrome Browser Launched..
2022-07-25 11:39:59 INFO  SetUp - URL : https://arabretail.crmnext.com/g7/app/login/login
2022-07-25 11:40:00 INFO  ScreenShot - ScreenShot captured LoginPage || Status :Pass
2022-07-25 11:40:02 INFO  CommonMethods - Data Sucessfully entered on User Name = BM
2022-07-25 11:40:03 INFO  CommonMethods - Data Sucessfully entered on Password = acid_qa
2022-07-25 11:41:18 INFO  CommonMethods - E-Fixed : Data Sucessfully Selected from dropdown 
2022-07-25 11:41:19 INFO  CommonMethods - Data Sucessfully entered on  = 9096993
2022-07-25 11:41:21 INFO  CommonMethods - Data Sucessfully entered on  = 223
2022-07-25 11:41:22 INFO  CommonMethods - MRS. : Data Sucessfully Selected from dropdown 
2022-07-25 11:41:24 INFO  CommonMethods - Data Sucessfully entered on Full Name = Iga
2022-07-25 11:41:25 INFO  CommonMethods - Hot : Data Sucessfully Selected from dropdown 
2022-07-25 11:41:27 INFO  CommonMethods - Social Media : Data Sucessfully Selected from dropdown 
2022-07-25 11:41:28 INFO  CommonMethods - Data Sucessfully entered on  = 450
2022-07-25 11:41:30 INFO  CommonMethods - Data Sucessfully entered on  = 3
2022-07-25 11:41:32 INFO  CommonMethods - Data Sucessfully entered on  = Loving Automation
2022-07-25 11:41:34 INFO  CommonMethods - Data Sucessfully entered on Please post your comments here = Learning Experience
2022-07-25 11:41:35 INFO  CommonMethods - Data Sucessfully entered on  = Ajloun
2022-07-25 11:41:37 INFO  CommonMethods - Data Sucessfully entered on  = Ajloun
2022-07-25 11:41:39 INFO  CommonMethods - Data Sucessfully entered on  = Ajloun
2022-07-25 11:42:16 INFO  SetUp - Test Case_NTBDeposits_Successfully Passed
2022-07-25 11:42:16 INFO  CommonMethods - Row num for TestScenario = NTBDeposits is = 3
2022-07-25 11:42:17 INFO  ExcelOperation - Write to excel with : Row=3 | Cell =3 | Data =Pass
2022-07-25 11:58:54 INFO  Utils - [TestNG] Running:
  C:\Users\Swarali Narvekar\eclipse-workspace\MasterFramework-master\MasterFramework-master\MasterFramework\testng.xml

2022-07-25 11:58:54 INFO  SetUp - Test Case_VerifyCRMLogin_Successfully Started
2022-07-25 11:58:55 INFO  SetUp - Test Case_VerifyCRMLogin_get Skipped as its Runmode is 'NO' 
2022-07-25 11:58:56 INFO  SetUp - Test Case_NTBBankassuranceJordan_Successfully Started
2022-07-25 11:58:56 INFO  SetUp - Test Case_NTBBankassuranceJordan_get Skipped as its Runmode is 'NO' 
2022-07-25 11:58:56 INFO  SetUp - Test Case_NTBDeposits_Successfully Started
2022-07-25 11:58:56 INFO  SetUp - Browser = Chrome
2022-07-25 11:58:57 INFO  WebDriverManager - Using chromedriver 103.0.5060.134 (resolved driver for Chrome 103)
2022-07-25 11:58:57 INFO  WebDriverManager - Exporting webdriver.chrome.driver as C:\Users\Swarali Narvekar\.cache\selenium\chromedriver\win32\103.0.5060.134\chromedriver.exe
2022-07-25 11:59:00 INFO  SetUp - Chrome Browser Launched..
2022-07-25 11:59:04 INFO  SetUp - URL : https://arabretail.crmnext.com/g7/app/login/login
2022-07-25 11:59:05 INFO  ScreenShot - ScreenShot captured LoginPage || Status :Pass
2022-07-25 11:59:06 INFO  CommonMethods - Data Sucessfully entered on User Name = BM
2022-07-25 11:59:08 INFO  CommonMethods - Data Sucessfully entered on Password = acid_qa
2022-07-25 12:00:38 INFO  CommonMethods - E-Fixed : Data Sucessfully Selected from dropdown 
2022-07-25 12:00:40 INFO  CommonMethods - Data Sucessfully entered on  = 909633993
2022-07-25 12:00:41 INFO  CommonMethods - Data Sucessfully entered on  = 223
2022-07-25 12:00:43 INFO  CommonMethods - MRS. : Data Sucessfully Selected from dropdown 
2022-07-25 12:00:44 INFO  CommonMethods - Data Sucessfully entered on Full Name = Iga
2022-07-25 12:00:46 INFO  CommonMethods - Hot : Data Sucessfully Selected from dropdown 
2022-07-25 12:00:48 INFO  CommonMethods - Social Media : Data Sucessfully Selected from dropdown 
2022-07-25 12:00:49 INFO  CommonMethods - Data Sucessfully entered on  = 450
2022-07-25 12:00:51 INFO  CommonMethods - Data Sucessfully entered on  = 3
2022-07-25 12:00:53 INFO  CommonMethods - Data Sucessfully entered on  = Loving Automation
2022-07-25 12:00:55 INFO  CommonMethods - Data Sucessfully entered on Please post your comments here = Learning Experience
2022-07-25 12:00:56 INFO  CommonMethods - Data Sucessfully entered on  = Ajloun
2022-07-25 12:00:58 INFO  CommonMethods - Data Sucessfully entered on  = Ajloun
2022-07-25 12:01:00 INFO  CommonMethods - Data Sucessfully entered on  = Ajloun
2022-07-25 12:02:18 ERROR CommonMethods - Data Not Sucessfully entered on DD/MM/YYYY due to :Cannot get a STRING value from a NUMERIC cell
2022-07-25 12:02:18 INFO  SetUp - Test Case_NTBDeposits_Successfully Passed
2022-07-25 12:02:18 INFO  CommonMethods - Row num for TestScenario = NTBDeposits is = 3
2022-07-25 12:02:19 INFO  ExcelOperation - Write to excel with : Row=3 | Cell =3 | Data =Pass
2022-07-25 12:12:57 INFO  Utils - [TestNG] Running:
  C:\Users\Swarali Narvekar\eclipse-workspace\MasterFramework-master\MasterFramework-master\MasterFramework\testng.xml

2022-07-25 12:12:58 INFO  SetUp - Test Case_VerifyCRMLogin_Successfully Started
2022-07-25 12:13:00 INFO  SetUp - Test Case_VerifyCRMLogin_get Skipped as its Runmode is 'NO' 
2022-07-25 12:13:01 INFO  SetUp - Test Case_NTBBankassuranceJordan_Successfully Started
2022-07-25 12:13:02 INFO  SetUp - Test Case_NTBBankassuranceJordan_get Skipped as its Runmode is 'NO' 
2022-07-25 12:13:02 INFO  SetUp - Test Case_NTBDeposits_Successfully Started
2022-07-25 12:13:02 INFO  SetUp - Browser = Chrome
2022-07-25 12:13:03 INFO  WebDriverManager - Using chromedriver 103.0.5060.134 (resolved driver for Chrome 103)
2022-07-25 12:13:03 INFO  WebDriverManager - Exporting webdriver.chrome.driver as C:\Users\Swarali Narvekar\.cache\selenium\chromedriver\win32\103.0.5060.134\chromedriver.exe
2022-07-25 12:13:15 INFO  SetUp - Chrome Browser Launched..
2022-07-25 12:13:20 INFO  SetUp - URL : https://arabretail.crmnext.com/g7/app/login/login
2022-07-25 12:13:20 INFO  ScreenShot - ScreenShot captured LoginPage || Status :Pass
2022-07-25 12:13:22 INFO  CommonMethods - Data Sucessfully entered on User Name = BM
2022-07-25 12:13:23 INFO  CommonMethods - Data Sucessfully entered on Password = acid_qa
2022-07-25 12:14:52 INFO  CommonMethods - E-Fixed : Data Sucessfully Selected from dropdown 
2022-07-25 12:14:55 INFO  CommonMethods - Data Sucessfully entered on  = 90969933993
2022-07-25 12:14:56 INFO  CommonMethods - Data Sucessfully entered on  = 223
2022-07-25 12:14:58 INFO  CommonMethods - MRS. : Data Sucessfully Selected from dropdown 
2022-07-25 12:15:00 INFO  CommonMethods - Data Sucessfully entered on Full Name = Iga
2022-07-25 12:15:02 INFO  CommonMethods - Hot : Data Sucessfully Selected from dropdown 
2022-07-25 12:15:04 INFO  CommonMethods - Social Media : Data Sucessfully Selected from dropdown 
2022-07-25 12:15:07 INFO  CommonMethods - Data Sucessfully entered on  = 450
2022-07-25 12:15:09 INFO  CommonMethods - Data Sucessfully entered on  = 3
2022-07-25 12:15:11 INFO  CommonMethods - Data Sucessfully entered on  = Loving Automation
2022-07-25 12:15:16 INFO  CommonMethods - Data Sucessfully entered on Please post your comments here = Learning Experience
2022-07-25 12:15:18 INFO  CommonMethods - Data Sucessfully entered on  = Ajloun
2022-07-25 12:15:21 INFO  CommonMethods - Data Sucessfully entered on  = Ajloun
2022-07-25 12:15:23 INFO  CommonMethods - Data Sucessfully entered on  = Ajloun
2022-07-25 12:16:50 INFO  CommonMethods - Data Sucessfully entered on DD/MM/YYYY = 26/07/2022
2022-07-25 12:16:50 INFO  SetUp - Test Case_NTBDeposits_Successfully Passed
2022-07-25 12:16:50 INFO  CommonMethods - Row num for TestScenario = NTBDeposits is = 3
2022-07-25 12:16:51 INFO  ExcelOperation - Write to excel with : Row=3 | Cell =3 | Data =Pass
2022-07-25 12:45:56 INFO  Utils - [TestNG] Running:
  C:\Users\Swarali Narvekar\eclipse-workspace\MasterFramework-master\MasterFramework-master\MasterFramework\testng.xml

2022-07-25 12:45:56 INFO  SetUp - Test Case_VerifyCRMLogin_Successfully Started
2022-07-25 12:45:57 INFO  SetUp - Test Case_VerifyCRMLogin_get Skipped as its Runmode is 'NO' 
2022-07-25 12:45:57 INFO  SetUp - Test Case_NTBBankassuranceJordan_Successfully Started
2022-07-25 12:45:58 INFO  SetUp - Test Case_NTBBankassuranceJordan_get Skipped as its Runmode is 'NO' 
2022-07-25 12:45:58 INFO  SetUp - Test Case_NTBDeposits_Successfully Started
2022-07-25 12:45:58 INFO  SetUp - Browser = Chrome
2022-07-25 12:46:01 INFO  WebDriverManager - Using chromedriver 103.0.5060.134 (resolved driver for Chrome 103)
2022-07-25 12:46:01 INFO  WebDriverManager - Exporting webdriver.chrome.driver as C:\Users\Swarali Narvekar\.cache\selenium\chromedriver\win32\103.0.5060.134\chromedriver.exe
2022-07-25 12:46:05 INFO  SetUp - Chrome Browser Launched..
2022-07-25 12:46:09 INFO  SetUp - URL : https://arabretail.crmnext.com/g7/app/login/login
2022-07-25 12:46:09 INFO  ScreenShot - ScreenShot captured LoginPage || Status :Pass
2022-07-25 12:46:11 INFO  CommonMethods - Data Sucessfully entered on User Name = BM
2022-07-25 12:46:12 INFO  CommonMethods - Data Sucessfully entered on Password = acid_qa
2022-07-25 12:47:24 INFO  CommonMethods - E-Fixed : Data Sucessfully Selected from dropdown 
2022-07-25 12:47:25 INFO  CommonMethods - Data Sucessfully entered on  = 969996993
2022-07-25 12:47:27 INFO  CommonMethods - Data Sucessfully entered on  = 223
2022-07-25 12:47:28 INFO  CommonMethods - MRS. : Data Sucessfully Selected from dropdown 
2022-07-25 12:47:29 INFO  CommonMethods - Data Sucessfully entered on Full Name = Iga
2022-07-25 12:47:31 INFO  CommonMethods - Hot : Data Sucessfully Selected from dropdown 
2022-07-25 12:47:32 INFO  CommonMethods - Social Media : Data Sucessfully Selected from dropdown 
2022-07-25 12:47:33 INFO  CommonMethods - Data Sucessfully entered on  = 450
2022-07-25 12:47:35 INFO  CommonMethods - Data Sucessfully entered on  = 3
2022-07-25 12:47:36 INFO  CommonMethods - Data Sucessfully entered on  = Loving Automation
2022-07-25 12:47:38 INFO  CommonMethods - Data Sucessfully entered on Please post your comments here = Learning Experience
2022-07-25 12:47:40 INFO  CommonMethods - Data Sucessfully entered on  = Ajloun
2022-07-25 12:47:42 INFO  CommonMethods - Data Sucessfully entered on  = Ajloun
2022-07-25 12:47:44 INFO  CommonMethods - Data Sucessfully entered on  = Ajloun
2022-07-25 12:48:41 INFO  CommonMethods - Data Sucessfully entered on DD/MM/YYYY = 26/07/2022
2022-07-25 12:48:46 INFO  CommonMethods - Data Sucessfully entered on __:__ __ = 11:11
2022-07-25 12:48:46 INFO  SetUp - Test Case_NTBDeposits_Successfully Passed
2022-07-25 12:48:46 INFO  CommonMethods - Row num for TestScenario = NTBDeposits is = 3
2022-07-25 12:48:47 INFO  ExcelOperation - Write to excel with : Row=3 | Cell =3 | Data =Pass
2022-07-25 12:49:40 INFO  Utils - [TestNG] Running:
  C:\Users\Swarali Narvekar\eclipse-workspace\MasterFramework-master\MasterFramework-master\MasterFramework\testng.xml

2022-07-25 12:49:40 INFO  SetUp - Test Case_VerifyCRMLogin_Successfully Started
2022-07-25 12:49:41 INFO  SetUp - Test Case_VerifyCRMLogin_get Skipped as its Runmode is 'NO' 
2022-07-25 12:49:42 INFO  SetUp - Test Case_NTBBankassuranceJordan_Successfully Started
2022-07-25 12:49:42 INFO  SetUp - Test Case_NTBBankassuranceJordan_get Skipped as its Runmode is 'NO' 
2022-07-25 12:49:42 INFO  SetUp - Test Case_NTBDeposits_Successfully Started
2022-07-25 12:49:42 INFO  SetUp - Browser = Chrome
2022-07-25 12:49:43 INFO  WebDriverManager - Using chromedriver 103.0.5060.134 (resolved driver for Chrome 103)
2022-07-25 12:49:43 INFO  WebDriverManager - Exporting webdriver.chrome.driver as C:\Users\Swarali Narvekar\.cache\selenium\chromedriver\win32\103.0.5060.134\chromedriver.exe
2022-07-25 12:49:47 INFO  SetUp - Chrome Browser Launched..
2022-07-25 12:49:49 INFO  SetUp - URL : https://arabretail.crmnext.com/g7/app/login/login
2022-07-25 12:49:50 INFO  ScreenShot - ScreenShot captured LoginPage || Status :Pass
2022-07-25 12:49:51 INFO  CommonMethods - Data Sucessfully entered on User Name = BM
2022-07-25 12:49:52 INFO  CommonMethods - Data Sucessfully entered on Password = acid_qa
2022-07-25 12:50:34 INFO  CommonMethods - E-Fixed : Data Sucessfully Selected from dropdown 
2022-07-25 12:50:35 INFO  CommonMethods - Data Sucessfully entered on  = 969116993
2022-07-25 12:50:36 INFO  CommonMethods - Data Sucessfully entered on  = 223
2022-07-25 12:50:38 INFO  CommonMethods - MRS. : Data Sucessfully Selected from dropdown 
2022-07-25 12:50:39 INFO  CommonMethods - Data Sucessfully entered on Full Name = Iga
2022-07-25 12:50:40 INFO  CommonMethods - Hot : Data Sucessfully Selected from dropdown 
2022-07-25 12:50:42 INFO  CommonMethods - Social Media : Data Sucessfully Selected from dropdown 
2022-07-25 12:50:43 INFO  CommonMethods - Data Sucessfully entered on  = 450
2022-07-25 12:50:44 INFO  CommonMethods - Data Sucessfully entered on  = 3
2022-07-25 12:50:46 INFO  CommonMethods - Data Sucessfully entered on  = Loving Automation
2022-07-25 12:50:48 INFO  CommonMethods - Data Sucessfully entered on Please post your comments here = Learning Experience
2022-07-25 12:50:49 INFO  CommonMethods - Data Sucessfully entered on  = Ajloun
2022-07-25 12:50:51 INFO  CommonMethods - Data Sucessfully entered on  = Ajloun
2022-07-25 12:50:53 INFO  CommonMethods - Data Sucessfully entered on  = Ajloun
2022-07-25 12:51:56 INFO  CommonMethods - Data Sucessfully entered on DD/MM/YYYY = 26/07/2022
2022-07-25 12:52:01 INFO  CommonMethods - Data Sucessfully entered on __:__ __ = 11:11 AM
2022-07-25 12:52:01 INFO  SetUp - Test Case_NTBDeposits_Successfully Passed
2022-07-25 12:52:01 INFO  CommonMethods - Row num for TestScenario = NTBDeposits is = 3
2022-07-25 12:52:02 INFO  ExcelOperation - Write to excel with : Row=3 | Cell =3 | Data =Pass
2022-07-25 12:56:08 INFO  Utils - [TestNG] Running:
  C:\Users\Swarali Narvekar\eclipse-workspace\MasterFramework-master\MasterFramework-master\MasterFramework\testng.xml

2022-07-25 12:56:08 INFO  SetUp - Test Case_VerifyCRMLogin_Successfully Started
2022-07-25 12:56:09 INFO  SetUp - Test Case_VerifyCRMLogin_get Skipped as its Runmode is 'NO' 
2022-07-25 12:56:10 INFO  SetUp - Test Case_NTBBankassuranceJordan_Successfully Started
2022-07-25 12:56:10 INFO  SetUp - Test Case_NTBBankassuranceJordan_get Skipped as its Runmode is 'NO' 
2022-07-25 12:56:10 INFO  SetUp - Test Case_NTBDeposits_Successfully Started
2022-07-25 12:56:10 INFO  SetUp - Browser = Chrome
2022-07-25 12:56:11 INFO  WebDriverManager - Using chromedriver 103.0.5060.134 (resolved driver for Chrome 103)
2022-07-25 12:56:11 INFO  WebDriverManager - Exporting webdriver.chrome.driver as C:\Users\Swarali Narvekar\.cache\selenium\chromedriver\win32\103.0.5060.134\chromedriver.exe
2022-07-25 12:56:13 INFO  SetUp - Chrome Browser Launched..
2022-07-25 12:56:16 INFO  SetUp - URL : https://arabretail.crmnext.com/g7/app/login/login
2022-07-25 12:56:17 INFO  ScreenShot - ScreenShot captured LoginPage || Status :Pass
2022-07-25 12:56:18 INFO  CommonMethods - Data Sucessfully entered on User Name = BM
2022-07-25 12:56:19 INFO  CommonMethods - Data Sucessfully entered on Password = acid_qa
2022-07-25 12:57:53 INFO  CommonMethods - E-Fixed : Data Sucessfully Selected from dropdown 
2022-07-25 12:57:54 INFO  CommonMethods - Data Sucessfully entered on  = 969116993
2022-07-25 12:57:56 INFO  CommonMethods - Data Sucessfully entered on  = 223
2022-07-25 12:57:57 INFO  CommonMethods - MRS. : Data Sucessfully Selected from dropdown 
2022-07-25 12:57:58 INFO  CommonMethods - Data Sucessfully entered on Full Name = Iga
2022-07-25 12:58:00 INFO  CommonMethods - Hot : Data Sucessfully Selected from dropdown 
2022-07-25 12:58:01 INFO  CommonMethods - Social Media : Data Sucessfully Selected from dropdown 
2022-07-25 12:58:02 INFO  CommonMethods - Data Sucessfully entered on  = 450
2022-07-25 12:58:04 INFO  CommonMethods - Data Sucessfully entered on  = 3
2022-07-25 12:58:05 INFO  CommonMethods - Data Sucessfully entered on  = Loving Automation
2022-07-25 12:58:07 INFO  CommonMethods - Data Sucessfully entered on Please post your comments here = Learning Experience
2022-07-25 12:58:09 INFO  CommonMethods - Data Sucessfully entered on  = Ajloun
2022-07-25 12:58:11 INFO  CommonMethods - Data Sucessfully entered on  = Ajloun
2022-07-25 12:58:13 INFO  CommonMethods - Data Sucessfully entered on  = Ajloun
2022-07-25 12:58:33 ERROR SetUp - NTBDeposits Get Failed due to 
chrome not reachable
  (Session info: chrome=103.0.5060.134)
Build info: version: '4.1.0', revision: '87802e897b'
System info: host: 'SWARALIN', ip: '192.168.1.16', os.name: 'Windows 11', os.arch: 'amd64', os.version: '10.0', java.version: '17.0.3'
Driver info: org.openqa.selenium.chrome.ChromeDriver
Command: [58f8b64b166b15fd4d0b06b31a016e00, findElement {using=xpath, value=//img[@alt='Lead Owner']}]
Capabilities {acceptInsecureCerts: true, browserName: chrome, browserVersion: 103.0.5060.134, chrome: {chromedriverVersion: 103.0.5060.134 (8ec6fce403b..., userDataDir: C:\Users\SWARAL~1\AppData\L...}, goog:chromeOptions: {debuggerAddress: localhost:63298}, javascriptEnabled: true, networkConnectionEnabled: false, pageLoadStrategy: normal, platform: WINDOWS, platformName: WINDOWS, proxy: Proxy(), se:cdp: ws://localhost:63298/devtoo..., se:cdpVersion: 103.0.5060.134, setWindowRect: true, strictFileInteractability: false, timeouts: {implicit: 0, pageLoad: 300000, script: 30000}, unhandledPromptBehavior: dismiss and notify, webauthn:extension:credBlob: true, webauthn:extension:largeBlob: true, webauthn:virtualAuthenticators: true}
Session ID: 58f8b64b166b15fd4d0b06b31a016e00
2022-07-25 12:58:46 ERROR ScreenShot - Unbale to capture screenshot due to chrome not reachable
  (Session info: chrome=103.0.5060.134)
Build info: version: '4.1.0', revision: '87802e897b'
System info: host: 'SWARALIN', ip: '192.168.1.16', os.name: 'Windows 11', os.arch: 'amd64', os.version: '10.0', java.version: '17.0.3'
Driver info: org.openqa.selenium.chrome.ChromeDriver
Command: [58f8b64b166b15fd4d0b06b31a016e00, screenshot {}]
Capabilities {acceptInsecureCerts: true, browserName: chrome, browserVersion: 103.0.5060.134, chrome: {chromedriverVersion: 103.0.5060.134 (8ec6fce403b..., userDataDir: C:\Users\SWARAL~1\AppData\L...}, goog:chromeOptions: {debuggerAddress: localhost:63298}, javascriptEnabled: true, networkConnectionEnabled: false, pageLoadStrategy: normal, platform: WINDOWS, platformName: WINDOWS, proxy: Proxy(), se:cdp: ws://localhost:63298/devtoo..., se:cdpVersion: 103.0.5060.134, setWindowRect: true, strictFileInteractability: false, timeouts: {implicit: 0, pageLoad: 300000, script: 30000}, unhandledPromptBehavior: dismiss and notify, webauthn:extension:credBlob: true, webauthn:extension:largeBlob: true, webauthn:virtualAuthenticators: true}
Session ID: 58f8b64b166b15fd4d0b06b31a016e00
2022-07-25 12:58:46 INFO  CommonMethods - Row num for TestScenario = NTBDeposits is = 3
2022-07-25 12:58:47 INFO  ExcelOperation - Write to excel with : Row=3 | Cell =3 | Data =Fail
2022-07-25 13:00:09 INFO  Utils - [TestNG] Running:
  C:\Users\Swarali Narvekar\eclipse-workspace\MasterFramework-master\MasterFramework-master\MasterFramework\testng.xml

2022-07-25 13:00:09 INFO  SetUp - Test Case_VerifyCRMLogin_Successfully Started
2022-07-25 13:00:11 INFO  SetUp - Test Case_VerifyCRMLogin_get Skipped as its Runmode is 'NO' 
2022-07-25 13:00:11 INFO  SetUp - Test Case_NTBBankassuranceJordan_Successfully Started
2022-07-25 13:00:12 INFO  SetUp - Test Case_NTBBankassuranceJordan_get Skipped as its Runmode is 'NO' 
2022-07-25 13:00:12 INFO  SetUp - Test Case_NTBDeposits_Successfully Started
2022-07-25 13:00:12 INFO  SetUp - Browser = Chrome
2022-07-25 13:00:13 INFO  WebDriverManager - Using chromedriver 103.0.5060.134 (resolved driver for Chrome 103)
2022-07-25 13:00:13 INFO  WebDriverManager - Exporting webdriver.chrome.driver as C:\Users\Swarali Narvekar\.cache\selenium\chromedriver\win32\103.0.5060.134\chromedriver.exe
2022-07-25 13:00:16 INFO  SetUp - Chrome Browser Launched..
2022-07-25 13:00:19 INFO  SetUp - URL : https://arabretail.crmnext.com/g7/app/login/login
2022-07-25 13:00:19 INFO  ScreenShot - ScreenShot captured LoginPage || Status :Pass
2022-07-25 13:00:21 INFO  CommonMethods - Data Sucessfully entered on User Name = BM
2022-07-25 13:00:22 INFO  CommonMethods - Data Sucessfully entered on Password = acid_qa
2022-07-25 13:01:30 INFO  CommonMethods - E-Fixed : Data Sucessfully Selected from dropdown 
2022-07-25 13:01:31 INFO  CommonMethods - Data Sucessfully entered on  = 96911116993
2022-07-25 13:01:33 INFO  CommonMethods - Data Sucessfully entered on  = 223
2022-07-25 13:01:34 INFO  CommonMethods - MRS. : Data Sucessfully Selected from dropdown 
2022-07-25 13:01:35 INFO  CommonMethods - Data Sucessfully entered on Full Name = Iga
2022-07-25 13:01:37 INFO  CommonMethods - Hot : Data Sucessfully Selected from dropdown 
2022-07-25 13:01:38 INFO  CommonMethods - Social Media : Data Sucessfully Selected from dropdown 
2022-07-25 13:01:40 INFO  CommonMethods - Data Sucessfully entered on  = 450
2022-07-25 13:01:41 INFO  CommonMethods - Data Sucessfully entered on  = 3
2022-07-25 13:01:43 INFO  CommonMethods - Data Sucessfully entered on  = Loving Automation
2022-07-25 13:01:44 INFO  CommonMethods - Data Sucessfully entered on Please post your comments here = Learning Experience
2022-07-25 13:01:46 INFO  CommonMethods - Data Sucessfully entered on  = Ajloun
2022-07-25 13:01:48 INFO  CommonMethods - Data Sucessfully entered on  = Ajloun
2022-07-25 13:01:50 INFO  CommonMethods - Data Sucessfully entered on  = Ajloun
2022-07-25 13:03:15 INFO  CommonMethods - Data Sucessfully entered on DD/MM/YYYY = 26/07/2022
2022-07-25 13:03:20 INFO  CommonMethods - Data Sucessfully entered on __:__ __ = 11:11 AM
2022-07-25 13:03:21 INFO  SetUp - Test Case_NTBDeposits_Successfully Passed
2022-07-25 13:03:21 INFO  CommonMethods - Row num for TestScenario = NTBDeposits is = 3
2022-07-25 13:03:22 INFO  ExcelOperation - Write to excel with : Row=3 | Cell =3 | Data =Pass
2022-07-25 13:47:43 INFO  Utils - [TestNG] Running:
  C:\Users\Swarali Narvekar\eclipse-workspace\MasterFramework-master\MasterFramework-master\MasterFramework\testng.xml

2022-07-25 13:47:43 INFO  SetUp - Test Case_VerifyCRMLogin_Successfully Started
2022-07-25 13:47:44 INFO  SetUp - Test Case_VerifyCRMLogin_get Skipped as its Runmode is 'NO' 
2022-07-25 13:47:44 INFO  SetUp - Test Case_NTBBankassuranceJordan_Successfully Started
2022-07-25 13:47:45 INFO  SetUp - Test Case_NTBBankassuranceJordan_get Skipped as its Runmode is 'NO' 
2022-07-25 13:47:45 INFO  SetUp - Test Case_NTBDeposits_Successfully Started
2022-07-25 13:47:45 INFO  SetUp - Browser = Chrome
2022-07-25 13:47:47 INFO  WebDriverManager - Using chromedriver 103.0.5060.134 (resolved driver for Chrome 103)
2022-07-25 13:47:47 INFO  WebDriverManager - Exporting webdriver.chrome.driver as C:\Users\Swarali Narvekar\.cache\selenium\chromedriver\win32\103.0.5060.134\chromedriver.exe
2022-07-25 13:47:59 INFO  SetUp - Chrome Browser Launched..
2022-07-25 13:48:01 INFO  SetUp - URL : https://arabretail.crmnext.com/g7/app/login/login
2022-07-25 13:48:02 INFO  ScreenShot - ScreenShot captured LoginPage || Status :Pass
2022-07-25 13:48:03 INFO  CommonMethods - Data Sucessfully entered on User Name = BM
2022-07-25 13:48:05 INFO  CommonMethods - Data Sucessfully entered on Password = acid_qa
2022-07-25 13:48:46 INFO  CommonMethods - E-Fixed : Data Sucessfully Selected from dropdown 
2022-07-25 13:48:47 INFO  CommonMethods - Data Sucessfully entered on  = 9699116993
2022-07-25 13:48:49 INFO  CommonMethods - Data Sucessfully entered on  = 223
2022-07-25 13:48:50 INFO  CommonMethods - MRS. : Data Sucessfully Selected from dropdown 
2022-07-25 13:48:51 INFO  CommonMethods - Data Sucessfully entered on Full Name = Iga
2022-07-25 13:48:53 INFO  CommonMethods - Hot : Data Sucessfully Selected from dropdown 
2022-07-25 13:48:54 INFO  CommonMethods - Social Media : Data Sucessfully Selected from dropdown 
2022-07-25 13:48:55 INFO  CommonMethods - Data Sucessfully entered on  = 450
2022-07-25 13:48:57 INFO  CommonMethods - Data Sucessfully entered on  = 3
2022-07-25 13:48:58 INFO  CommonMethods - Data Sucessfully entered on  = Loving Automation
2022-07-25 13:49:00 INFO  CommonMethods - Data Sucessfully entered on Please post your comments here = Learning Experience
2022-07-25 13:49:02 INFO  CommonMethods - Data Sucessfully entered on  = Ajloun
2022-07-25 13:50:11 INFO  Utils - [TestNG] Running:
  C:\Users\Swarali Narvekar\eclipse-workspace\MasterFramework-master\MasterFramework-master\MasterFramework\testng.xml

2022-07-25 13:50:11 INFO  SetUp - Test Case_VerifyCRMLogin_Successfully Started
2022-07-25 13:50:13 INFO  SetUp - Test Case_VerifyCRMLogin_get Skipped as its Runmode is 'NO' 
2022-07-25 13:50:13 INFO  SetUp - Test Case_NTBBankassuranceJordan_Successfully Started
2022-07-25 13:50:13 INFO  SetUp - Test Case_NTBBankassuranceJordan_get Skipped as its Runmode is 'NO' 
2022-07-25 13:50:13 INFO  SetUp - Test Case_NTBDeposits_Successfully Started
2022-07-25 13:50:14 INFO  SetUp - Browser = Chrome
2022-07-25 13:50:14 INFO  WebDriverManager - Using chromedriver 103.0.5060.134 (resolved driver for Chrome 103)
2022-07-25 13:50:14 INFO  WebDriverManager - Exporting webdriver.chrome.driver as C:\Users\Swarali Narvekar\.cache\selenium\chromedriver\win32\103.0.5060.134\chromedriver.exe
2022-07-25 13:50:18 INFO  SetUp - Chrome Browser Launched..
2022-07-25 13:50:23 INFO  SetUp - URL : https://arabretail.crmnext.com/g7/app/login/login
2022-07-25 13:50:24 INFO  ScreenShot - ScreenShot captured LoginPage || Status :Pass
2022-07-25 13:50:25 INFO  CommonMethods - Data Sucessfully entered on User Name = BM
2022-07-25 13:50:26 INFO  CommonMethods - Data Sucessfully entered on Password = acid_qa
2022-07-25 13:51:02 INFO  CommonMethods - E-Fixed : Data Sucessfully Selected from dropdown 
2022-07-25 13:51:03 INFO  CommonMethods - Data Sucessfully entered on  = 9699116993
2022-07-25 13:51:04 INFO  CommonMethods - Data Sucessfully entered on  = 223
2022-07-25 13:51:06 INFO  CommonMethods - MRS. : Data Sucessfully Selected from dropdown 
2022-07-25 13:51:07 INFO  CommonMethods - Data Sucessfully entered on Full Name = Iga
2022-07-25 13:51:08 INFO  CommonMethods - Hot : Data Sucessfully Selected from dropdown 
2022-07-25 13:51:10 INFO  CommonMethods - Social Media : Data Sucessfully Selected from dropdown 
2022-07-25 13:51:11 INFO  CommonMethods - Data Sucessfully entered on  = 450
2022-07-25 13:51:13 INFO  CommonMethods - Data Sucessfully entered on  = 3
2022-07-25 13:51:14 INFO  CommonMethods - Data Sucessfully entered on  = Loving Automation
2022-07-25 13:51:16 INFO  CommonMethods - Data Sucessfully entered on Please post your comments here = Learning Experience
2022-07-25 13:51:17 INFO  CommonMethods - Data Sucessfully entered on  = Ajloun
2022-07-25 13:51:20 INFO  CommonMethods - Data Sucessfully entered on  = Ajloun
2022-07-25 13:51:22 INFO  CommonMethods - Data Sucessfully entered on  = Ajloun
2022-07-25 13:51:50 INFO  CommonMethods - Data Sucessfully entered on DD/MM/YYYY = 26/07/2022
2022-07-25 13:51:55 INFO  CommonMethods - Data Sucessfully entered on __:__ __ = 11:11 AM
2022-07-25 13:52:09 INFO  SetUp - Test Case_NTBDeposits_Successfully Passed
2022-07-25 13:52:09 INFO  CommonMethods - Row num for TestScenario = NTBDeposits is = 3
2022-07-25 13:52:10 INFO  ExcelOperation - Write to excel with : Row=3 | Cell =3 | Data =Pass
2022-07-25 14:03:43 INFO  Utils - [TestNG] Running:
  C:\Users\Swarali Narvekar\eclipse-workspace\MasterFramework-master\MasterFramework-master\MasterFramework\testng.xml

2022-07-25 14:03:43 INFO  SetUp - Test Case_VerifyCRMLogin_Successfully Started
2022-07-25 14:03:45 INFO  SetUp - Test Case_VerifyCRMLogin_get Skipped as its Runmode is 'NO' 
2022-07-25 14:03:46 INFO  SetUp - Test Case_NTBBankassuranceJordan_Successfully Started
2022-07-25 14:03:46 INFO  SetUp - Test Case_NTBBankassuranceJordan_get Skipped as its Runmode is 'NO' 
2022-07-25 14:03:46 INFO  SetUp - Test Case_NTBDeposits_Successfully Started
2022-07-25 14:03:46 INFO  SetUp - Browser = Chrome
2022-07-25 14:03:47 INFO  WebDriverManager - Using chromedriver 103.0.5060.134 (resolved driver for Chrome 103)
2022-07-25 14:03:47 INFO  WebDriverManager - Exporting webdriver.chrome.driver as C:\Users\Swarali Narvekar\.cache\selenium\chromedriver\win32\103.0.5060.134\chromedriver.exe
2022-07-25 14:03:54 INFO  SetUp - Chrome Browser Launched..
2022-07-25 14:03:57 INFO  SetUp - URL : https://arabretail.crmnext.com/g7/app/login/login
2022-07-25 14:03:58 INFO  ScreenShot - ScreenShot captured LoginPage || Status :Pass
2022-07-25 14:04:00 INFO  CommonMethods - Data Sucessfully entered on User Name = BM
2022-07-25 14:04:01 INFO  CommonMethods - Data Sucessfully entered on Password = acid_qa
2022-07-25 14:05:10 INFO  CommonMethods - E-Fixed : Data Sucessfully Selected from dropdown 
2022-07-25 14:05:11 INFO  CommonMethods - Data Sucessfully entered on  = 90933116993
2022-07-25 14:05:13 INFO  CommonMethods - Data Sucessfully entered on  = 223
2022-07-25 14:05:14 INFO  CommonMethods - MRS. : Data Sucessfully Selected from dropdown 
2022-07-25 14:05:16 INFO  CommonMethods - Data Sucessfully entered on Full Name = Iga
2022-07-25 14:05:17 INFO  CommonMethods - Hot : Data Sucessfully Selected from dropdown 
2022-07-25 14:05:19 INFO  CommonMethods - Social Media : Data Sucessfully Selected from dropdown 
2022-07-25 14:05:20 INFO  CommonMethods - Data Sucessfully entered on  = 450
2022-07-25 14:05:22 INFO  CommonMethods - Data Sucessfully entered on  = 3
2022-07-25 14:05:24 INFO  CommonMethods - Data Sucessfully entered on  = Loving Automation
2022-07-25 14:05:26 INFO  CommonMethods - Data Sucessfully entered on Please post your comments here = Learning Experience
2022-07-25 14:05:27 INFO  CommonMethods - Data Sucessfully entered on  = Ajloun
2022-07-25 14:05:30 INFO  CommonMethods - Data Sucessfully entered on  = Ajloun
2022-07-25 14:05:32 INFO  CommonMethods - Data Sucessfully entered on  = Ajloun
2022-07-25 14:06:28 INFO  CommonMethods - Data Sucessfully entered on DD/MM/YYYY = 26/07/2022
2022-07-25 14:06:33 INFO  CommonMethods - Data Sucessfully entered on __:__ __ = 11:11 AM
2022-07-25 14:06:52 INFO  CommonMethods - Data Sucessfully entered on  = 1234567895
2022-07-25 14:07:06 INFO  SetUp - Test Case_NTBDeposits_Successfully Passed
2022-07-25 14:07:06 INFO  CommonMethods - Row num for TestScenario = NTBDeposits is = 3
2022-07-25 14:07:07 INFO  ExcelOperation - Write to excel with : Row=3 | Cell =3 | Data =Pass
2022-07-25 15:00:35 INFO  Utils - [TestNG] Running:
  C:\Users\Swarali Narvekar\eclipse-workspace\MasterFramework-master\MasterFramework-master\MasterFramework\testng.xml

2022-07-25 15:00:35 INFO  SetUp - Test Case_VerifyCRMLogin_Successfully Started
2022-07-25 15:00:36 INFO  SetUp - Test Case_VerifyCRMLogin_get Skipped as its Runmode is 'NO' 
2022-07-25 15:00:37 INFO  SetUp - Test Case_NTBBankassuranceJordan_Successfully Started
2022-07-25 15:00:37 INFO  SetUp - Test Case_NTBBankassuranceJordan_get Skipped as its Runmode is 'NO' 
2022-07-25 15:00:37 INFO  SetUp - Test Case_NTBDeposits_Successfully Started
2022-07-25 15:00:37 INFO  SetUp - Browser = Chrome
2022-07-25 15:00:39 INFO  WebDriverManager - Using chromedriver 103.0.5060.134 (resolved driver for Chrome 103)
2022-07-25 15:00:39 INFO  WebDriverManager - Exporting webdriver.chrome.driver as C:\Users\Swarali Narvekar\.cache\selenium\chromedriver\win32\103.0.5060.134\chromedriver.exe
2022-07-25 15:00:42 INFO  SetUp - Chrome Browser Launched..
2022-07-25 15:00:45 INFO  SetUp - URL : https://arabretail.crmnext.com/g7/app/login/login
2022-07-25 15:00:45 INFO  ScreenShot - ScreenShot captured LoginPage || Status :Pass
2022-07-25 15:00:47 INFO  CommonMethods - Data Sucessfully entered on User Name = BM
2022-07-25 15:00:48 INFO  CommonMethods - Data Sucessfully entered on Password = acid_qa
2022-07-25 15:02:04 INFO  CommonMethods - E-Fixed : Data Sucessfully Selected from dropdown 
2022-07-25 15:02:06 INFO  CommonMethods - Data Sucessfully entered on  = 90909331193
2022-07-25 15:02:08 INFO  CommonMethods - Data Sucessfully entered on  = 223
2022-07-25 15:02:09 INFO  CommonMethods - MRS. : Data Sucessfully Selected from dropdown 
2022-07-25 15:02:10 INFO  CommonMethods - Data Sucessfully entered on Full Name = Iga
2022-07-25 15:02:12 INFO  CommonMethods - Hot : Data Sucessfully Selected from dropdown 
2022-07-25 15:02:13 INFO  CommonMethods - Social Media : Data Sucessfully Selected from dropdown 
2022-07-25 15:02:15 INFO  CommonMethods - Data Sucessfully entered on  = 450
2022-07-25 15:02:16 INFO  CommonMethods - Data Sucessfully entered on  = 3
2022-07-25 15:02:18 INFO  CommonMethods - Data Sucessfully entered on  = Loving Automation
2022-07-25 15:02:20 INFO  CommonMethods - Data Sucessfully entered on Please post your comments here = Learning Experience
2022-07-25 15:02:22 INFO  CommonMethods - Data Sucessfully entered on  = Ajloun
2022-07-25 15:02:24 INFO  CommonMethods - Data Sucessfully entered on  = Ajloun
2022-07-25 15:02:27 INFO  CommonMethods - Data Sucessfully entered on  = Ajloun
2022-07-25 15:03:44 INFO  CommonMethods - Data Sucessfully entered on DD/MM/YYYY = 26/07/2022
2022-07-25 15:03:48 INFO  CommonMethods - Data Sucessfully entered on __:__ __ = 11:11 AM
2022-07-25 15:04:07 INFO  CommonMethods - Data Sucessfully entered on  = 1234567895
2022-07-25 15:04:32 ERROR CommonMethods - Data Not Sucessfully entered on  due to :Cannot invoke "java.lang.Integer.intValue()" because the return value of "java.util.HashMap.get(Object)" is null
2022-07-25 15:05:46 ERROR SetUp - NTBDeposits Get Failed due to 
Expected condition failed: waiting for visibility of Proxy element for: DefaultElementLocator 'By.xpath: //img[@alt='Lead Owner']' (tried for 70 second(s) with 500 milliseconds interval)
2022-07-25 15:05:46 INFO  ScreenShot - ScreenShot captured NTBDeposits || Status :Fail
2022-07-25 15:05:46 INFO  CommonMethods - Row num for TestScenario = NTBDeposits is = 3
2022-07-25 15:05:47 INFO  ExcelOperation - Write to excel with : Row=3 | Cell =3 | Data =Fail
2022-07-25 15:08:51 INFO  Utils - [TestNG] Running:
  C:\Users\Swarali Narvekar\eclipse-workspace\MasterFramework-master\MasterFramework-master\MasterFramework\testng.xml

2022-07-25 15:08:51 INFO  SetUp - Test Case_VerifyCRMLogin_Successfully Started
2022-07-25 15:08:52 INFO  SetUp - Test Case_VerifyCRMLogin_get Skipped as its Runmode is 'NO' 
2022-07-25 15:08:52 INFO  SetUp - Test Case_NTBBankassuranceJordan_Successfully Started
2022-07-25 15:08:52 INFO  SetUp - Test Case_NTBBankassuranceJordan_get Skipped as its Runmode is 'NO' 
2022-07-25 15:08:52 INFO  SetUp - Test Case_NTBDeposits_Successfully Started
2022-07-25 15:08:53 INFO  SetUp - Browser = Chrome
2022-07-25 15:08:53 INFO  WebDriverManager - Using chromedriver 103.0.5060.134 (resolved driver for Chrome 103)
2022-07-25 15:08:53 INFO  WebDriverManager - Exporting webdriver.chrome.driver as C:\Users\Swarali Narvekar\.cache\selenium\chromedriver\win32\103.0.5060.134\chromedriver.exe
2022-07-25 15:08:56 INFO  SetUp - Chrome Browser Launched..
2022-07-25 15:08:59 INFO  SetUp - URL : https://arabretail.crmnext.com/g7/app/login/login
2022-07-25 15:09:00 INFO  ScreenShot - ScreenShot captured LoginPage || Status :Pass
2022-07-25 15:09:01 INFO  CommonMethods - Data Sucessfully entered on User Name = BM
2022-07-25 15:09:03 INFO  CommonMethods - Data Sucessfully entered on Password = acid_qa
2022-07-25 15:10:10 INFO  CommonMethods - E-Fixed : Data Sucessfully Selected from dropdown 
2022-07-25 15:10:12 INFO  CommonMethods - Data Sucessfully entered on  = 90911193
2022-07-25 15:10:13 INFO  CommonMethods - Data Sucessfully entered on  = 223
2022-07-25 15:10:15 INFO  CommonMethods - MRS. : Data Sucessfully Selected from dropdown 
2022-07-25 15:10:16 INFO  CommonMethods - Data Sucessfully entered on Full Name = Iga
2022-07-25 15:10:18 INFO  CommonMethods - Hot : Data Sucessfully Selected from dropdown 
2022-07-25 15:10:19 INFO  CommonMethods - Social Media : Data Sucessfully Selected from dropdown 
2022-07-25 15:10:21 INFO  CommonMethods - Data Sucessfully entered on  = 450
2022-07-25 15:10:22 INFO  CommonMethods - Data Sucessfully entered on  = 3
2022-07-25 15:10:24 INFO  CommonMethods - Data Sucessfully entered on  = Loving Automation
2022-07-25 15:10:26 INFO  CommonMethods - Data Sucessfully entered on Please post your comments here = Learning Experience
2022-07-25 15:10:28 INFO  CommonMethods - Data Sucessfully entered on  = Ajloun
2022-07-25 15:10:30 INFO  CommonMethods - Data Sucessfully entered on  = Ajloun
2022-07-25 15:10:32 INFO  CommonMethods - Data Sucessfully entered on  = Ajloun
2022-07-25 15:11:35 INFO  CommonMethods - Data Sucessfully entered on DD/MM/YYYY = 26/07/2022
2022-07-25 15:11:40 INFO  CommonMethods - Data Sucessfully entered on __:__ __ = 11:11 AM
2022-07-25 15:11:58 INFO  CommonMethods - Data Sucessfully entered on  = 1234567895
2022-07-25 15:12:21 INFO  CommonMethods - Data Sucessfully entered on  = 123456
2022-07-25 15:12:35 INFO  SetUp - Test Case_NTBDeposits_Successfully Passed
2022-07-25 15:12:35 INFO  CommonMethods - Row num for TestScenario = NTBDeposits is = 3
2022-07-25 15:12:36 INFO  ExcelOperation - Write to excel with : Row=3 | Cell =3 | Data =Pass
2022-07-25 15:21:32 INFO  Utils - [TestNG] Running:
  C:\Users\Swarali Narvekar\eclipse-workspace\MasterFramework-master\MasterFramework-master\MasterFramework\testng.xml

2022-07-25 15:21:33 INFO  SetUp - Test Case_VerifyCRMLogin_Successfully Started
2022-07-25 15:21:34 INFO  SetUp - Test Case_VerifyCRMLogin_get Skipped as its Runmode is 'NO' 
2022-07-25 15:21:34 INFO  SetUp - Test Case_NTBBankassuranceJordan_Successfully Started
2022-07-25 15:21:34 INFO  SetUp - Test Case_NTBBankassuranceJordan_get Skipped as its Runmode is 'NO' 
2022-07-25 15:21:34 INFO  SetUp - Test Case_NTBDeposits_Successfully Started
2022-07-25 15:21:35 INFO  SetUp - Browser = Chrome
2022-07-25 15:21:35 INFO  WebDriverManager - Using chromedriver 103.0.5060.134 (resolved driver for Chrome 103)
2022-07-25 15:21:35 INFO  WebDriverManager - Exporting webdriver.chrome.driver as C:\Users\Swarali Narvekar\.cache\selenium\chromedriver\win32\103.0.5060.134\chromedriver.exe
2022-07-25 15:21:38 INFO  SetUp - Chrome Browser Launched..
2022-07-25 15:21:43 INFO  SetUp - URL : https://arabretail.crmnext.com/g7/app/login/login
2022-07-25 15:21:43 INFO  ScreenShot - ScreenShot captured LoginPage || Status :Pass
2022-07-25 15:21:45 INFO  CommonMethods - Data Sucessfully entered on User Name = BM
2022-07-25 15:21:46 INFO  CommonMethods - Data Sucessfully entered on Password = acid_qa
2022-07-25 15:22:27 INFO  CommonMethods - E-Fixed : Data Sucessfully Selected from dropdown 
2022-07-25 15:22:29 INFO  CommonMethods - Data Sucessfully entered on  = 91911193
2022-07-25 15:22:31 INFO  CommonMethods - Data Sucessfully entered on  = 223
2022-07-25 15:22:32 INFO  CommonMethods - MRS. : Data Sucessfully Selected from dropdown 
2022-07-25 15:22:34 INFO  CommonMethods - Data Sucessfully entered on Full Name = Iga
2022-07-25 15:22:35 INFO  CommonMethods - Hot : Data Sucessfully Selected from dropdown 
2022-07-25 15:22:37 INFO  CommonMethods - Social Media : Data Sucessfully Selected from dropdown 
2022-07-25 15:22:38 INFO  CommonMethods - Data Sucessfully entered on  = 450
2022-07-25 15:22:40 INFO  CommonMethods - Data Sucessfully entered on  = 3
2022-07-25 15:22:42 INFO  CommonMethods - Data Sucessfully entered on  = Loving Automation
2022-07-25 15:22:44 INFO  CommonMethods - Data Sucessfully entered on Please post your comments here = Learning Experience
2022-07-25 15:22:45 INFO  CommonMethods - Data Sucessfully entered on  = Ajloun
2022-07-25 15:22:47 INFO  CommonMethods - Data Sucessfully entered on  = Ajloun
2022-07-25 15:22:49 INFO  CommonMethods - Data Sucessfully entered on  = Ajloun
2022-07-25 15:23:14 INFO  CommonMethods - Data Sucessfully entered on DD/MM/YYYY = 26/07/2022
2022-07-25 15:23:19 INFO  CommonMethods - Data Sucessfully entered on __:__ __ = 11:11 AM
2022-07-25 15:23:37 INFO  CommonMethods - Data Sucessfully entered on  = 1234567895
2022-07-25 15:24:00 INFO  CommonMethods - Data Sucessfully entered on  = 123456
2022-07-25 15:24:26 INFO  SetUp - Test Case_NTBDeposits_Successfully Passed
2022-07-25 15:24:26 INFO  CommonMethods - Row num for TestScenario = NTBDeposits is = 3
2022-07-25 15:24:27 INFO  ExcelOperation - Write to excel with : Row=3 | Cell =3 | Data =Pass
2022-07-25 15:37:04 INFO  Utils - [TestNG] Running:
  C:\Users\Swarali Narvekar\eclipse-workspace\MasterFramework-master\MasterFramework-master\MasterFramework\testng.xml

2022-07-25 15:37:04 INFO  SetUp - Test Case_VerifyCRMLogin_Successfully Started
2022-07-25 15:37:06 INFO  SetUp - Test Case_VerifyCRMLogin_get Skipped as its Runmode is 'NO' 
2022-07-25 15:37:06 INFO  SetUp - Test Case_NTBBankassuranceJordan_Successfully Started
2022-07-25 15:37:06 INFO  SetUp - Browser = Chrome
2022-07-25 15:37:07 INFO  WebDriverManager - Using chromedriver 103.0.5060.134 (resolved driver for Chrome 103)
2022-07-25 15:37:07 INFO  WebDriverManager - Exporting webdriver.chrome.driver as C:\Users\Swarali Narvekar\.cache\selenium\chromedriver\win32\103.0.5060.134\chromedriver.exe
2022-07-25 15:37:14 INFO  SetUp - Chrome Browser Launched..
2022-07-25 15:37:17 INFO  SetUp - URL : https://arabretail.crmnext.com/g7/app/login/login
2022-07-25 15:37:18 INFO  ScreenShot - ScreenShot captured LoginPage || Status :Pass
2022-07-25 15:37:19 INFO  CommonMethods - Data Sucessfully entered on User Name = BM
2022-07-25 15:37:21 INFO  CommonMethods - Data Sucessfully entered on Password = acid_qa
2022-07-25 15:38:39 INFO  CommonMethods - Arabi Protect - Critical Illness 12 Diseases : Data Sucessfully Selected from dropdown 
2022-07-25 15:38:41 INFO  CommonMethods - Data Sucessfully entered on  = 90006633
2022-07-25 15:38:43 INFO  CommonMethods - Data Sucessfully entered on  = 123
2022-07-25 15:38:44 INFO  CommonMethods - MRS. : Data Sucessfully Selected from dropdown 
2022-07-25 15:38:46 INFO  CommonMethods - Data Sucessfully entered on Full Name = Iga
2022-07-25 15:38:47 INFO  CommonMethods - Hot : Data Sucessfully Selected from dropdown 
2022-07-25 15:38:48 INFO  CommonMethods - Social Media : Data Sucessfully Selected from dropdown 
2022-07-25 15:38:50 INFO  CommonMethods - Data Sucessfully entered on  = 450
2022-07-25 15:38:52 INFO  CommonMethods - Data Sucessfully entered on  = 789
2022-07-25 15:38:53 INFO  CommonMethods - Data Sucessfully entered on  = Loving Automation
2022-07-25 15:38:55 INFO  CommonMethods - Data Sucessfully entered on  = Ajloun
2022-07-25 15:38:57 INFO  CommonMethods - Data Sucessfully entered on  = Ajloun
2022-07-25 15:38:59 INFO  CommonMethods - Data Sucessfully entered on  = Ajloun
2022-07-25 15:39:34 INFO  SetUp - Test Case_NTBBankassuranceJordan_Successfully Passed
2022-07-25 15:39:34 INFO  CommonMethods - Row num for TestScenario = NTBBankassuranceJordan is = 2
2022-07-25 15:39:35 INFO  ExcelOperation - Write to excel with : Row=2 | Cell =3 | Data =Pass
2022-07-25 15:39:35 INFO  SetUp - Test Case_NTBDeposits_Successfully Started
2022-07-25 15:39:35 INFO  SetUp - Test Case_NTBDeposits_get Skipped as its Runmode is 'NO' 
2022-07-25 15:51:16 INFO  Utils - [TestNG] Running:
  C:\Users\Swarali Narvekar\eclipse-workspace\MasterFramework-master\MasterFramework-master\MasterFramework\testng.xml

2022-07-25 15:51:17 INFO  SetUp - Test Case_VerifyCRMLogin_Successfully Started
2022-07-25 15:51:18 INFO  SetUp - Test Case_VerifyCRMLogin_get Skipped as its Runmode is 'NO' 
2022-07-25 15:51:18 INFO  SetUp - Test Case_NTBBankassuranceJordan_Successfully Started
2022-07-25 15:51:18 INFO  SetUp - Browser = Chrome
2022-07-25 15:51:19 INFO  WebDriverManager - Using chromedriver 103.0.5060.134 (resolved driver for Chrome 103)
2022-07-25 15:51:19 INFO  WebDriverManager - Exporting webdriver.chrome.driver as C:\Users\Swarali Narvekar\.cache\selenium\chromedriver\win32\103.0.5060.134\chromedriver.exe
2022-07-25 15:51:23 INFO  SetUp - Chrome Browser Launched..
2022-07-25 15:51:27 INFO  SetUp - URL : https://arabretail.crmnext.com/g7/app/login/login
2022-07-25 15:51:27 INFO  ScreenShot - ScreenShot captured LoginPage || Status :Pass
2022-07-25 15:51:29 INFO  CommonMethods - Data Sucessfully entered on User Name = BM
2022-07-25 15:51:31 INFO  CommonMethods - Data Sucessfully entered on Password = acid_qa
2022-07-25 15:52:09 INFO  CommonMethods - Arabi Protect - Critical Illness 12 Diseases : Data Sucessfully Selected from dropdown 
2022-07-25 15:52:10 INFO  CommonMethods - Data Sucessfully entered on  = 9331633
2022-07-25 15:52:12 INFO  CommonMethods - Data Sucessfully entered on  = 123
2022-07-25 15:52:13 INFO  CommonMethods - MRS. : Data Sucessfully Selected from dropdown 
2022-07-25 15:52:15 INFO  CommonMethods - Data Sucessfully entered on Full Name = Iga
2022-07-25 15:52:16 INFO  CommonMethods - Hot : Data Sucessfully Selected from dropdown 
2022-07-25 15:52:18 INFO  CommonMethods - Social Media : Data Sucessfully Selected from dropdown 
2022-07-25 15:52:19 INFO  CommonMethods - Data Sucessfully entered on  = 450
2022-07-25 15:52:21 INFO  CommonMethods - Data Sucessfully entered on  = 789
2022-07-25 15:52:23 INFO  CommonMethods - Data Sucessfully entered on  = Loving Automation
2022-07-25 15:52:24 INFO  CommonMethods - Data Sucessfully entered on  = Ajloun
2022-07-25 15:52:27 INFO  CommonMethods - Data Sucessfully entered on  = Ajloun
2022-07-25 15:52:30 INFO  CommonMethods - Data Sucessfully entered on  = Ajloun
2022-07-25 15:52:59 ERROR CommonMethods - Data Not Sucessfully entered on null due to :invalid element state
  (Session info: chrome=103.0.5060.134)
Build info: version: '4.1.0', revision: '87802e897b'
System info: host: 'SWARALIN', ip: '192.168.1.16', os.name: 'Windows 11', os.arch: 'amd64', os.version: '10.0', java.version: '17.0.3'
Driver info: org.openqa.selenium.chrome.ChromeDriver
Command: [4b16eda317bb77c8f7d77d6a84828b24, clearElement {id=51b30bb4-5fd0-4789-8fef-ecc1befba2bc}]
Capabilities {acceptInsecureCerts: true, browserName: chrome, browserVersion: 103.0.5060.134, chrome: {chromedriverVersion: 103.0.5060.134 (8ec6fce403b..., userDataDir: C:\Users\SWARAL~1\AppData\L...}, goog:chromeOptions: {debuggerAddress: localhost:53908}, javascriptEnabled: true, networkConnectionEnabled: false, pageLoadStrategy: normal, platform: WINDOWS, platformName: WINDOWS, proxy: Proxy(), se:cdp: ws://localhost:53908/devtoo..., se:cdpVersion: 103.0.5060.134, setWindowRect: true, strictFileInteractability: false, timeouts: {implicit: 0, pageLoad: 300000, script: 30000}, unhandledPromptBehavior: dismiss and notify, webauthn:extension:credBlob: true, webauthn:extension:largeBlob: true, webauthn:virtualAuthenticators: true}
Element: [[ChromeDriver: chrome on WINDOWS (4b16eda317bb77c8f7d77d6a84828b24)] -> xpath: //select[@data-autoid='QueryViewId_ctrl']]
Session ID: 4b16eda317bb77c8f7d77d6a84828b24
2022-07-25 15:53:01 INFO  SetUp - Test Case_NTBBankassuranceJordan_Successfully Passed
2022-07-25 15:53:01 INFO  CommonMethods - Row num for TestScenario = NTBBankassuranceJordan is = 2
2022-07-25 15:53:02 INFO  ExcelOperation - Write to excel with : Row=2 | Cell =3 | Data =Pass
2022-07-25 15:53:02 INFO  SetUp - Test Case_NTBDeposits_Successfully Started
2022-07-25 15:53:02 INFO  SetUp - Test Case_NTBDeposits_get Skipped as its Runmode is 'NO' 
2022-07-25 15:55:50 INFO  Utils - [TestNG] Running:
  C:\Users\Swarali Narvekar\eclipse-workspace\MasterFramework-master\MasterFramework-master\MasterFramework\testng.xml

2022-07-25 15:55:50 INFO  SetUp - Test Case_VerifyCRMLogin_Successfully Started
2022-07-25 15:55:51 INFO  SetUp - Test Case_VerifyCRMLogin_get Skipped as its Runmode is 'NO' 
2022-07-25 15:55:52 INFO  SetUp - Test Case_NTBBankassuranceJordan_Successfully Started
2022-07-25 15:55:52 INFO  SetUp - Browser = Chrome
2022-07-25 15:55:53 INFO  WebDriverManager - Using chromedriver 103.0.5060.134 (resolved driver for Chrome 103)
2022-07-25 15:55:53 INFO  WebDriverManager - Exporting webdriver.chrome.driver as C:\Users\Swarali Narvekar\.cache\selenium\chromedriver\win32\103.0.5060.134\chromedriver.exe
2022-07-25 15:55:58 INFO  SetUp - Chrome Browser Launched..
2022-07-25 15:56:01 INFO  SetUp - URL : https://arabretail.crmnext.com/g7/app/login/login
2022-07-25 15:56:02 INFO  ScreenShot - ScreenShot captured LoginPage || Status :Pass
2022-07-25 15:56:04 INFO  CommonMethods - Data Sucessfully entered on User Name = BM
2022-07-25 15:56:05 INFO  CommonMethods - Data Sucessfully entered on Password = acid_qa
2022-07-25 15:56:39 INFO  CommonMethods - Arabi Protect - Critical Illness 12 Diseases : Data Sucessfully Selected from dropdown 
2022-07-25 15:56:41 INFO  CommonMethods - Data Sucessfully entered on  = 933231633
2022-07-25 15:56:43 INFO  CommonMethods - Data Sucessfully entered on  = 123
2022-07-25 15:56:44 INFO  CommonMethods - MRS. : Data Sucessfully Selected from dropdown 
2022-07-25 15:56:46 INFO  CommonMethods - Data Sucessfully entered on Full Name = Iga
2022-07-25 15:56:47 INFO  CommonMethods - Hot : Data Sucessfully Selected from dropdown 
2022-07-25 15:56:49 INFO  CommonMethods - Social Media : Data Sucessfully Selected from dropdown 
2022-07-25 15:56:50 INFO  CommonMethods - Data Sucessfully entered on  = 450
2022-07-25 15:56:52 INFO  CommonMethods - Data Sucessfully entered on  = 789
2022-07-25 15:56:54 INFO  CommonMethods - Data Sucessfully entered on  = Loving Automation
2022-07-25 15:56:55 INFO  CommonMethods - Data Sucessfully entered on  = Ajloun
2022-07-25 15:56:57 INFO  CommonMethods - Data Sucessfully entered on  = Ajloun
2022-07-25 15:57:00 INFO  CommonMethods - Data Sucessfully entered on  = Ajloun
2022-07-25 15:57:21 INFO  SetUp - Test Case_NTBBankassuranceJordan_Successfully Passed
2022-07-25 15:57:22 INFO  CommonMethods - Row num for TestScenario = NTBBankassuranceJordan is = 2
2022-07-25 15:57:23 INFO  ExcelOperation - Write to excel with : Row=2 | Cell =3 | Data =Pass
2022-07-25 15:57:23 INFO  SetUp - Test Case_NTBDeposits_Successfully Started
2022-07-25 15:57:23 INFO  SetUp - Browser = Chrome
2022-07-25 15:57:23 INFO  WebDriverManager - Using chromedriver 103.0.5060.134 (resolved driver for Chrome 103)
2022-07-25 15:57:23 INFO  WebDriverManager - Exporting webdriver.chrome.driver as C:\Users\Swarali Narvekar\.cache\selenium\chromedriver\win32\103.0.5060.134\chromedriver.exe
2022-07-25 15:57:29 INFO  SetUp - Chrome Browser Launched..
2022-07-25 15:57:33 INFO  SetUp - URL : https://arabretail.crmnext.com/g7/app/login/login
2022-07-25 15:57:35 INFO  ScreenShot - ScreenShot captured LoginPage || Status :Pass
2022-07-25 15:57:36 INFO  CommonMethods - Data Sucessfully entered on User Name = BM
2022-07-25 15:57:38 INFO  CommonMethods - Data Sucessfully entered on Password = acid_qa
2022-07-25 15:58:13 INFO  CommonMethods - E-Fixed : Data Sucessfully Selected from dropdown 
2022-07-25 15:58:15 INFO  CommonMethods - Data Sucessfully entered on  = 91923193
2022-07-25 15:58:16 INFO  CommonMethods - Data Sucessfully entered on  = 223
2022-07-25 15:58:18 INFO  CommonMethods - MRS. : Data Sucessfully Selected from dropdown 
2022-07-25 15:58:19 INFO  CommonMethods - Data Sucessfully entered on Full Name = Iga
2022-07-25 15:58:21 INFO  CommonMethods - Hot : Data Sucessfully Selected from dropdown 
2022-07-25 15:58:22 INFO  CommonMethods - Social Media : Data Sucessfully Selected from dropdown 
2022-07-25 15:58:24 INFO  CommonMethods - Data Sucessfully entered on  = 450
2022-07-25 15:58:26 INFO  CommonMethods - Data Sucessfully entered on  = 3
2022-07-25 15:58:27 INFO  CommonMethods - Data Sucessfully entered on  = Loving Automation
2022-07-25 15:58:29 INFO  CommonMethods - Data Sucessfully entered on Please post your comments here = Learning Experience
2022-07-25 15:58:31 INFO  CommonMethods - Data Sucessfully entered on  = Ajloun
2022-07-25 15:58:33 INFO  CommonMethods - Data Sucessfully entered on  = Ajloun
2022-07-25 15:58:35 INFO  CommonMethods - Data Sucessfully entered on  = Ajloun
2022-07-25 15:58:57 INFO  CommonMethods - Data Sucessfully entered on DD/MM/YYYY = 26/07/2022
2022-07-25 15:59:02 INFO  CommonMethods - Data Sucessfully entered on __:__ __ = 11:11 AM
2022-07-25 15:59:22 INFO  CommonMethods - Data Sucessfully entered on  = 1234567895
2022-07-25 15:59:44 INFO  CommonMethods - Data Sucessfully entered on  = 123456
2022-07-25 16:00:23 INFO  SetUp - Test Case_NTBDeposits_Successfully Passed
2022-07-25 16:00:23 INFO  CommonMethods - Row num for TestScenario = NTBDeposits is = 3
2022-07-25 16:00:24 INFO  ExcelOperation - Write to excel with : Row=3 | Cell =3 | Data =Pass
